{"/Users/suwei/dev/laksa/packages/laksa/index.js": {"path":"/Users/suwei/dev/laksa/packages/laksa/index.js","statementMap":{"0":{"start":{"line":3,"column":0},"end":{"line":3,"column":104}}},"fnMap":{},"branchMap":{"0":{"loc":{"start":{"line":3,"column":17},"end":{"line":3,"column":103}},"type":"cond-expr","locations":[{"start":{"line":3,"column":49},"end":{"line":3,"column":75}},{"start":{"line":3,"column":78},"end":{"line":3,"column":103}}],"line":3}},"s":{"0":0},"f":{},"b":{"0":[0,0]}}
,"/Users/suwei/dev/laksa/packages/laksa-core/index.js": {"path":"/Users/suwei/dev/laksa/packages/laksa-core/index.js","statementMap":{"0":{"start":{"line":3,"column":0},"end":{"line":3,"column":104}}},"fnMap":{},"branchMap":{"0":{"loc":{"start":{"line":3,"column":17},"end":{"line":3,"column":103}},"type":"cond-expr","locations":[{"start":{"line":3,"column":49},"end":{"line":3,"column":75}},{"start":{"line":3,"column":78},"end":{"line":3,"column":103}}],"line":3}},"s":{"0":0},"f":{},"b":{"0":[0,0]}}
,"/Users/suwei/dev/laksa/packages/laksa-core-crypto/index.js": {"path":"/Users/suwei/dev/laksa/packages/laksa-core-crypto/index.js","statementMap":{"0":{"start":{"line":3,"column":0},"end":{"line":3,"column":104}}},"fnMap":{},"branchMap":{"0":{"loc":{"start":{"line":3,"column":17},"end":{"line":3,"column":103}},"type":"cond-expr","locations":[{"start":{"line":3,"column":49},"end":{"line":3,"column":75}},{"start":{"line":3,"column":78},"end":{"line":3,"column":103}}],"line":3}},"s":{"0":0},"f":{},"b":{"0":[0,0]}}
,"/Users/suwei/dev/laksa/packages/laksa-core-crypto/lib/index.js": {"path":"/Users/suwei/dev/laksa/packages/laksa-core-crypto/lib/index.js","statementMap":{"0":{"start":{"line":3,"column":29},"end":{"line":3,"column":84}},"1":{"start":{"line":5,"column":15},"end":{"line":5,"column":79}},"2":{"start":{"line":7,"column":0},"end":{"line":9,"column":3}},"3":{"start":{"line":12,"column":2},"end":{"line":12,"column":94}},"4":{"start":{"line":15,"column":0},"end":{"line":15,"column":42}},"5":{"start":{"line":17,"column":22},"end":{"line":17,"column":87}},"6":{"start":{"line":19,"column":22},"end":{"line":19,"column":87}},"7":{"start":{"line":21,"column":13},"end":{"line":21,"column":47}},"8":{"start":{"line":23,"column":15},"end":{"line":23,"column":51}},"9":{"start":{"line":25,"column":9},"end":{"line":25,"column":42}},"10":{"start":{"line":27,"column":16},"end":{"line":27,"column":78}},"11":{"start":{"line":29,"column":13},"end":{"line":29,"column":48}},"12":{"start":{"line":31,"column":11},"end":{"line":31,"column":48}},"13":{"start":{"line":33,"column":0},"end":{"line":33,"column":48}},"14":{"start":{"line":35,"column":18},"end":{"line":35,"column":57}},"15":{"start":{"line":37,"column":19},"end":{"line":37,"column":43}},"16":{"start":{"line":38,"column":12},"end":{"line":38,"column":30}},"17":{"start":{"line":45,"column":35},"end":{"line":45,"column":37}},"18":{"start":{"line":47,"column":14},"end":{"line":162,"column":1}},"19":{"start":{"line":48,"column":14},"end":{"line":48,"column":18}},"20":{"start":{"line":50,"column":2},"end":{"line":50,"column":33}},"21":{"start":{"line":52,"column":2},"end":{"line":62,"column":5}},"22":{"start":{"line":53,"column":17},"end":{"line":53,"column":32}},"23":{"start":{"line":54,"column":22},"end":{"line":54,"column":71}},"24":{"start":{"line":56,"column":12},"end":{"line":56,"column":43}},"25":{"start":{"line":57,"column":12},"end":{"line":57,"column":43}},"26":{"start":{"line":58,"column":4},"end":{"line":58,"column":17}},"27":{"start":{"line":59,"column":4},"end":{"line":59,"column":23}},"28":{"start":{"line":60,"column":4},"end":{"line":60,"column":20}},"29":{"start":{"line":61,"column":4},"end":{"line":61,"column":54}},"30":{"start":{"line":64,"column":2},"end":{"line":92,"column":5}},"31":{"start":{"line":65,"column":4},"end":{"line":65,"column":58}},"32":{"start":{"line":65,"column":22},"end":{"line":65,"column":58}},"33":{"start":{"line":66,"column":4},"end":{"line":66,"column":62}},"34":{"start":{"line":66,"column":26},"end":{"line":66,"column":62}},"35":{"start":{"line":68,"column":4},"end":{"line":68,"column":32}},"36":{"start":{"line":68,"column":20},"end":{"line":68,"column":32}},"37":{"start":{"line":70,"column":4},"end":{"line":70,"column":36}},"38":{"start":{"line":70,"column":24},"end":{"line":70,"column":36}},"39":{"start":{"line":72,"column":12},"end":{"line":72,"column":26}},"40":{"start":{"line":74,"column":22},"end":{"line":74,"column":50}},"41":{"start":{"line":76,"column":12},"end":{"line":76,"column":48}},"42":{"start":{"line":78,"column":12},"end":{"line":78,"column":21}},"43":{"start":{"line":79,"column":4},"end":{"line":79,"column":32}},"44":{"start":{"line":79,"column":20},"end":{"line":79,"column":32}},"45":{"start":{"line":80,"column":4},"end":{"line":80,"column":35}},"46":{"start":{"line":80,"column":23},"end":{"line":80,"column":35}},"47":{"start":{"line":83,"column":12},"end":{"line":83,"column":23}},"48":{"start":{"line":85,"column":4},"end":{"line":85,"column":18}},"49":{"start":{"line":86,"column":4},"end":{"line":86,"column":24}},"50":{"start":{"line":87,"column":4},"end":{"line":87,"column":32}},"51":{"start":{"line":87,"column":20},"end":{"line":87,"column":32}},"52":{"start":{"line":88,"column":4},"end":{"line":91,"column":7}},"53":{"start":{"line":94,"column":2},"end":{"line":110,"column":5}},"54":{"start":{"line":95,"column":14},"end":{"line":95,"column":25}},"55":{"start":{"line":97,"column":15},"end":{"line":97,"column":48}},"56":{"start":{"line":99,"column":14},"end":{"line":99,"column":34}},"57":{"start":{"line":101,"column":4},"end":{"line":101,"column":51}},"58":{"start":{"line":101,"column":18},"end":{"line":101,"column":51}},"59":{"start":{"line":104,"column":4},"end":{"line":107,"column":5}},"60":{"start":{"line":105,"column":14},"end":{"line":105,"column":40}},"61":{"start":{"line":106,"column":6},"end":{"line":106,"column":51}},"62":{"start":{"line":109,"column":4},"end":{"line":109,"column":15}},"63":{"start":{"line":112,"column":2},"end":{"line":127,"column":5}},"64":{"start":{"line":113,"column":14},"end":{"line":113,"column":38}},"65":{"start":{"line":114,"column":4},"end":{"line":114,"column":64}},"66":{"start":{"line":114,"column":28},"end":{"line":114,"column":64}},"67":{"start":{"line":115,"column":4},"end":{"line":115,"column":63}},"68":{"start":{"line":115,"column":27},"end":{"line":115,"column":63}},"69":{"start":{"line":116,"column":15},"end":{"line":116,"column":37}},"70":{"start":{"line":117,"column":12},"end":{"line":117,"column":27}},"71":{"start":{"line":118,"column":12},"end":{"line":118,"column":30}},"72":{"start":{"line":119,"column":12},"end":{"line":119,"column":20}},"73":{"start":{"line":120,"column":22},"end":{"line":120,"column":50}},"74":{"start":{"line":122,"column":13},"end":{"line":122,"column":46}},"75":{"start":{"line":124,"column":4},"end":{"line":124,"column":58}},"76":{"start":{"line":124,"column":25},"end":{"line":124,"column":58}},"77":{"start":{"line":125,"column":4},"end":{"line":125,"column":54}},"78":{"start":{"line":125,"column":21},"end":{"line":125,"column":54}},"79":{"start":{"line":126,"column":4},"end":{"line":126,"column":24}},"80":{"start":{"line":129,"column":2},"end":{"line":129,"column":73}},"81":{"start":{"line":131,"column":2},"end":{"line":148,"column":5}},"82":{"start":{"line":132,"column":15},"end":{"line":132,"column":37}},"83":{"start":{"line":133,"column":4},"end":{"line":133,"column":17}},"84":{"start":{"line":135,"column":4},"end":{"line":138,"column":5}},"85":{"start":{"line":136,"column":6},"end":{"line":136,"column":33}},"86":{"start":{"line":137,"column":6},"end":{"line":137,"column":25}},"87":{"start":{"line":140,"column":4},"end":{"line":140,"column":29}},"88":{"start":{"line":142,"column":4},"end":{"line":147,"column":7}},"89":{"start":{"line":150,"column":2},"end":{"line":161,"column":5}},"90":{"start":{"line":151,"column":15},"end":{"line":151,"column":45}},"91":{"start":{"line":153,"column":14},"end":{"line":153,"column":34}},"92":{"start":{"line":154,"column":12},"end":{"line":154,"column":38}},"93":{"start":{"line":156,"column":4},"end":{"line":158,"column":5}},"94":{"start":{"line":157,"column":6},"end":{"line":157,"column":37}},"95":{"start":{"line":160,"column":4},"end":{"line":160,"column":61}},"96":{"start":{"line":164,"column":16},"end":{"line":164,"column":18}},"97":{"start":{"line":166,"column":16},"end":{"line":166,"column":40}},"98":{"start":{"line":167,"column":14},"end":{"line":167,"column":27}},"99":{"start":{"line":175,"column":21},"end":{"line":194,"column":1}},"100":{"start":{"line":176,"column":12},"end":{"line":176,"column":14}},"101":{"start":{"line":177,"column":15},"end":{"line":177,"column":31}},"102":{"start":{"line":178,"column":15},"end":{"line":178,"column":17}},"103":{"start":{"line":181,"column":2},"end":{"line":183,"column":3}},"104":{"start":{"line":182,"column":4},"end":{"line":182,"column":37}},"105":{"start":{"line":185,"column":2},"end":{"line":187,"column":3}},"106":{"start":{"line":186,"column":4},"end":{"line":186,"column":18}},"107":{"start":{"line":189,"column":2},"end":{"line":191,"column":3}},"108":{"start":{"line":190,"column":4},"end":{"line":190,"column":24}},"109":{"start":{"line":193,"column":2},"end":{"line":193,"column":13}},"110":{"start":{"line":202,"column":25},"end":{"line":214,"column":1}},"111":{"start":{"line":203,"column":13},"end":{"line":203,"column":15}},"112":{"start":{"line":204,"column":13},"end":{"line":204,"column":35}},"113":{"start":{"line":206,"column":2},"end":{"line":211,"column":3}},"114":{"start":{"line":208,"column":15},"end":{"line":208,"column":22}},"115":{"start":{"line":209,"column":17},"end":{"line":209,"column":57}},"116":{"start":{"line":210,"column":4},"end":{"line":210,"column":19}},"117":{"start":{"line":213,"column":2},"end":{"line":213,"column":14}},"118":{"start":{"line":226,"column":31},"end":{"line":230,"column":1}},"119":{"start":{"line":227,"column":16},"end":{"line":227,"column":59}},"120":{"start":{"line":228,"column":12},"end":{"line":228,"column":42}},"121":{"start":{"line":229,"column":2},"end":{"line":229,"column":68}},"122":{"start":{"line":242,"column":30},"end":{"line":245,"column":1}},"123":{"start":{"line":243,"column":16},"end":{"line":243,"column":59}},"124":{"start":{"line":244,"column":2},"end":{"line":244,"column":40}},"125":{"start":{"line":255,"column":24},"end":{"line":257,"column":1}},"126":{"start":{"line":256,"column":2},"end":{"line":256,"column":74}},"127":{"start":{"line":268,"column":30},"end":{"line":270,"column":1}},"128":{"start":{"line":269,"column":2},"end":{"line":269,"column":71}},"129":{"start":{"line":279,"column":23},"end":{"line":286,"column":1}},"130":{"start":{"line":280,"column":16},"end":{"line":280,"column":59}},"131":{"start":{"line":282,"column":26},"end":{"line":282,"column":44}},"132":{"start":{"line":283,"column":15},"end":{"line":283,"column":39}},"133":{"start":{"line":285,"column":2},"end":{"line":285,"column":16}},"134":{"start":{"line":295,"column":24},"end":{"line":304,"column":1}},"135":{"start":{"line":296,"column":16},"end":{"line":296,"column":53}},"136":{"start":{"line":297,"column":16},"end":{"line":297,"column":53}},"137":{"start":{"line":298,"column":16},"end":{"line":302,"column":11}},"138":{"start":{"line":303,"column":2},"end":{"line":303,"column":37}},"139":{"start":{"line":316,"column":28},"end":{"line":345,"column":1}},"140":{"start":{"line":317,"column":15},"end":{"line":317,"column":50}},"141":{"start":{"line":318,"column":12},"end":{"line":328,"column":3}},"142":{"start":{"line":329,"column":18},"end":{"line":329,"column":40}},"143":{"start":{"line":331,"column":12},"end":{"line":331,"column":95}},"144":{"start":{"line":332,"column":10},"end":{"line":332,"column":31}},"145":{"start":{"line":333,"column":10},"end":{"line":333,"column":31}},"146":{"start":{"line":335,"column":2},"end":{"line":337,"column":3}},"147":{"start":{"line":336,"column":4},"end":{"line":336,"column":22}},"148":{"start":{"line":339,"column":2},"end":{"line":341,"column":3}},"149":{"start":{"line":340,"column":4},"end":{"line":340,"column":22}},"150":{"start":{"line":343,"column":2},"end":{"line":343,"column":24}},"151":{"start":{"line":344,"column":2},"end":{"line":344,"column":13}},"152":{"start":{"line":347,"column":0},"end":{"line":347,"column":48}},"153":{"start":{"line":348,"column":0},"end":{"line":348,"column":60}},"154":{"start":{"line":349,"column":0},"end":{"line":349,"column":58}},"155":{"start":{"line":350,"column":0},"end":{"line":350,"column":46}},"156":{"start":{"line":351,"column":0},"end":{"line":351,"column":58}},"157":{"start":{"line":352,"column":0},"end":{"line":352,"column":44}},"158":{"start":{"line":353,"column":0},"end":{"line":353,"column":46}},"159":{"start":{"line":354,"column":0},"end":{"line":354,"column":54}}},"fnMap":{"0":{"name":"_interopDefault","decl":{"start":{"line":11,"column":9},"end":{"line":11,"column":24}},"loc":{"start":{"line":11,"column":29},"end":{"line":13,"column":1}},"line":11},"1":{"name":"Schnorr","decl":{"start":{"line":47,"column":23},"end":{"line":47,"column":30}},"loc":{"start":{"line":47,"column":33},"end":{"line":162,"column":1}},"line":47},"2":{"name":"(anonymous_2)","decl":{"start":{"line":52,"column":32},"end":{"line":52,"column":33}},"loc":{"start":{"line":52,"column":58},"end":{"line":62,"column":3}},"line":52},"3":{"name":"(anonymous_3)","decl":{"start":{"line":64,"column":35},"end":{"line":64,"column":36}},"loc":{"start":{"line":64,"column":70},"end":{"line":92,"column":3}},"line":64},"4":{"name":"(anonymous_4)","decl":{"start":{"line":94,"column":32},"end":{"line":94,"column":33}},"loc":{"start":{"line":94,"column":70},"end":{"line":110,"column":3}},"line":94},"5":{"name":"(anonymous_5)","decl":{"start":{"line":112,"column":34},"end":{"line":112,"column":35}},"loc":{"start":{"line":112,"column":65},"end":{"line":127,"column":3}},"line":112},"6":{"name":"(anonymous_6)","decl":{"start":{"line":131,"column":35},"end":{"line":131,"column":36}},"loc":{"start":{"line":131,"column":62},"end":{"line":148,"column":3}},"line":131},"7":{"name":"(anonymous_7)","decl":{"start":{"line":150,"column":45},"end":{"line":150,"column":46}},"loc":{"start":{"line":150,"column":72},"end":{"line":161,"column":3}},"line":150},"8":{"name":"intToByteArray","decl":{"start":{"line":175,"column":30},"end":{"line":175,"column":44}},"loc":{"start":{"line":175,"column":62},"end":{"line":194,"column":1}},"line":175},"9":{"name":"generatePrivateKey","decl":{"start":{"line":202,"column":34},"end":{"line":202,"column":52}},"loc":{"start":{"line":202,"column":55},"end":{"line":214,"column":1}},"line":202},"10":{"name":"getAddressFromPrivateKey","decl":{"start":{"line":226,"column":40},"end":{"line":226,"column":64}},"loc":{"start":{"line":226,"column":77},"end":{"line":230,"column":1}},"line":226},"11":{"name":"getPubKeyFromPrivateKey","decl":{"start":{"line":242,"column":39},"end":{"line":242,"column":62}},"loc":{"start":{"line":242,"column":75},"end":{"line":245,"column":1}},"line":242},"12":{"name":"compressPublicKey","decl":{"start":{"line":255,"column":33},"end":{"line":255,"column":50}},"loc":{"start":{"line":255,"column":62},"end":{"line":257,"column":1}},"line":255},"13":{"name":"getAddressFromPublicKey","decl":{"start":{"line":268,"column":39},"end":{"line":268,"column":62}},"loc":{"start":{"line":268,"column":71},"end":{"line":270,"column":1}},"line":268},"14":{"name":"verifyPrivateKey","decl":{"start":{"line":279,"column":32},"end":{"line":279,"column":48}},"loc":{"start":{"line":279,"column":61},"end":{"line":286,"column":1}},"line":279},"15":{"name":"encodeTransaction","decl":{"start":{"line":295,"column":33},"end":{"line":295,"column":50}},"loc":{"start":{"line":295,"column":56},"end":{"line":304,"column":1}},"line":295},"16":{"name":"createTransactionJson","decl":{"start":{"line":316,"column":37},"end":{"line":316,"column":58}},"loc":{"start":{"line":316,"column":83},"end":{"line":345,"column":1}},"line":316}},"branchMap":{"0":{"loc":{"start":{"line":12,"column":9},"end":{"line":12,"column":93}},"type":"cond-expr","locations":[{"start":{"line":12,"column":75},"end":{"line":12,"column":88}},{"start":{"line":12,"column":91},"end":{"line":12,"column":93}}],"line":12},"1":{"loc":{"start":{"line":12,"column":9},"end":{"line":12,"column":72}},"type":"binary-expr","locations":[{"start":{"line":12,"column":9},"end":{"line":12,"column":11}},{"start":{"line":12,"column":15},"end":{"line":12,"column":53}},{"start":{"line":12,"column":57},"end":{"line":12,"column":72}}],"line":12},"2":{"loc":{"start":{"line":65,"column":4},"end":{"line":65,"column":58}},"type":"if","locations":[{"start":{"line":65,"column":4},"end":{"line":65,"column":58}},{"start":{"line":65,"column":4},"end":{"line":65,"column":58}}],"line":65},"3":{"loc":{"start":{"line":66,"column":4},"end":{"line":66,"column":62}},"type":"if","locations":[{"start":{"line":66,"column":4},"end":{"line":66,"column":62}},{"start":{"line":66,"column":4},"end":{"line":66,"column":62}}],"line":66},"4":{"loc":{"start":{"line":68,"column":4},"end":{"line":68,"column":32}},"type":"if","locations":[{"start":{"line":68,"column":4},"end":{"line":68,"column":32}},{"start":{"line":68,"column":4},"end":{"line":68,"column":32}}],"line":68},"5":{"loc":{"start":{"line":70,"column":4},"end":{"line":70,"column":36}},"type":"if","locations":[{"start":{"line":70,"column":4},"end":{"line":70,"column":36}},{"start":{"line":70,"column":4},"end":{"line":70,"column":36}}],"line":70},"6":{"loc":{"start":{"line":79,"column":4},"end":{"line":79,"column":32}},"type":"if","locations":[{"start":{"line":79,"column":4},"end":{"line":79,"column":32}},{"start":{"line":79,"column":4},"end":{"line":79,"column":32}}],"line":79},"7":{"loc":{"start":{"line":80,"column":4},"end":{"line":80,"column":35}},"type":"if","locations":[{"start":{"line":80,"column":4},"end":{"line":80,"column":35}},{"start":{"line":80,"column":4},"end":{"line":80,"column":35}}],"line":80},"8":{"loc":{"start":{"line":87,"column":4},"end":{"line":87,"column":32}},"type":"if","locations":[{"start":{"line":87,"column":4},"end":{"line":87,"column":32}},{"start":{"line":87,"column":4},"end":{"line":87,"column":32}}],"line":87},"9":{"loc":{"start":{"line":101,"column":4},"end":{"line":101,"column":51}},"type":"if","locations":[{"start":{"line":101,"column":4},"end":{"line":101,"column":51}},{"start":{"line":101,"column":4},"end":{"line":101,"column":51}}],"line":101},"10":{"loc":{"start":{"line":114,"column":4},"end":{"line":114,"column":64}},"type":"if","locations":[{"start":{"line":114,"column":4},"end":{"line":114,"column":64}},{"start":{"line":114,"column":4},"end":{"line":114,"column":64}}],"line":114},"11":{"loc":{"start":{"line":115,"column":4},"end":{"line":115,"column":63}},"type":"if","locations":[{"start":{"line":115,"column":4},"end":{"line":115,"column":63}},{"start":{"line":115,"column":4},"end":{"line":115,"column":63}}],"line":115},"12":{"loc":{"start":{"line":124,"column":4},"end":{"line":124,"column":58}},"type":"if","locations":[{"start":{"line":124,"column":4},"end":{"line":124,"column":58}},{"start":{"line":124,"column":4},"end":{"line":124,"column":58}}],"line":124},"13":{"loc":{"start":{"line":125,"column":4},"end":{"line":125,"column":54}},"type":"if","locations":[{"start":{"line":125,"column":4},"end":{"line":125,"column":54}},{"start":{"line":125,"column":4},"end":{"line":125,"column":54}}],"line":125},"14":{"loc":{"start":{"line":135,"column":4},"end":{"line":138,"column":5}},"type":"if","locations":[{"start":{"line":135,"column":4},"end":{"line":138,"column":5}},{"start":{"line":135,"column":4},"end":{"line":138,"column":5}}],"line":135},"15":{"loc":{"start":{"line":156,"column":11},"end":{"line":156,"column":39}},"type":"binary-expr","locations":[{"start":{"line":156,"column":11},"end":{"line":156,"column":21}},{"start":{"line":156,"column":25},"end":{"line":156,"column":39}}],"line":156},"16":{"loc":{"start":{"line":326,"column":10},"end":{"line":326,"column":31}},"type":"binary-expr","locations":[{"start":{"line":326,"column":10},"end":{"line":326,"column":25}},{"start":{"line":326,"column":29},"end":{"line":326,"column":31}}],"line":326},"17":{"loc":{"start":{"line":327,"column":10},"end":{"line":327,"column":31}},"type":"binary-expr","locations":[{"start":{"line":327,"column":10},"end":{"line":327,"column":25}},{"start":{"line":327,"column":29},"end":{"line":327,"column":31}}],"line":327}},"s":{"0":0,"1":0,"2":0,"3":0,"4":0,"5":0,"6":0,"7":0,"8":0,"9":0,"10":0,"11":0,"12":0,"13":0,"14":0,"15":0,"16":0,"17":0,"18":0,"19":0,"20":0,"21":0,"22":0,"23":0,"24":0,"25":0,"26":0,"27":0,"28":0,"29":0,"30":0,"31":0,"32":0,"33":0,"34":0,"35":0,"36":0,"37":0,"38":0,"39":0,"40":0,"41":0,"42":0,"43":0,"44":0,"45":0,"46":0,"47":0,"48":0,"49":0,"50":0,"51":0,"52":0,"53":0,"54":0,"55":0,"56":0,"57":0,"58":0,"59":0,"60":0,"61":0,"62":0,"63":0,"64":0,"65":0,"66":0,"67":0,"68":0,"69":0,"70":0,"71":0,"72":0,"73":0,"74":0,"75":0,"76":0,"77":0,"78":0,"79":0,"80":0,"81":0,"82":0,"83":0,"84":0,"85":0,"86":0,"87":0,"88":0,"89":0,"90":0,"91":0,"92":0,"93":0,"94":0,"95":0,"96":0,"97":0,"98":0,"99":0,"100":0,"101":0,"102":0,"103":0,"104":0,"105":0,"106":0,"107":0,"108":0,"109":0,"110":0,"111":0,"112":0,"113":0,"114":0,"115":0,"116":0,"117":0,"118":0,"119":0,"120":0,"121":0,"122":0,"123":0,"124":0,"125":0,"126":0,"127":0,"128":0,"129":0,"130":0,"131":0,"132":0,"133":0,"134":0,"135":0,"136":0,"137":0,"138":0,"139":0,"140":0,"141":0,"142":0,"143":0,"144":0,"145":0,"146":0,"147":0,"148":0,"149":0,"150":0,"151":0,"152":0,"153":0,"154":0,"155":0,"156":0,"157":0,"158":0,"159":0},"f":{"0":0,"1":0,"2":0,"3":0,"4":0,"5":0,"6":0,"7":0,"8":0,"9":0,"10":0,"11":0,"12":0,"13":0,"14":0,"15":0,"16":0},"b":{"0":[0,0],"1":[0,0,0],"2":[0,0],"3":[0,0],"4":[0,0],"5":[0,0],"6":[0,0],"7":[0,0],"8":[0,0],"9":[0,0],"10":[0,0],"11":[0,0],"12":[0,0],"13":[0,0],"14":[0,0],"15":[0,0],"16":[0,0],"17":[0,0]}}
,"/Users/suwei/dev/laksa/packages/laksa-core-crypto/node/index.js": {"path":"/Users/suwei/dev/laksa/packages/laksa-core-crypto/node/index.js","statementMap":{"0":{"start":{"line":3,"column":29},"end":{"line":3,"column":84}},"1":{"start":{"line":5,"column":23},"end":{"line":5,"column":95}},"2":{"start":{"line":7,"column":15},"end":{"line":7,"column":79}},"3":{"start":{"line":9,"column":0},"end":{"line":358,"column":3}},"4":{"start":{"line":10,"column":2},"end":{"line":10,"column":640}},"5":{"start":{"line":14,"column":2},"end":{"line":14,"column":83}},"6":{"start":{"line":15,"column":2},"end":{"line":15,"column":93}},"7":{"start":{"line":16,"column":2},"end":{"line":16,"column":63}},"8":{"start":{"line":17,"column":2},"end":{"line":17,"column":98}},"9":{"start":{"line":18,"column":2},"end":{"line":18,"column":83}},"10":{"start":{"line":19,"column":2},"end":{"line":19,"column":73}},"11":{"start":{"line":20,"column":2},"end":{"line":20,"column":108}},"12":{"start":{"line":23,"column":4},"end":{"line":32,"column":5}},"13":{"start":{"line":24,"column":6},"end":{"line":29,"column":9}},"14":{"start":{"line":31,"column":6},"end":{"line":31,"column":23}},"15":{"start":{"line":34,"column":4},"end":{"line":34,"column":15}},"16":{"start":{"line":37,"column":21},"end":{"line":37,"column":45}},"17":{"start":{"line":38,"column":14},"end":{"line":38,"column":32}},"18":{"start":{"line":45,"column":37},"end":{"line":45,"column":39}},"19":{"start":{"line":47,"column":16},"end":{"line":162,"column":3}},"20":{"start":{"line":48,"column":16},"end":{"line":48,"column":20}},"21":{"start":{"line":50,"column":4},"end":{"line":50,"column":49}},"22":{"start":{"line":52,"column":4},"end":{"line":62,"column":7}},"23":{"start":{"line":53,"column":19},"end":{"line":53,"column":34}},"24":{"start":{"line":54,"column":24},"end":{"line":54,"column":73}},"25":{"start":{"line":56,"column":14},"end":{"line":56,"column":45}},"26":{"start":{"line":57,"column":14},"end":{"line":57,"column":45}},"27":{"start":{"line":58,"column":6},"end":{"line":58,"column":19}},"28":{"start":{"line":59,"column":6},"end":{"line":59,"column":25}},"29":{"start":{"line":60,"column":6},"end":{"line":60,"column":22}},"30":{"start":{"line":61,"column":6},"end":{"line":61,"column":56}},"31":{"start":{"line":64,"column":4},"end":{"line":92,"column":7}},"32":{"start":{"line":65,"column":6},"end":{"line":65,"column":60}},"33":{"start":{"line":65,"column":24},"end":{"line":65,"column":60}},"34":{"start":{"line":66,"column":6},"end":{"line":66,"column":64}},"35":{"start":{"line":66,"column":28},"end":{"line":66,"column":64}},"36":{"start":{"line":68,"column":6},"end":{"line":68,"column":34}},"37":{"start":{"line":68,"column":22},"end":{"line":68,"column":34}},"38":{"start":{"line":70,"column":6},"end":{"line":70,"column":38}},"39":{"start":{"line":70,"column":26},"end":{"line":70,"column":38}},"40":{"start":{"line":72,"column":14},"end":{"line":72,"column":28}},"41":{"start":{"line":74,"column":24},"end":{"line":74,"column":52}},"42":{"start":{"line":76,"column":14},"end":{"line":76,"column":50}},"43":{"start":{"line":78,"column":14},"end":{"line":78,"column":23}},"44":{"start":{"line":79,"column":6},"end":{"line":79,"column":34}},"45":{"start":{"line":79,"column":22},"end":{"line":79,"column":34}},"46":{"start":{"line":80,"column":6},"end":{"line":80,"column":37}},"47":{"start":{"line":80,"column":25},"end":{"line":80,"column":37}},"48":{"start":{"line":83,"column":14},"end":{"line":83,"column":25}},"49":{"start":{"line":85,"column":6},"end":{"line":85,"column":20}},"50":{"start":{"line":86,"column":6},"end":{"line":86,"column":26}},"51":{"start":{"line":87,"column":6},"end":{"line":87,"column":34}},"52":{"start":{"line":87,"column":22},"end":{"line":87,"column":34}},"53":{"start":{"line":88,"column":6},"end":{"line":91,"column":9}},"54":{"start":{"line":94,"column":4},"end":{"line":110,"column":7}},"55":{"start":{"line":95,"column":16},"end":{"line":95,"column":27}},"56":{"start":{"line":97,"column":17},"end":{"line":97,"column":50}},"57":{"start":{"line":99,"column":16},"end":{"line":99,"column":36}},"58":{"start":{"line":101,"column":6},"end":{"line":101,"column":53}},"59":{"start":{"line":101,"column":20},"end":{"line":101,"column":53}},"60":{"start":{"line":104,"column":6},"end":{"line":107,"column":7}},"61":{"start":{"line":105,"column":16},"end":{"line":105,"column":42}},"62":{"start":{"line":106,"column":8},"end":{"line":106,"column":53}},"63":{"start":{"line":109,"column":6},"end":{"line":109,"column":17}},"64":{"start":{"line":112,"column":4},"end":{"line":127,"column":7}},"65":{"start":{"line":113,"column":16},"end":{"line":113,"column":40}},"66":{"start":{"line":114,"column":6},"end":{"line":114,"column":66}},"67":{"start":{"line":114,"column":30},"end":{"line":114,"column":66}},"68":{"start":{"line":115,"column":6},"end":{"line":115,"column":65}},"69":{"start":{"line":115,"column":29},"end":{"line":115,"column":65}},"70":{"start":{"line":116,"column":17},"end":{"line":116,"column":39}},"71":{"start":{"line":117,"column":14},"end":{"line":117,"column":29}},"72":{"start":{"line":118,"column":14},"end":{"line":118,"column":32}},"73":{"start":{"line":119,"column":14},"end":{"line":119,"column":22}},"74":{"start":{"line":120,"column":24},"end":{"line":120,"column":52}},"75":{"start":{"line":122,"column":15},"end":{"line":122,"column":48}},"76":{"start":{"line":124,"column":6},"end":{"line":124,"column":60}},"77":{"start":{"line":124,"column":27},"end":{"line":124,"column":60}},"78":{"start":{"line":125,"column":6},"end":{"line":125,"column":56}},"79":{"start":{"line":125,"column":23},"end":{"line":125,"column":56}},"80":{"start":{"line":126,"column":6},"end":{"line":126,"column":26}},"81":{"start":{"line":129,"column":4},"end":{"line":129,"column":75}},"82":{"start":{"line":131,"column":4},"end":{"line":148,"column":7}},"83":{"start":{"line":132,"column":17},"end":{"line":132,"column":39}},"84":{"start":{"line":133,"column":6},"end":{"line":133,"column":19}},"85":{"start":{"line":135,"column":6},"end":{"line":138,"column":7}},"86":{"start":{"line":136,"column":8},"end":{"line":136,"column":35}},"87":{"start":{"line":137,"column":8},"end":{"line":137,"column":27}},"88":{"start":{"line":140,"column":6},"end":{"line":140,"column":31}},"89":{"start":{"line":142,"column":6},"end":{"line":147,"column":9}},"90":{"start":{"line":150,"column":4},"end":{"line":161,"column":7}},"91":{"start":{"line":151,"column":17},"end":{"line":151,"column":47}},"92":{"start":{"line":153,"column":16},"end":{"line":153,"column":36}},"93":{"start":{"line":154,"column":14},"end":{"line":154,"column":40}},"94":{"start":{"line":156,"column":6},"end":{"line":158,"column":7}},"95":{"start":{"line":157,"column":8},"end":{"line":157,"column":39}},"96":{"start":{"line":160,"column":6},"end":{"line":160,"column":63}},"97":{"start":{"line":164,"column":18},"end":{"line":164,"column":20}},"98":{"start":{"line":166,"column":18},"end":{"line":166,"column":42}},"99":{"start":{"line":167,"column":16},"end":{"line":167,"column":29}},"100":{"start":{"line":175,"column":23},"end":{"line":194,"column":3}},"101":{"start":{"line":176,"column":14},"end":{"line":176,"column":16}},"102":{"start":{"line":177,"column":17},"end":{"line":177,"column":33}},"103":{"start":{"line":178,"column":17},"end":{"line":178,"column":19}},"104":{"start":{"line":181,"column":4},"end":{"line":183,"column":5}},"105":{"start":{"line":182,"column":6},"end":{"line":182,"column":39}},"106":{"start":{"line":185,"column":4},"end":{"line":187,"column":5}},"107":{"start":{"line":186,"column":6},"end":{"line":186,"column":20}},"108":{"start":{"line":189,"column":4},"end":{"line":191,"column":5}},"109":{"start":{"line":190,"column":6},"end":{"line":190,"column":26}},"110":{"start":{"line":193,"column":4},"end":{"line":193,"column":15}},"111":{"start":{"line":202,"column":27},"end":{"line":214,"column":3}},"112":{"start":{"line":203,"column":15},"end":{"line":203,"column":17}},"113":{"start":{"line":204,"column":15},"end":{"line":204,"column":37}},"114":{"start":{"line":206,"column":4},"end":{"line":211,"column":5}},"115":{"start":{"line":208,"column":17},"end":{"line":208,"column":24}},"116":{"start":{"line":209,"column":19},"end":{"line":209,"column":59}},"117":{"start":{"line":210,"column":6},"end":{"line":210,"column":21}},"118":{"start":{"line":213,"column":4},"end":{"line":213,"column":16}},"119":{"start":{"line":226,"column":33},"end":{"line":230,"column":3}},"120":{"start":{"line":227,"column":18},"end":{"line":227,"column":61}},"121":{"start":{"line":228,"column":14},"end":{"line":228,"column":44}},"122":{"start":{"line":229,"column":4},"end":{"line":229,"column":70}},"123":{"start":{"line":242,"column":32},"end":{"line":245,"column":3}},"124":{"start":{"line":243,"column":18},"end":{"line":243,"column":61}},"125":{"start":{"line":244,"column":4},"end":{"line":244,"column":42}},"126":{"start":{"line":255,"column":26},"end":{"line":257,"column":3}},"127":{"start":{"line":256,"column":4},"end":{"line":256,"column":76}},"128":{"start":{"line":268,"column":32},"end":{"line":270,"column":3}},"129":{"start":{"line":269,"column":4},"end":{"line":269,"column":73}},"130":{"start":{"line":279,"column":25},"end":{"line":286,"column":3}},"131":{"start":{"line":280,"column":18},"end":{"line":280,"column":61}},"132":{"start":{"line":282,"column":28},"end":{"line":282,"column":46}},"133":{"start":{"line":283,"column":17},"end":{"line":283,"column":41}},"134":{"start":{"line":285,"column":4},"end":{"line":285,"column":18}},"135":{"start":{"line":295,"column":26},"end":{"line":304,"column":3}},"136":{"start":{"line":296,"column":18},"end":{"line":296,"column":55}},"137":{"start":{"line":297,"column":18},"end":{"line":297,"column":55}},"138":{"start":{"line":298,"column":18},"end":{"line":302,"column":13}},"139":{"start":{"line":303,"column":4},"end":{"line":303,"column":39}},"140":{"start":{"line":316,"column":30},"end":{"line":345,"column":3}},"141":{"start":{"line":317,"column":17},"end":{"line":317,"column":52}},"142":{"start":{"line":318,"column":14},"end":{"line":328,"column":5}},"143":{"start":{"line":329,"column":20},"end":{"line":329,"column":42}},"144":{"start":{"line":331,"column":14},"end":{"line":331,"column":97}},"145":{"start":{"line":332,"column":12},"end":{"line":332,"column":33}},"146":{"start":{"line":333,"column":12},"end":{"line":333,"column":33}},"147":{"start":{"line":335,"column":4},"end":{"line":337,"column":5}},"148":{"start":{"line":336,"column":6},"end":{"line":336,"column":24}},"149":{"start":{"line":339,"column":4},"end":{"line":341,"column":5}},"150":{"start":{"line":340,"column":6},"end":{"line":340,"column":24}},"151":{"start":{"line":343,"column":4},"end":{"line":343,"column":26}},"152":{"start":{"line":344,"column":4},"end":{"line":344,"column":15}},"153":{"start":{"line":347,"column":2},"end":{"line":347,"column":50}},"154":{"start":{"line":348,"column":2},"end":{"line":348,"column":62}},"155":{"start":{"line":349,"column":2},"end":{"line":349,"column":60}},"156":{"start":{"line":350,"column":2},"end":{"line":350,"column":48}},"157":{"start":{"line":351,"column":2},"end":{"line":351,"column":60}},"158":{"start":{"line":352,"column":2},"end":{"line":352,"column":46}},"159":{"start":{"line":353,"column":2},"end":{"line":353,"column":48}},"160":{"start":{"line":354,"column":2},"end":{"line":354,"column":56}},"161":{"start":{"line":355,"column":2},"end":{"line":357,"column":5}}},"fnMap":{"0":{"name":"(anonymous_0)","decl":{"start":{"line":9,"column":1},"end":{"line":9,"column":2}},"loc":{"start":{"line":9,"column":28},"end":{"line":11,"column":1}},"line":9},"1":{"name":"(anonymous_1)","decl":{"start":{"line":11,"column":11},"end":{"line":11,"column":12}},"loc":{"start":{"line":11,"column":90},"end":{"line":358,"column":1}},"line":11},"2":{"name":"_defineProperty","decl":{"start":{"line":22,"column":11},"end":{"line":22,"column":26}},"loc":{"start":{"line":22,"column":44},"end":{"line":35,"column":3}},"line":22},"3":{"name":"Schnorr","decl":{"start":{"line":47,"column":25},"end":{"line":47,"column":32}},"loc":{"start":{"line":47,"column":35},"end":{"line":162,"column":3}},"line":47},"4":{"name":"(anonymous_4)","decl":{"start":{"line":52,"column":34},"end":{"line":52,"column":35}},"loc":{"start":{"line":52,"column":60},"end":{"line":62,"column":5}},"line":52},"5":{"name":"(anonymous_5)","decl":{"start":{"line":64,"column":37},"end":{"line":64,"column":38}},"loc":{"start":{"line":64,"column":72},"end":{"line":92,"column":5}},"line":64},"6":{"name":"(anonymous_6)","decl":{"start":{"line":94,"column":34},"end":{"line":94,"column":35}},"loc":{"start":{"line":94,"column":72},"end":{"line":110,"column":5}},"line":94},"7":{"name":"(anonymous_7)","decl":{"start":{"line":112,"column":36},"end":{"line":112,"column":37}},"loc":{"start":{"line":112,"column":67},"end":{"line":127,"column":5}},"line":112},"8":{"name":"(anonymous_8)","decl":{"start":{"line":131,"column":37},"end":{"line":131,"column":38}},"loc":{"start":{"line":131,"column":64},"end":{"line":148,"column":5}},"line":131},"9":{"name":"(anonymous_9)","decl":{"start":{"line":150,"column":47},"end":{"line":150,"column":48}},"loc":{"start":{"line":150,"column":74},"end":{"line":161,"column":5}},"line":150},"10":{"name":"intToByteArray","decl":{"start":{"line":175,"column":32},"end":{"line":175,"column":46}},"loc":{"start":{"line":175,"column":64},"end":{"line":194,"column":3}},"line":175},"11":{"name":"generatePrivateKey","decl":{"start":{"line":202,"column":36},"end":{"line":202,"column":54}},"loc":{"start":{"line":202,"column":57},"end":{"line":214,"column":3}},"line":202},"12":{"name":"getAddressFromPrivateKey","decl":{"start":{"line":226,"column":42},"end":{"line":226,"column":66}},"loc":{"start":{"line":226,"column":79},"end":{"line":230,"column":3}},"line":226},"13":{"name":"getPubKeyFromPrivateKey","decl":{"start":{"line":242,"column":41},"end":{"line":242,"column":64}},"loc":{"start":{"line":242,"column":77},"end":{"line":245,"column":3}},"line":242},"14":{"name":"compressPublicKey","decl":{"start":{"line":255,"column":35},"end":{"line":255,"column":52}},"loc":{"start":{"line":255,"column":64},"end":{"line":257,"column":3}},"line":255},"15":{"name":"getAddressFromPublicKey","decl":{"start":{"line":268,"column":41},"end":{"line":268,"column":64}},"loc":{"start":{"line":268,"column":73},"end":{"line":270,"column":3}},"line":268},"16":{"name":"verifyPrivateKey","decl":{"start":{"line":279,"column":34},"end":{"line":279,"column":50}},"loc":{"start":{"line":279,"column":63},"end":{"line":286,"column":3}},"line":279},"17":{"name":"encodeTransaction","decl":{"start":{"line":295,"column":35},"end":{"line":295,"column":52}},"loc":{"start":{"line":295,"column":58},"end":{"line":304,"column":3}},"line":295},"18":{"name":"createTransactionJson","decl":{"start":{"line":316,"column":39},"end":{"line":316,"column":60}},"loc":{"start":{"line":316,"column":85},"end":{"line":345,"column":3}},"line":316}},"branchMap":{"0":{"loc":{"start":{"line":10,"column":2},"end":{"line":10,"column":639}},"type":"cond-expr","locations":[{"start":{"line":10,"column":130},"end":{"line":10,"column":317}},{"start":{"line":10,"column":320},"end":{"line":10,"column":639}}],"line":10},"1":{"loc":{"start":{"line":10,"column":2},"end":{"line":10,"column":127}},"type":"binary-expr","locations":[{"start":{"line":10,"column":2},"end":{"line":10,"column":94}},{"start":{"line":10,"column":98},"end":{"line":10,"column":127}}],"line":10},"2":{"loc":{"start":{"line":10,"column":3},"end":{"line":10,"column":80}},"type":"cond-expr","locations":[{"start":{"line":10,"column":36},"end":{"line":10,"column":47}},{"start":{"line":10,"column":50},"end":{"line":10,"column":80}}],"line":10},"3":{"loc":{"start":{"line":10,"column":320},"end":{"line":10,"column":639}},"type":"cond-expr","locations":[{"start":{"line":10,"column":365},"end":{"line":10,"column":501}},{"start":{"line":10,"column":504},"end":{"line":10,"column":639}}],"line":10},"4":{"loc":{"start":{"line":10,"column":320},"end":{"line":10,"column":362}},"type":"binary-expr","locations":[{"start":{"line":10,"column":320},"end":{"line":10,"column":348}},{"start":{"line":10,"column":352},"end":{"line":10,"column":362}}],"line":10},"5":{"loc":{"start":{"line":14,"column":11},"end":{"line":14,"column":82}},"type":"cond-expr","locations":[{"start":{"line":14,"column":56},"end":{"line":14,"column":73}},{"start":{"line":14,"column":76},"end":{"line":14,"column":82}}],"line":14},"6":{"loc":{"start":{"line":14,"column":11},"end":{"line":14,"column":53}},"type":"binary-expr","locations":[{"start":{"line":14,"column":11},"end":{"line":14,"column":17}},{"start":{"line":14,"column":21},"end":{"line":14,"column":53}}],"line":14},"7":{"loc":{"start":{"line":15,"column":13},"end":{"line":15,"column":92}},"type":"cond-expr","locations":[{"start":{"line":15,"column":62},"end":{"line":15,"column":81}},{"start":{"line":15,"column":84},"end":{"line":15,"column":92}}],"line":15},"8":{"loc":{"start":{"line":15,"column":13},"end":{"line":15,"column":59}},"type":"binary-expr","locations":[{"start":{"line":15,"column":13},"end":{"line":15,"column":21}},{"start":{"line":15,"column":25},"end":{"line":15,"column":59}}],"line":15},"9":{"loc":{"start":{"line":16,"column":7},"end":{"line":16,"column":62}},"type":"cond-expr","locations":[{"start":{"line":16,"column":44},"end":{"line":16,"column":57}},{"start":{"line":16,"column":60},"end":{"line":16,"column":62}}],"line":16},"10":{"loc":{"start":{"line":16,"column":7},"end":{"line":16,"column":41}},"type":"binary-expr","locations":[{"start":{"line":16,"column":7},"end":{"line":16,"column":9}},{"start":{"line":16,"column":13},"end":{"line":16,"column":41}}],"line":16},"11":{"loc":{"start":{"line":17,"column":14},"end":{"line":17,"column":97}},"type":"cond-expr","locations":[{"start":{"line":17,"column":65},"end":{"line":17,"column":85}},{"start":{"line":17,"column":88},"end":{"line":17,"column":97}}],"line":17},"12":{"loc":{"start":{"line":17,"column":14},"end":{"line":17,"column":62}},"type":"binary-expr","locations":[{"start":{"line":17,"column":14},"end":{"line":17,"column":23}},{"start":{"line":17,"column":27},"end":{"line":17,"column":62}}],"line":17},"13":{"loc":{"start":{"line":18,"column":11},"end":{"line":18,"column":82}},"type":"cond-expr","locations":[{"start":{"line":18,"column":56},"end":{"line":18,"column":73}},{"start":{"line":18,"column":76},"end":{"line":18,"column":82}}],"line":18},"14":{"loc":{"start":{"line":18,"column":11},"end":{"line":18,"column":53}},"type":"binary-expr","locations":[{"start":{"line":18,"column":11},"end":{"line":18,"column":17}},{"start":{"line":18,"column":21},"end":{"line":18,"column":53}}],"line":18},"15":{"loc":{"start":{"line":19,"column":9},"end":{"line":19,"column":72}},"type":"cond-expr","locations":[{"start":{"line":19,"column":50},"end":{"line":19,"column":65}},{"start":{"line":19,"column":68},"end":{"line":19,"column":72}}],"line":19},"16":{"loc":{"start":{"line":19,"column":9},"end":{"line":19,"column":47}},"type":"binary-expr","locations":[{"start":{"line":19,"column":9},"end":{"line":19,"column":13}},{"start":{"line":19,"column":17},"end":{"line":19,"column":47}}],"line":19},"17":{"loc":{"start":{"line":20,"column":16},"end":{"line":20,"column":107}},"type":"cond-expr","locations":[{"start":{"line":20,"column":71},"end":{"line":20,"column":93}},{"start":{"line":20,"column":96},"end":{"line":20,"column":107}}],"line":20},"18":{"loc":{"start":{"line":20,"column":16},"end":{"line":20,"column":68}},"type":"binary-expr","locations":[{"start":{"line":20,"column":16},"end":{"line":20,"column":27}},{"start":{"line":20,"column":31},"end":{"line":20,"column":68}}],"line":20},"19":{"loc":{"start":{"line":23,"column":4},"end":{"line":32,"column":5}},"type":"if","locations":[{"start":{"line":23,"column":4},"end":{"line":32,"column":5}},{"start":{"line":23,"column":4},"end":{"line":32,"column":5}}],"line":23},"20":{"loc":{"start":{"line":65,"column":6},"end":{"line":65,"column":60}},"type":"if","locations":[{"start":{"line":65,"column":6},"end":{"line":65,"column":60}},{"start":{"line":65,"column":6},"end":{"line":65,"column":60}}],"line":65},"21":{"loc":{"start":{"line":66,"column":6},"end":{"line":66,"column":64}},"type":"if","locations":[{"start":{"line":66,"column":6},"end":{"line":66,"column":64}},{"start":{"line":66,"column":6},"end":{"line":66,"column":64}}],"line":66},"22":{"loc":{"start":{"line":68,"column":6},"end":{"line":68,"column":34}},"type":"if","locations":[{"start":{"line":68,"column":6},"end":{"line":68,"column":34}},{"start":{"line":68,"column":6},"end":{"line":68,"column":34}}],"line":68},"23":{"loc":{"start":{"line":70,"column":6},"end":{"line":70,"column":38}},"type":"if","locations":[{"start":{"line":70,"column":6},"end":{"line":70,"column":38}},{"start":{"line":70,"column":6},"end":{"line":70,"column":38}}],"line":70},"24":{"loc":{"start":{"line":79,"column":6},"end":{"line":79,"column":34}},"type":"if","locations":[{"start":{"line":79,"column":6},"end":{"line":79,"column":34}},{"start":{"line":79,"column":6},"end":{"line":79,"column":34}}],"line":79},"25":{"loc":{"start":{"line":80,"column":6},"end":{"line":80,"column":37}},"type":"if","locations":[{"start":{"line":80,"column":6},"end":{"line":80,"column":37}},{"start":{"line":80,"column":6},"end":{"line":80,"column":37}}],"line":80},"26":{"loc":{"start":{"line":87,"column":6},"end":{"line":87,"column":34}},"type":"if","locations":[{"start":{"line":87,"column":6},"end":{"line":87,"column":34}},{"start":{"line":87,"column":6},"end":{"line":87,"column":34}}],"line":87},"27":{"loc":{"start":{"line":101,"column":6},"end":{"line":101,"column":53}},"type":"if","locations":[{"start":{"line":101,"column":6},"end":{"line":101,"column":53}},{"start":{"line":101,"column":6},"end":{"line":101,"column":53}}],"line":101},"28":{"loc":{"start":{"line":114,"column":6},"end":{"line":114,"column":66}},"type":"if","locations":[{"start":{"line":114,"column":6},"end":{"line":114,"column":66}},{"start":{"line":114,"column":6},"end":{"line":114,"column":66}}],"line":114},"29":{"loc":{"start":{"line":115,"column":6},"end":{"line":115,"column":65}},"type":"if","locations":[{"start":{"line":115,"column":6},"end":{"line":115,"column":65}},{"start":{"line":115,"column":6},"end":{"line":115,"column":65}}],"line":115},"30":{"loc":{"start":{"line":124,"column":6},"end":{"line":124,"column":60}},"type":"if","locations":[{"start":{"line":124,"column":6},"end":{"line":124,"column":60}},{"start":{"line":124,"column":6},"end":{"line":124,"column":60}}],"line":124},"31":{"loc":{"start":{"line":125,"column":6},"end":{"line":125,"column":56}},"type":"if","locations":[{"start":{"line":125,"column":6},"end":{"line":125,"column":56}},{"start":{"line":125,"column":6},"end":{"line":125,"column":56}}],"line":125},"32":{"loc":{"start":{"line":135,"column":6},"end":{"line":138,"column":7}},"type":"if","locations":[{"start":{"line":135,"column":6},"end":{"line":138,"column":7}},{"start":{"line":135,"column":6},"end":{"line":138,"column":7}}],"line":135},"33":{"loc":{"start":{"line":156,"column":13},"end":{"line":156,"column":41}},"type":"binary-expr","locations":[{"start":{"line":156,"column":13},"end":{"line":156,"column":23}},{"start":{"line":156,"column":27},"end":{"line":156,"column":41}}],"line":156},"34":{"loc":{"start":{"line":326,"column":12},"end":{"line":326,"column":33}},"type":"binary-expr","locations":[{"start":{"line":326,"column":12},"end":{"line":326,"column":27}},{"start":{"line":326,"column":31},"end":{"line":326,"column":33}}],"line":326},"35":{"loc":{"start":{"line":327,"column":12},"end":{"line":327,"column":33}},"type":"binary-expr","locations":[{"start":{"line":327,"column":12},"end":{"line":327,"column":27}},{"start":{"line":327,"column":31},"end":{"line":327,"column":33}}],"line":327}},"s":{"0":0,"1":0,"2":0,"3":0,"4":0,"5":0,"6":0,"7":0,"8":0,"9":0,"10":0,"11":0,"12":0,"13":0,"14":0,"15":0,"16":0,"17":0,"18":0,"19":0,"20":0,"21":0,"22":0,"23":0,"24":0,"25":0,"26":0,"27":0,"28":0,"29":0,"30":0,"31":0,"32":0,"33":0,"34":0,"35":0,"36":0,"37":0,"38":0,"39":0,"40":0,"41":0,"42":0,"43":0,"44":0,"45":0,"46":0,"47":0,"48":0,"49":0,"50":0,"51":0,"52":0,"53":0,"54":0,"55":0,"56":0,"57":0,"58":0,"59":0,"60":0,"61":0,"62":0,"63":0,"64":0,"65":0,"66":0,"67":0,"68":0,"69":0,"70":0,"71":0,"72":0,"73":0,"74":0,"75":0,"76":0,"77":0,"78":0,"79":0,"80":0,"81":0,"82":0,"83":0,"84":0,"85":0,"86":0,"87":0,"88":0,"89":0,"90":0,"91":0,"92":0,"93":0,"94":0,"95":0,"96":0,"97":0,"98":0,"99":0,"100":0,"101":0,"102":0,"103":0,"104":0,"105":0,"106":0,"107":0,"108":0,"109":0,"110":0,"111":0,"112":0,"113":0,"114":0,"115":0,"116":0,"117":0,"118":0,"119":0,"120":0,"121":0,"122":0,"123":0,"124":0,"125":0,"126":0,"127":0,"128":0,"129":0,"130":0,"131":0,"132":0,"133":0,"134":0,"135":0,"136":0,"137":0,"138":0,"139":0,"140":0,"141":0,"142":0,"143":0,"144":0,"145":0,"146":0,"147":0,"148":0,"149":0,"150":0,"151":0,"152":0,"153":0,"154":0,"155":0,"156":0,"157":0,"158":0,"159":0,"160":0,"161":0},"f":{"0":0,"1":0,"2":0,"3":0,"4":0,"5":0,"6":0,"7":0,"8":0,"9":0,"10":0,"11":0,"12":0,"13":0,"14":0,"15":0,"16":0,"17":0,"18":0},"b":{"0":[0,0],"1":[0,0],"2":[0,0],"3":[0,0],"4":[0,0],"5":[0,0],"6":[0,0],"7":[0,0],"8":[0,0],"9":[0,0],"10":[0,0],"11":[0,0],"12":[0,0],"13":[0,0],"14":[0,0],"15":[0,0],"16":[0,0],"17":[0,0],"18":[0,0],"19":[0,0],"20":[0,0],"21":[0,0],"22":[0,0],"23":[0,0],"24":[0,0],"25":[0,0],"26":[0,0],"27":[0,0],"28":[0,0],"29":[0,0],"30":[0,0],"31":[0,0],"32":[0,0],"33":[0,0],"34":[0,0],"35":[0,0]}}
,"/Users/suwei/dev/laksa/packages/laksa-core-crypto/src/index.js": {"path":"/Users/suwei/dev/laksa/packages/laksa-core-crypto/src/index.js","statementMap":{"0":{"start":{"line":3,"column":29},"end":{"line":3,"column":84}},"1":{"start":{"line":5,"column":0},"end":{"line":7,"column":3}},"2":{"start":{"line":8,"column":0},"end":{"line":8,"column":254}},"3":{"start":{"line":10,"column":19},"end":{"line":10,"column":65}},"4":{"start":{"line":12,"column":16},"end":{"line":12,"column":59}},"5":{"start":{"line":14,"column":12},"end":{"line":14,"column":54}},"6":{"start":{"line":16,"column":15},"end":{"line":16,"column":59}},"7":{"start":{"line":18,"column":16},"end":{"line":18,"column":18}},"8":{"start":{"line":20,"column":16},"end":{"line":20,"column":49}},"9":{"start":{"line":22,"column":14},"end":{"line":22,"column":36}},"10":{"start":{"line":30,"column":21},"end":{"line":49,"column":1}},"11":{"start":{"line":31,"column":12},"end":{"line":31,"column":14}},"12":{"start":{"line":32,"column":15},"end":{"line":32,"column":31}},"13":{"start":{"line":33,"column":15},"end":{"line":33,"column":17}},"14":{"start":{"line":36,"column":2},"end":{"line":38,"column":3}},"15":{"start":{"line":37,"column":4},"end":{"line":37,"column":37}},"16":{"start":{"line":40,"column":2},"end":{"line":42,"column":3}},"17":{"start":{"line":41,"column":4},"end":{"line":41,"column":18}},"18":{"start":{"line":44,"column":2},"end":{"line":46,"column":3}},"19":{"start":{"line":45,"column":4},"end":{"line":45,"column":24}},"20":{"start":{"line":48,"column":2},"end":{"line":48,"column":13}},"21":{"start":{"line":57,"column":25},"end":{"line":69,"column":1}},"22":{"start":{"line":58,"column":13},"end":{"line":58,"column":15}},"23":{"start":{"line":59,"column":13},"end":{"line":59,"column":49}},"24":{"start":{"line":61,"column":2},"end":{"line":66,"column":3}},"25":{"start":{"line":63,"column":15},"end":{"line":63,"column":22}},"26":{"start":{"line":64,"column":17},"end":{"line":64,"column":57}},"27":{"start":{"line":65,"column":4},"end":{"line":65,"column":19}},"28":{"start":{"line":68,"column":2},"end":{"line":68,"column":14}},"29":{"start":{"line":81,"column":0},"end":{"line":81,"column":48}},"30":{"start":{"line":83,"column":31},"end":{"line":87,"column":1}},"31":{"start":{"line":84,"column":16},"end":{"line":84,"column":59}},"32":{"start":{"line":85,"column":12},"end":{"line":85,"column":42}},"33":{"start":{"line":86,"column":2},"end":{"line":86,"column":75}},"34":{"start":{"line":99,"column":0},"end":{"line":99,"column":60}},"35":{"start":{"line":101,"column":30},"end":{"line":104,"column":1}},"36":{"start":{"line":102,"column":16},"end":{"line":102,"column":59}},"37":{"start":{"line":103,"column":2},"end":{"line":103,"column":40}},"38":{"start":{"line":114,"column":0},"end":{"line":114,"column":58}},"39":{"start":{"line":116,"column":24},"end":{"line":118,"column":1}},"40":{"start":{"line":117,"column":2},"end":{"line":117,"column":74}},"41":{"start":{"line":129,"column":0},"end":{"line":129,"column":46}},"42":{"start":{"line":131,"column":30},"end":{"line":133,"column":1}},"43":{"start":{"line":132,"column":2},"end":{"line":132,"column":78}},"44":{"start":{"line":142,"column":0},"end":{"line":142,"column":58}},"45":{"start":{"line":144,"column":23},"end":{"line":151,"column":1}},"46":{"start":{"line":145,"column":16},"end":{"line":145,"column":59}},"47":{"start":{"line":147,"column":26},"end":{"line":147,"column":44}},"48":{"start":{"line":148,"column":15},"end":{"line":148,"column":39}},"49":{"start":{"line":150,"column":2},"end":{"line":150,"column":16}},"50":{"start":{"line":160,"column":0},"end":{"line":160,"column":44}},"51":{"start":{"line":162,"column":24},"end":{"line":171,"column":1}},"52":{"start":{"line":163,"column":16},"end":{"line":163,"column":53}},"53":{"start":{"line":164,"column":16},"end":{"line":164,"column":53}},"54":{"start":{"line":165,"column":16},"end":{"line":169,"column":11}},"55":{"start":{"line":170,"column":2},"end":{"line":170,"column":37}},"56":{"start":{"line":183,"column":0},"end":{"line":183,"column":46}},"57":{"start":{"line":185,"column":28},"end":{"line":214,"column":1}},"58":{"start":{"line":186,"column":15},"end":{"line":186,"column":50}},"59":{"start":{"line":187,"column":12},"end":{"line":197,"column":3}},"60":{"start":{"line":198,"column":18},"end":{"line":198,"column":40}},"61":{"start":{"line":200,"column":12},"end":{"line":200,"column":95}},"62":{"start":{"line":201,"column":10},"end":{"line":201,"column":31}},"63":{"start":{"line":202,"column":10},"end":{"line":202,"column":31}},"64":{"start":{"line":204,"column":2},"end":{"line":206,"column":3}},"65":{"start":{"line":205,"column":4},"end":{"line":205,"column":22}},"66":{"start":{"line":208,"column":2},"end":{"line":210,"column":3}},"67":{"start":{"line":209,"column":4},"end":{"line":209,"column":22}},"68":{"start":{"line":212,"column":2},"end":{"line":212,"column":24}},"69":{"start":{"line":213,"column":2},"end":{"line":213,"column":13}},"70":{"start":{"line":216,"column":0},"end":{"line":216,"column":54}}},"fnMap":{"0":{"name":"intToByteArray","decl":{"start":{"line":30,"column":30},"end":{"line":30,"column":44}},"loc":{"start":{"line":30,"column":62},"end":{"line":49,"column":1}},"line":30},"1":{"name":"generatePrivateKey","decl":{"start":{"line":57,"column":34},"end":{"line":57,"column":52}},"loc":{"start":{"line":57,"column":55},"end":{"line":69,"column":1}},"line":57},"2":{"name":"getAddressFromPrivateKey","decl":{"start":{"line":83,"column":40},"end":{"line":83,"column":64}},"loc":{"start":{"line":83,"column":77},"end":{"line":87,"column":1}},"line":83},"3":{"name":"getPubKeyFromPrivateKey","decl":{"start":{"line":101,"column":39},"end":{"line":101,"column":62}},"loc":{"start":{"line":101,"column":75},"end":{"line":104,"column":1}},"line":101},"4":{"name":"compressPublicKey","decl":{"start":{"line":116,"column":33},"end":{"line":116,"column":50}},"loc":{"start":{"line":116,"column":62},"end":{"line":118,"column":1}},"line":116},"5":{"name":"getAddressFromPublicKey","decl":{"start":{"line":131,"column":39},"end":{"line":131,"column":62}},"loc":{"start":{"line":131,"column":71},"end":{"line":133,"column":1}},"line":131},"6":{"name":"verifyPrivateKey","decl":{"start":{"line":144,"column":32},"end":{"line":144,"column":48}},"loc":{"start":{"line":144,"column":61},"end":{"line":151,"column":1}},"line":144},"7":{"name":"encodeTransaction","decl":{"start":{"line":162,"column":33},"end":{"line":162,"column":50}},"loc":{"start":{"line":162,"column":56},"end":{"line":171,"column":1}},"line":162},"8":{"name":"createTransactionJson","decl":{"start":{"line":185,"column":37},"end":{"line":185,"column":58}},"loc":{"start":{"line":185,"column":83},"end":{"line":214,"column":1}},"line":185}},"branchMap":{"0":{"loc":{"start":{"line":195,"column":10},"end":{"line":195,"column":31}},"type":"binary-expr","locations":[{"start":{"line":195,"column":10},"end":{"line":195,"column":25}},{"start":{"line":195,"column":29},"end":{"line":195,"column":31}}],"line":195},"1":{"loc":{"start":{"line":196,"column":10},"end":{"line":196,"column":31}},"type":"binary-expr","locations":[{"start":{"line":196,"column":10},"end":{"line":196,"column":25}},{"start":{"line":196,"column":29},"end":{"line":196,"column":31}}],"line":196}},"s":{"0":0,"1":0,"2":0,"3":0,"4":0,"5":0,"6":0,"7":0,"8":0,"9":0,"10":0,"11":0,"12":0,"13":0,"14":0,"15":0,"16":0,"17":0,"18":0,"19":0,"20":0,"21":0,"22":0,"23":0,"24":0,"25":0,"26":0,"27":0,"28":0,"29":0,"30":0,"31":0,"32":0,"33":0,"34":0,"35":0,"36":0,"37":0,"38":0,"39":0,"40":0,"41":0,"42":0,"43":0,"44":0,"45":0,"46":0,"47":0,"48":0,"49":0,"50":0,"51":0,"52":0,"53":0,"54":0,"55":0,"56":0,"57":0,"58":0,"59":0,"60":0,"61":0,"62":0,"63":0,"64":0,"65":0,"66":0,"67":0,"68":0,"69":0,"70":0},"f":{"0":0,"1":0,"2":0,"3":0,"4":0,"5":0,"6":0,"7":0,"8":0},"b":{"0":[0,0],"1":[0,0]}}
,"/Users/suwei/dev/laksa/packages/laksa-core-crypto/src/schnorr.js": {"path":"/Users/suwei/dev/laksa/packages/laksa-core-crypto/src/schnorr.js","statementMap":{"0":{"start":{"line":3,"column":29},"end":{"line":3,"column":84}},"1":{"start":{"line":5,"column":0},"end":{"line":7,"column":3}},"2":{"start":{"line":8,"column":0},"end":{"line":8,"column":25}},"3":{"start":{"line":10,"column":23},"end":{"line":10,"column":95}},"4":{"start":{"line":12,"column":23},"end":{"line":12,"column":95}},"5":{"start":{"line":14,"column":14},"end":{"line":14,"column":55}},"6":{"start":{"line":16,"column":16},"end":{"line":16,"column":59}},"7":{"start":{"line":18,"column":10},"end":{"line":18,"column":50}},"8":{"start":{"line":20,"column":17},"end":{"line":20,"column":86}},"9":{"start":{"line":22,"column":12},"end":{"line":22,"column":54}},"10":{"start":{"line":24,"column":16},"end":{"line":24,"column":60}},"11":{"start":{"line":26,"column":19},"end":{"line":26,"column":52}},"12":{"start":{"line":27,"column":12},"end":{"line":27,"column":30}},"13":{"start":{"line":34,"column":35},"end":{"line":34,"column":37}},"14":{"start":{"line":36,"column":14},"end":{"line":145,"column":1}},"15":{"start":{"line":37,"column":14},"end":{"line":37,"column":18}},"16":{"start":{"line":39,"column":2},"end":{"line":39,"column":47}},"17":{"start":{"line":40,"column":2},"end":{"line":51,"column":5}},"18":{"start":{"line":41,"column":17},"end":{"line":41,"column":39}},"19":{"start":{"line":43,"column":22},"end":{"line":43,"column":71}},"20":{"start":{"line":45,"column":12},"end":{"line":45,"column":43}},"21":{"start":{"line":46,"column":12},"end":{"line":46,"column":43}},"22":{"start":{"line":47,"column":4},"end":{"line":47,"column":17}},"23":{"start":{"line":48,"column":4},"end":{"line":48,"column":23}},"24":{"start":{"line":49,"column":4},"end":{"line":49,"column":20}},"25":{"start":{"line":50,"column":4},"end":{"line":50,"column":63}},"26":{"start":{"line":52,"column":2},"end":{"line":80,"column":5}},"27":{"start":{"line":53,"column":4},"end":{"line":53,"column":58}},"28":{"start":{"line":53,"column":22},"end":{"line":53,"column":58}},"29":{"start":{"line":54,"column":4},"end":{"line":54,"column":62}},"30":{"start":{"line":54,"column":26},"end":{"line":54,"column":62}},"31":{"start":{"line":56,"column":4},"end":{"line":56,"column":32}},"32":{"start":{"line":56,"column":20},"end":{"line":56,"column":32}},"33":{"start":{"line":58,"column":4},"end":{"line":58,"column":36}},"34":{"start":{"line":58,"column":24},"end":{"line":58,"column":36}},"35":{"start":{"line":60,"column":12},"end":{"line":60,"column":26}},"36":{"start":{"line":62,"column":22},"end":{"line":62,"column":59}},"37":{"start":{"line":64,"column":12},"end":{"line":64,"column":48}},"38":{"start":{"line":66,"column":12},"end":{"line":66,"column":21}},"39":{"start":{"line":67,"column":4},"end":{"line":67,"column":32}},"40":{"start":{"line":67,"column":20},"end":{"line":67,"column":32}},"41":{"start":{"line":68,"column":4},"end":{"line":68,"column":35}},"42":{"start":{"line":68,"column":23},"end":{"line":68,"column":35}},"43":{"start":{"line":71,"column":12},"end":{"line":71,"column":23}},"44":{"start":{"line":73,"column":4},"end":{"line":73,"column":18}},"45":{"start":{"line":74,"column":4},"end":{"line":74,"column":24}},"46":{"start":{"line":75,"column":4},"end":{"line":75,"column":32}},"47":{"start":{"line":75,"column":20},"end":{"line":75,"column":32}},"48":{"start":{"line":76,"column":4},"end":{"line":79,"column":7}},"49":{"start":{"line":81,"column":2},"end":{"line":97,"column":5}},"50":{"start":{"line":82,"column":14},"end":{"line":82,"column":34}},"51":{"start":{"line":84,"column":15},"end":{"line":84,"column":48}},"52":{"start":{"line":86,"column":14},"end":{"line":86,"column":34}},"53":{"start":{"line":88,"column":4},"end":{"line":88,"column":51}},"54":{"start":{"line":88,"column":18},"end":{"line":88,"column":51}},"55":{"start":{"line":91,"column":4},"end":{"line":94,"column":5}},"56":{"start":{"line":92,"column":14},"end":{"line":92,"column":49}},"57":{"start":{"line":93,"column":6},"end":{"line":93,"column":51}},"58":{"start":{"line":96,"column":4},"end":{"line":96,"column":15}},"59":{"start":{"line":98,"column":2},"end":{"line":113,"column":5}},"60":{"start":{"line":99,"column":14},"end":{"line":99,"column":47}},"61":{"start":{"line":100,"column":4},"end":{"line":100,"column":64}},"62":{"start":{"line":100,"column":28},"end":{"line":100,"column":64}},"63":{"start":{"line":101,"column":4},"end":{"line":101,"column":63}},"64":{"start":{"line":101,"column":27},"end":{"line":101,"column":63}},"65":{"start":{"line":102,"column":15},"end":{"line":102,"column":37}},"66":{"start":{"line":103,"column":12},"end":{"line":103,"column":27}},"67":{"start":{"line":104,"column":12},"end":{"line":104,"column":30}},"68":{"start":{"line":105,"column":12},"end":{"line":105,"column":20}},"69":{"start":{"line":106,"column":22},"end":{"line":106,"column":59}},"70":{"start":{"line":108,"column":13},"end":{"line":108,"column":46}},"71":{"start":{"line":110,"column":4},"end":{"line":110,"column":58}},"72":{"start":{"line":110,"column":25},"end":{"line":110,"column":58}},"73":{"start":{"line":111,"column":4},"end":{"line":111,"column":54}},"74":{"start":{"line":111,"column":21},"end":{"line":111,"column":54}},"75":{"start":{"line":112,"column":4},"end":{"line":112,"column":24}},"76":{"start":{"line":114,"column":2},"end":{"line":114,"column":87}},"77":{"start":{"line":115,"column":2},"end":{"line":132,"column":5}},"78":{"start":{"line":116,"column":15},"end":{"line":116,"column":37}},"79":{"start":{"line":117,"column":4},"end":{"line":117,"column":17}},"80":{"start":{"line":119,"column":4},"end":{"line":122,"column":5}},"81":{"start":{"line":120,"column":6},"end":{"line":120,"column":47}},"82":{"start":{"line":121,"column":6},"end":{"line":121,"column":25}},"83":{"start":{"line":124,"column":4},"end":{"line":124,"column":29}},"84":{"start":{"line":126,"column":4},"end":{"line":131,"column":7}},"85":{"start":{"line":133,"column":2},"end":{"line":144,"column":5}},"86":{"start":{"line":134,"column":15},"end":{"line":134,"column":45}},"87":{"start":{"line":136,"column":14},"end":{"line":136,"column":34}},"88":{"start":{"line":137,"column":12},"end":{"line":137,"column":47}},"89":{"start":{"line":139,"column":4},"end":{"line":141,"column":5}},"90":{"start":{"line":140,"column":6},"end":{"line":140,"column":46}},"91":{"start":{"line":143,"column":4},"end":{"line":143,"column":61}},"92":{"start":{"line":147,"column":15},"end":{"line":147,"column":22}},"93":{"start":{"line":148,"column":0},"end":{"line":148,"column":27}},"94":{"start":{"line":149,"column":0},"end":{"line":149,"column":33}}},"fnMap":{"0":{"name":"Schnorr","decl":{"start":{"line":36,"column":23},"end":{"line":36,"column":30}},"loc":{"start":{"line":36,"column":33},"end":{"line":145,"column":1}},"line":36},"1":{"name":"(anonymous_1)","decl":{"start":{"line":40,"column":46},"end":{"line":40,"column":47}},"loc":{"start":{"line":40,"column":72},"end":{"line":51,"column":3}},"line":40},"2":{"name":"(anonymous_2)","decl":{"start":{"line":52,"column":49},"end":{"line":52,"column":50}},"loc":{"start":{"line":52,"column":84},"end":{"line":80,"column":3}},"line":52},"3":{"name":"(anonymous_3)","decl":{"start":{"line":81,"column":46},"end":{"line":81,"column":47}},"loc":{"start":{"line":81,"column":84},"end":{"line":97,"column":3}},"line":81},"4":{"name":"(anonymous_4)","decl":{"start":{"line":98,"column":48},"end":{"line":98,"column":49}},"loc":{"start":{"line":98,"column":79},"end":{"line":113,"column":3}},"line":98},"5":{"name":"(anonymous_5)","decl":{"start":{"line":115,"column":49},"end":{"line":115,"column":50}},"loc":{"start":{"line":115,"column":76},"end":{"line":132,"column":3}},"line":115},"6":{"name":"(anonymous_6)","decl":{"start":{"line":133,"column":59},"end":{"line":133,"column":60}},"loc":{"start":{"line":133,"column":86},"end":{"line":144,"column":3}},"line":133}},"branchMap":{"0":{"loc":{"start":{"line":53,"column":4},"end":{"line":53,"column":58}},"type":"if","locations":[{"start":{"line":53,"column":4},"end":{"line":53,"column":58}},{"start":{"line":53,"column":4},"end":{"line":53,"column":58}}],"line":53},"1":{"loc":{"start":{"line":54,"column":4},"end":{"line":54,"column":62}},"type":"if","locations":[{"start":{"line":54,"column":4},"end":{"line":54,"column":62}},{"start":{"line":54,"column":4},"end":{"line":54,"column":62}}],"line":54},"2":{"loc":{"start":{"line":56,"column":4},"end":{"line":56,"column":32}},"type":"if","locations":[{"start":{"line":56,"column":4},"end":{"line":56,"column":32}},{"start":{"line":56,"column":4},"end":{"line":56,"column":32}}],"line":56},"3":{"loc":{"start":{"line":58,"column":4},"end":{"line":58,"column":36}},"type":"if","locations":[{"start":{"line":58,"column":4},"end":{"line":58,"column":36}},{"start":{"line":58,"column":4},"end":{"line":58,"column":36}}],"line":58},"4":{"loc":{"start":{"line":67,"column":4},"end":{"line":67,"column":32}},"type":"if","locations":[{"start":{"line":67,"column":4},"end":{"line":67,"column":32}},{"start":{"line":67,"column":4},"end":{"line":67,"column":32}}],"line":67},"5":{"loc":{"start":{"line":68,"column":4},"end":{"line":68,"column":35}},"type":"if","locations":[{"start":{"line":68,"column":4},"end":{"line":68,"column":35}},{"start":{"line":68,"column":4},"end":{"line":68,"column":35}}],"line":68},"6":{"loc":{"start":{"line":75,"column":4},"end":{"line":75,"column":32}},"type":"if","locations":[{"start":{"line":75,"column":4},"end":{"line":75,"column":32}},{"start":{"line":75,"column":4},"end":{"line":75,"column":32}}],"line":75},"7":{"loc":{"start":{"line":88,"column":4},"end":{"line":88,"column":51}},"type":"if","locations":[{"start":{"line":88,"column":4},"end":{"line":88,"column":51}},{"start":{"line":88,"column":4},"end":{"line":88,"column":51}}],"line":88},"8":{"loc":{"start":{"line":100,"column":4},"end":{"line":100,"column":64}},"type":"if","locations":[{"start":{"line":100,"column":4},"end":{"line":100,"column":64}},{"start":{"line":100,"column":4},"end":{"line":100,"column":64}}],"line":100},"9":{"loc":{"start":{"line":101,"column":4},"end":{"line":101,"column":63}},"type":"if","locations":[{"start":{"line":101,"column":4},"end":{"line":101,"column":63}},{"start":{"line":101,"column":4},"end":{"line":101,"column":63}}],"line":101},"10":{"loc":{"start":{"line":110,"column":4},"end":{"line":110,"column":58}},"type":"if","locations":[{"start":{"line":110,"column":4},"end":{"line":110,"column":58}},{"start":{"line":110,"column":4},"end":{"line":110,"column":58}}],"line":110},"11":{"loc":{"start":{"line":111,"column":4},"end":{"line":111,"column":54}},"type":"if","locations":[{"start":{"line":111,"column":4},"end":{"line":111,"column":54}},{"start":{"line":111,"column":4},"end":{"line":111,"column":54}}],"line":111},"12":{"loc":{"start":{"line":119,"column":4},"end":{"line":122,"column":5}},"type":"if","locations":[{"start":{"line":119,"column":4},"end":{"line":122,"column":5}},{"start":{"line":119,"column":4},"end":{"line":122,"column":5}}],"line":119},"13":{"loc":{"start":{"line":139,"column":11},"end":{"line":139,"column":39}},"type":"binary-expr","locations":[{"start":{"line":139,"column":11},"end":{"line":139,"column":21}},{"start":{"line":139,"column":25},"end":{"line":139,"column":39}}],"line":139}},"s":{"0":0,"1":0,"2":0,"3":0,"4":0,"5":0,"6":0,"7":0,"8":0,"9":0,"10":0,"11":0,"12":0,"13":0,"14":0,"15":0,"16":0,"17":0,"18":0,"19":0,"20":0,"21":0,"22":0,"23":0,"24":0,"25":0,"26":0,"27":0,"28":0,"29":0,"30":0,"31":0,"32":0,"33":0,"34":0,"35":0,"36":0,"37":0,"38":0,"39":0,"40":0,"41":0,"42":0,"43":0,"44":0,"45":0,"46":0,"47":0,"48":0,"49":0,"50":0,"51":0,"52":0,"53":0,"54":0,"55":0,"56":0,"57":0,"58":0,"59":0,"60":0,"61":0,"62":0,"63":0,"64":0,"65":0,"66":0,"67":0,"68":0,"69":0,"70":0,"71":0,"72":0,"73":0,"74":0,"75":0,"76":0,"77":0,"78":0,"79":0,"80":0,"81":0,"82":0,"83":0,"84":0,"85":0,"86":0,"87":0,"88":0,"89":0,"90":0,"91":0,"92":0,"93":0,"94":0},"f":{"0":0,"1":0,"2":0,"3":0,"4":0,"5":0,"6":0},"b":{"0":[0,0],"1":[0,0],"2":[0,0],"3":[0,0],"4":[0,0],"5":[0,0],"6":[0,0],"7":[0,0],"8":[0,0],"9":[0,0],"10":[0,0],"11":[0,0],"12":[0,0],"13":[0,0]}}
,"/Users/suwei/dev/laksa/packages/laksa-core/lib/index.js": {"path":"/Users/suwei/dev/laksa/packages/laksa-core/lib/index.js","statementMap":{"0":{"start":{"line":3,"column":29},"end":{"line":3,"column":84}},"1":{"start":{"line":5,"column":15},"end":{"line":5,"column":79}},"2":{"start":{"line":8,"column":2},"end":{"line":8,"column":94}},"3":{"start":{"line":11,"column":26},"end":{"line":11,"column":80}},"4":{"start":{"line":13,"column":0},"end":{"line":13,"column":39}},"5":{"start":{"line":15,"column":24},"end":{"line":15,"column":91}},"6":{"start":{"line":17,"column":22},"end":{"line":17,"column":87}},"7":{"start":{"line":19,"column":22},"end":{"line":19,"column":87}},"8":{"start":{"line":21,"column":11},"end":{"line":21,"column":33}},"9":{"start":{"line":23,"column":19},"end":{"line":23,"column":43}},"10":{"start":{"line":25,"column":10},"end":{"line":25,"column":47}},"11":{"start":{"line":27,"column":13},"end":{"line":33,"column":1}},"12":{"start":{"line":35,"column":12},"end":{"line":112,"column":1}},"13":{"start":{"line":36,"column":14},"end":{"line":36,"column":18}},"14":{"start":{"line":38,"column":2},"end":{"line":38,"column":31}},"15":{"start":{"line":40,"column":2},"end":{"line":42,"column":5}},"16":{"start":{"line":44,"column":2},"end":{"line":44,"column":42}},"17":{"start":{"line":46,"column":2},"end":{"line":75,"column":7}},"18":{"start":{"line":52,"column":4},"end":{"line":74,"column":32}},"19":{"start":{"line":53,"column":6},"end":{"line":73,"column":7}},"20":{"start":{"line":54,"column":8},"end":{"line":72,"column":9}},"21":{"start":{"line":56,"column":12},"end":{"line":56,"column":30}},"22":{"start":{"line":57,"column":12},"end":{"line":57,"column":43}},"23":{"start":{"line":60,"column":12},"end":{"line":60,"column":35}},"24":{"start":{"line":61,"column":12},"end":{"line":61,"column":30}},"25":{"start":{"line":62,"column":12},"end":{"line":62,"column":73}},"26":{"start":{"line":65,"column":12},"end":{"line":65,"column":30}},"27":{"start":{"line":66,"column":12},"end":{"line":66,"column":47}},"28":{"start":{"line":67,"column":12},"end":{"line":67,"column":52}},"29":{"start":{"line":71,"column":12},"end":{"line":71,"column":35}},"30":{"start":{"line":77,"column":2},"end":{"line":79,"column":5}},"31":{"start":{"line":78,"column":4},"end":{"line":78,"column":32}},"32":{"start":{"line":81,"column":2},"end":{"line":83,"column":5}},"33":{"start":{"line":82,"column":4},"end":{"line":82,"column":43}},"34":{"start":{"line":85,"column":2},"end":{"line":87,"column":5}},"35":{"start":{"line":86,"column":4},"end":{"line":86,"column":39}},"36":{"start":{"line":89,"column":2},"end":{"line":91,"column":5}},"37":{"start":{"line":90,"column":4},"end":{"line":90,"column":37}},"38":{"start":{"line":93,"column":2},"end":{"line":95,"column":5}},"39":{"start":{"line":94,"column":4},"end":{"line":94,"column":33}},"40":{"start":{"line":97,"column":2},"end":{"line":101,"column":5}},"41":{"start":{"line":98,"column":4},"end":{"line":98,"column":68}},"42":{"start":{"line":100,"column":4},"end":{"line":100,"column":55}},"43":{"start":{"line":104,"column":12},"end":{"line":104,"column":41}},"44":{"start":{"line":106,"column":2},"end":{"line":106,"column":19}},"45":{"start":{"line":108,"column":2},"end":{"line":108,"column":60}},"46":{"start":{"line":109,"column":2},"end":{"line":109,"column":68}},"47":{"start":{"line":111,"column":2},"end":{"line":111,"column":27}},"48":{"start":{"line":114,"column":0},"end":{"line":114,"column":23}}},"fnMap":{"0":{"name":"_interopDefault","decl":{"start":{"line":7,"column":9},"end":{"line":7,"column":24}},"loc":{"start":{"line":7,"column":29},"end":{"line":9,"column":1}},"line":7},"1":{"name":"Laksa","decl":{"start":{"line":35,"column":21},"end":{"line":35,"column":26}},"loc":{"start":{"line":35,"column":33},"end":{"line":112,"column":1}},"line":35},"2":{"name":"_callee","decl":{"start":{"line":50,"column":36},"end":{"line":50,"column":43}},"loc":{"start":{"line":50,"column":46},"end":{"line":75,"column":3}},"line":50},"3":{"name":"_callee$","decl":{"start":{"line":52,"column":45},"end":{"line":52,"column":53}},"loc":{"start":{"line":52,"column":64},"end":{"line":74,"column":5}},"line":52},"4":{"name":"(anonymous_4)","decl":{"start":{"line":77,"column":45},"end":{"line":77,"column":46}},"loc":{"start":{"line":77,"column":57},"end":{"line":79,"column":3}},"line":77},"5":{"name":"(anonymous_5)","decl":{"start":{"line":81,"column":49},"end":{"line":81,"column":50}},"loc":{"start":{"line":81,"column":61},"end":{"line":83,"column":3}},"line":81},"6":{"name":"(anonymous_6)","decl":{"start":{"line":85,"column":45},"end":{"line":85,"column":46}},"loc":{"start":{"line":85,"column":57},"end":{"line":87,"column":3}},"line":85},"7":{"name":"(anonymous_7)","decl":{"start":{"line":89,"column":43},"end":{"line":89,"column":44}},"loc":{"start":{"line":89,"column":55},"end":{"line":91,"column":3}},"line":89},"8":{"name":"(anonymous_8)","decl":{"start":{"line":93,"column":39},"end":{"line":93,"column":40}},"loc":{"start":{"line":93,"column":51},"end":{"line":95,"column":3}},"line":93},"9":{"name":"(anonymous_9)","decl":{"start":{"line":97,"column":39},"end":{"line":97,"column":40}},"loc":{"start":{"line":97,"column":59},"end":{"line":101,"column":3}},"line":97}},"branchMap":{"0":{"loc":{"start":{"line":8,"column":9},"end":{"line":8,"column":93}},"type":"cond-expr","locations":[{"start":{"line":8,"column":75},"end":{"line":8,"column":88}},{"start":{"line":8,"column":91},"end":{"line":8,"column":93}}],"line":8},"1":{"loc":{"start":{"line":8,"column":9},"end":{"line":8,"column":72}},"type":"binary-expr","locations":[{"start":{"line":8,"column":9},"end":{"line":8,"column":11}},{"start":{"line":8,"column":15},"end":{"line":8,"column":53}},{"start":{"line":8,"column":57},"end":{"line":8,"column":72}}],"line":8},"2":{"loc":{"start":{"line":54,"column":8},"end":{"line":72,"column":9}},"type":"switch","locations":[{"start":{"line":55,"column":10},"end":{"line":57,"column":43}},{"start":{"line":59,"column":10},"end":{"line":62,"column":73}},{"start":{"line":64,"column":10},"end":{"line":67,"column":52}},{"start":{"line":69,"column":10},"end":{"line":69,"column":18}},{"start":{"line":70,"column":10},"end":{"line":71,"column":35}}],"line":54},"3":{"loc":{"start":{"line":104,"column":12},"end":{"line":104,"column":41}},"type":"binary-expr","locations":[{"start":{"line":104,"column":12},"end":{"line":104,"column":16}},{"start":{"line":104,"column":20},"end":{"line":104,"column":41}}],"line":104}},"s":{"0":0,"1":0,"2":0,"3":0,"4":0,"5":0,"6":0,"7":0,"8":0,"9":0,"10":0,"11":0,"12":0,"13":0,"14":0,"15":0,"16":0,"17":0,"18":0,"19":0,"20":0,"21":0,"22":0,"23":0,"24":0,"25":0,"26":0,"27":0,"28":0,"29":0,"30":0,"31":0,"32":0,"33":0,"34":0,"35":0,"36":0,"37":0,"38":0,"39":0,"40":0,"41":0,"42":0,"43":0,"44":0,"45":0,"46":0,"47":0,"48":0},"f":{"0":0,"1":0,"2":0,"3":0,"4":0,"5":0,"6":0,"7":0,"8":0,"9":0},"b":{"0":[0,0],"1":[0,0,0],"2":[0,0,0,0,0],"3":[0,0]}}
,"/Users/suwei/dev/laksa/packages/laksa-core/node/index.js": {"path":"/Users/suwei/dev/laksa/packages/laksa-core/node/index.js","statementMap":{"0":{"start":{"line":3,"column":29},"end":{"line":3,"column":84}},"1":{"start":{"line":5,"column":19},"end":{"line":5,"column":80}},"2":{"start":{"line":7,"column":25},"end":{"line":7,"column":99}},"3":{"start":{"line":9,"column":23},"end":{"line":9,"column":95}},"4":{"start":{"line":11,"column":15},"end":{"line":11,"column":79}},"5":{"start":{"line":13,"column":0},"end":{"line":123,"column":3}},"6":{"start":{"line":14,"column":2},"end":{"line":14,"column":408}},"7":{"start":{"line":18,"column":2},"end":{"line":18,"column":68}},"8":{"start":{"line":21,"column":4},"end":{"line":30,"column":5}},"9":{"start":{"line":22,"column":6},"end":{"line":27,"column":9}},"10":{"start":{"line":29,"column":6},"end":{"line":29,"column":23}},"11":{"start":{"line":32,"column":4},"end":{"line":32,"column":15}},"12":{"start":{"line":35,"column":15},"end":{"line":41,"column":3}},"13":{"start":{"line":43,"column":14},"end":{"line":120,"column":3}},"14":{"start":{"line":44,"column":16},"end":{"line":44,"column":20}},"15":{"start":{"line":46,"column":4},"end":{"line":46,"column":47}},"16":{"start":{"line":48,"column":4},"end":{"line":50,"column":7}},"17":{"start":{"line":52,"column":4},"end":{"line":52,"column":44}},"18":{"start":{"line":54,"column":4},"end":{"line":83,"column":9}},"19":{"start":{"line":60,"column":6},"end":{"line":82,"column":34}},"20":{"start":{"line":61,"column":8},"end":{"line":81,"column":9}},"21":{"start":{"line":62,"column":10},"end":{"line":80,"column":11}},"22":{"start":{"line":64,"column":14},"end":{"line":64,"column":32}},"23":{"start":{"line":65,"column":14},"end":{"line":65,"column":45}},"24":{"start":{"line":68,"column":14},"end":{"line":68,"column":37}},"25":{"start":{"line":69,"column":14},"end":{"line":69,"column":32}},"26":{"start":{"line":70,"column":14},"end":{"line":70,"column":75}},"27":{"start":{"line":73,"column":14},"end":{"line":73,"column":32}},"28":{"start":{"line":74,"column":14},"end":{"line":74,"column":49}},"29":{"start":{"line":75,"column":14},"end":{"line":75,"column":54}},"30":{"start":{"line":79,"column":14},"end":{"line":79,"column":37}},"31":{"start":{"line":85,"column":4},"end":{"line":87,"column":7}},"32":{"start":{"line":86,"column":6},"end":{"line":86,"column":34}},"33":{"start":{"line":89,"column":4},"end":{"line":91,"column":7}},"34":{"start":{"line":90,"column":6},"end":{"line":90,"column":45}},"35":{"start":{"line":93,"column":4},"end":{"line":95,"column":7}},"36":{"start":{"line":94,"column":6},"end":{"line":94,"column":41}},"37":{"start":{"line":97,"column":4},"end":{"line":99,"column":7}},"38":{"start":{"line":98,"column":6},"end":{"line":98,"column":39}},"39":{"start":{"line":101,"column":4},"end":{"line":103,"column":7}},"40":{"start":{"line":102,"column":6},"end":{"line":102,"column":35}},"41":{"start":{"line":105,"column":4},"end":{"line":109,"column":7}},"42":{"start":{"line":106,"column":6},"end":{"line":106,"column":70}},"43":{"start":{"line":108,"column":6},"end":{"line":108,"column":57}},"44":{"start":{"line":112,"column":14},"end":{"line":112,"column":43}},"45":{"start":{"line":114,"column":4},"end":{"line":114,"column":21}},"46":{"start":{"line":116,"column":4},"end":{"line":116,"column":62}},"47":{"start":{"line":117,"column":4},"end":{"line":117,"column":70}},"48":{"start":{"line":119,"column":4},"end":{"line":119,"column":29}},"49":{"start":{"line":122,"column":2},"end":{"line":122,"column":15}}},"fnMap":{"0":{"name":"(anonymous_0)","decl":{"start":{"line":13,"column":1},"end":{"line":13,"column":2}},"loc":{"start":{"line":13,"column":28},"end":{"line":15,"column":1}},"line":13},"1":{"name":"(anonymous_1)","decl":{"start":{"line":15,"column":11},"end":{"line":15,"column":12}},"loc":{"start":{"line":15,"column":46},"end":{"line":123,"column":1}},"line":15},"2":{"name":"_defineProperty","decl":{"start":{"line":20,"column":11},"end":{"line":20,"column":26}},"loc":{"start":{"line":20,"column":44},"end":{"line":33,"column":3}},"line":20},"3":{"name":"Laksa","decl":{"start":{"line":43,"column":23},"end":{"line":43,"column":28}},"loc":{"start":{"line":43,"column":35},"end":{"line":120,"column":3}},"line":43},"4":{"name":"_callee","decl":{"start":{"line":58,"column":39},"end":{"line":58,"column":46}},"loc":{"start":{"line":58,"column":49},"end":{"line":83,"column":5}},"line":58},"5":{"name":"_callee$","decl":{"start":{"line":60,"column":48},"end":{"line":60,"column":56}},"loc":{"start":{"line":60,"column":67},"end":{"line":82,"column":7}},"line":60},"6":{"name":"(anonymous_6)","decl":{"start":{"line":85,"column":47},"end":{"line":85,"column":48}},"loc":{"start":{"line":85,"column":59},"end":{"line":87,"column":5}},"line":85},"7":{"name":"(anonymous_7)","decl":{"start":{"line":89,"column":51},"end":{"line":89,"column":52}},"loc":{"start":{"line":89,"column":63},"end":{"line":91,"column":5}},"line":89},"8":{"name":"(anonymous_8)","decl":{"start":{"line":93,"column":47},"end":{"line":93,"column":48}},"loc":{"start":{"line":93,"column":59},"end":{"line":95,"column":5}},"line":93},"9":{"name":"(anonymous_9)","decl":{"start":{"line":97,"column":45},"end":{"line":97,"column":46}},"loc":{"start":{"line":97,"column":57},"end":{"line":99,"column":5}},"li
[...]
mn":6},"end":{"line":409,"column":19}},"18":{"start":{"line":413,"column":29},"end":{"line":420,"column":3}},"19":{"start":{"line":414,"column":4},"end":{"line":419,"column":7}},"20":{"start":{"line":415,"column":24},"end":{"line":415,"column":53}},"21":{"start":{"line":416,"column":6},"end":{"line":416,"column":47}},"22":{"start":{"line":417,"column":6},"end":{"line":417,"column":39}},"23":{"start":{"line":418,"column":6},"end":{"line":418,"column":19}},"24":{"start":{"line":424,"column":2},"end":{"line":474,"column":5}},"25":{"start":{"line":426,"column":6},"end":{"line":426,"column":47}},"26":{"start":{"line":428,"column":6},"end":{"line":440,"column":9}},"27":{"start":{"line":429,"column":8},"end":{"line":429,"column":89}},"28":{"start":{"line":429,"column":46},"end":{"line":429,"column":89}},"29":{"start":{"line":430,"column":31},"end":{"line":430,"column":62}},"30":{"start":{"line":431,"column":30},"end":{"line":431,"column":108}},"31":{"start":{"line":432,"column":28},"end":{"line":432,"column":107}},"32":{"start":{"line":433,"column":21},"end":{"line":438,"column":9}},"33":{"start":{"line":439,"column":8},"end":{"line":439,"column":22}},"34":{"start":{"line":442,"column":6},"end":{"line":442,"column":38}},"35":{"start":{"line":443,"column":6},"end":{"line":443,"column":32}},"36":{"start":{"line":444,"column":6},"end":{"line":444,"column":31}},"37":{"start":{"line":445,"column":6},"end":{"line":445,"column":33}},"38":{"start":{"line":454,"column":4},"end":{"line":472,"column":8}},"39":{"start":{"line":457,"column":8},"end":{"line":457,"column":40}},"40":{"start":{"line":460,"column":8},"end":{"line":460,"column":41}},"41":{"start":{"line":461,"column":8},"end":{"line":461,"column":21}},"42":{"start":{"line":466,"column":8},"end":{"line":466,"column":42}},"43":{"start":{"line":469,"column":8},"end":{"line":469,"column":45}},"44":{"start":{"line":470,"column":8},"end":{"line":470,"column":23}},"45":{"start":{"line":473,"column":4},"end":{"line":473,"column":15}},"46":{"start":{"line":476,"column":2},"end":{"line":476,"column":13}}},"fnMap":{"0":{"name":"(anonymous_0)","decl":{"start":{"line":11,"column":1},"end":{"line":11,"column":2}},"loc":{"start":{"line":11,"column":28},"end":{"line":13,"column":1}},"line":11},"1":{"name":"(anonymous_1)","decl":{"start":{"line":13,"column":11},"end":{"line":13,"column":12}},"loc":{"start":{"line":13,"column":33},"end":{"line":477,"column":1}},"line":13},"2":{"name":"_defineProperty","decl":{"start":{"line":16,"column":11},"end":{"line":16,"column":26}},"loc":{"start":{"line":16,"column":44},"end":{"line":29,"column":3}},"line":16},"3":{"name":"mapObjectToMethods","decl":{"start":{"line":404,"column":36},"end":{"line":404,"column":54}},"loc":{"start":{"line":404,"column":61},"end":{"line":411,"column":3}},"line":404},"4":{"name":"(anonymous_4)","decl":{"start":{"line":405,"column":22},"end":{"line":405,"column":23}},"loc":{"start":{"line":405,"column":38},"end":{"line":410,"column":5}},"line":405},"5":{"name":"mapPropertyToObjects","decl":{"start":{"line":413,"column":38},"end":{"line":413,"column":58}},"loc":{"start":{"line":413,"column":65},"end":{"line":420,"column":3}},"line":413},"6":{"name":"(anonymous_6)","decl":{"start":{"line":414,"column":24},"end":{"line":414,"column":25}},"loc":{"start":{"line":414,"column":40},"end":{"line":419,"column":5}},"line":414},"7":{"name":"(anonymous_7)","decl":{"start":{"line":424,"column":2},"end":{"line":424,"column":3}},"loc":{"start":{"line":424,"column":14},"end":{"line":474,"column":3}},"line":424},"8":{"name":"Zil","decl":{"start":{"line":425,"column":13},"end":{"line":425,"column":16}},"loc":{"start":{"line":425,"column":23},"end":{"line":446,"column":5}},"line":425},"9":{"name":"(anonymous_9)","decl":{"start":{"line":428,"column":46},"end":{"line":428,"column":47}},"loc":{"start":{"line":428,"column":68},"end":{"line":440,"column":7}},"line":428},"10":{"name":"get","decl":{"start":{"line":456,"column":20},"end":{"line":456,"column":23}},"loc":{"start":{"line":456,"column":26},"end":{"line":458,"column":7}},"line":456},"11":{"name":"set","decl":{"start":{"line":459,"column":20},"end":{"line":459,"column":23}},"loc":{"start":{"line":459,"column":31},"end":{"line":462,"column":7}},"line":459},"12":{"name":"get","decl":{"start":{"line":465,"column":20},"end":{"line":465,"column":23}},"loc":{"start":{"line":465,"column":26},"end":{"line":467,"column":7}},"line":465},"13":{"name":"set","decl":{"start":{"line":468,"column":20},"end":{"line":468,"column":23}},"loc":{"start":{"line":468,"column":33},"end":{"line":471,"column":7}},"line":468}},"branchMap":{"0":{"loc":{"start":{"line":12,"column":2},"end":{"line":12,"column":302}},"type":"cond-expr","locations":[{"start":{"line":12,"column":130},"end":{"line":12,"column":178}},{"start":{"line":12,"column":181},"end":{"line":12,"column":302}}],"line":12},"1":{"loc":{"start":{"line":12,"column":2},"end":{"line":12,"column":127}},"type":"binary-expr","locations":[{"start":{"line":12,"column":2},"end":{"line":12,"column":94}},{"start":{"line":12,"column":98},"end":{"line":12,"column":127}}],"line":12},"2":{"loc":{"start":{"line":12,"column":3},"end":{"line":12,"column":80}},"type":"cond-expr","locations":[{"start":{"line":12,"column":36},"end":{"line":12,"column":47}},{"start":{"line":12,"column":50},"end":{"line":12,"column":80}}],"line":12},"3":{"loc":{"start":{"line":12,"column":181},"end":{"line":12,"column":302}},"type":"cond-expr","locations":[{"start":{"line":12,"column":226},"end":{"line":12,"column":258}},{"start":{"line":12,"column":261},"end":{"line":12,"column":302}}],"line":12},"4":{"loc":{"start":{"line":12,"column":181},"end":{"line":12,"column":223}},"type":"binary-expr","locations":[{"start":{"line":12,"column":181},"end":{"line":12,"column":209}},{"start":{"line":12,"column":213},"end":{"line":12,"column":223}}],"line":12},"5":{"loc":{"start":{"line":17,"column":4},"end":{"line":26,"column":5}},"type":"if","locations":[{"start":{"line":17,"column":4},"end":{"line":26,"column":5}},{"start":{"line":17,"column":4},"end":{"line":26,"column":5}}],"line":17},"6":{"loc":{"start":{"line":429,"column":8},"end":{"line":429,"column":89}},"type":"if","locations":[{"start":{"line":429,"column":8},"end":{"line":429,"column":89}},{"start":{"line":429,"column":8},"end":{"line":429,"column":89}}],"line":429},"7":{"loc":{"start":{"line":431,"column":30},"end":{"line":431,"column":108}},"type":"cond-expr","locations":[{"start":{"line":431,"column":49},"end":{"line":431,"column":101}},{"start":{"line":431,"column":104},"end":{"line":431,"column":108}}],"line":431},"8":{"loc":{"start":{"line":432,"column":28},"end":{"line":432,"column":107}},"type":"cond-expr","locations":[{"start":{"line":432,"column":47},"end":{"line":432,"column":100}},{"start":{"line":432,"column":103},"end":{"line":432,"column":107}}],"line":432}},"s":{"0":0,"1":0,"2":0,"3":0,"4":0,"5":0,"6":0,"7":0,"8":0,"9":0,"10":0,"11":0,"12":0,"13":0,"14":0,"15":0,"16":0,"17":0,"18":0,"19":0,"20":0,"21":0,"22":0,"23":0,"24":0,"25":0,"26":0,"27":0,"28":0,"29":0,"30":0,"31":0,"32":0,"33":0,"34":0,"35":0,"36":0,"37":0,"38":0,"39":0,"40":0,"41":0,"42":0,"43":0,"44":0,"45":0,"46":0},"f":{"0":0,"1":0,"2":0,"3":0,"4":0,"5":0,"6":0,"7":0,"8":0,"9":0,"10":0,"11":0,"12":0,"13":0},"b":{"0":[0,0],"1":[0,0],"2":[0,0],"3":[0,0],"4":[0,0],"5":[0,0],"6":[0,0],"7":[0,0],"8":[0,0]}}
,"/Users/suwei/dev/laksa/packages/laksa-zil/src/index.js": {"path":"/Users/suwei/dev/laksa/packages/laksa-zil/src/index.js","statementMap":{"0":{"start":{"line":3,"column":29},"end":{"line":3,"column":84}},"1":{"start":{"line":5,"column":0},"end":{"line":7,"column":3}},"2":{"start":{"line":8,"column":0},"end":{"line":8,"column":25}},"3":{"start":{"line":10,"column":23},"end":{"line":10,"column":95}},"4":{"start":{"line":12,"column":20},"end":{"line":12,"column":89}},"5":{"start":{"line":14,"column":23},"end":{"line":14,"column":95}},"6":{"start":{"line":16,"column":18},"end":{"line":16,"column":40}},"7":{"start":{"line":18,"column":21},"end":{"line":18,"column":71}},"8":{"start":{"line":20,"column":23},"end":{"line":20,"column":75}},"9":{"start":{"line":22,"column":25},"end":{"line":29,"column":1}},"10":{"start":{"line":23,"column":2},"end":{"line":28,"column":5}},"11":{"start":{"line":24,"column":20},"end":{"line":24,"column":48}},"12":{"start":{"line":25,"column":4},"end":{"line":25,"column":43}},"13":{"start":{"line":26,"column":4},"end":{"line":26,"column":35}},"14":{"start":{"line":27,"column":4},"end":{"line":27,"column":17}},"15":{"start":{"line":31,"column":27},"end":{"line":38,"column":1}},"16":{"start":{"line":32,"column":2},"end":{"line":37,"column":5}},"17":{"start":{"line":33,"column":22},"end":{"line":33,"column":52}},"18":{"start":{"line":34,"column":4},"end":{"line":34,"column":45}},"19":{"start":{"line":35,"column":4},"end":{"line":35,"column":37}},"20":{"start":{"line":36,"column":4},"end":{"line":36,"column":17}},"21":{"start":{"line":42,"column":0},"end":{"line":90,"column":3}},"22":{"start":{"line":44,"column":4},"end":{"line":44,"column":45}},"23":{"start":{"line":45,"column":4},"end":{"line":57,"column":7}},"24":{"start":{"line":46,"column":6},"end":{"line":46,"column":93}},"25":{"start":{"line":46,"column":50},"end":{"line":46,"column":93}},"26":{"start":{"line":47,"column":29},"end":{"line":47,"column":66}},"27":{"start":{"line":48,"column":28},"end":{"line":48,"column":112}},"28":{"start":{"line":49,"column":26},"end":{"line":49,"column":111}},"29":{"start":{"line":50,"column":19},"end":{"line":55,"column":7}},"30":{"start":{"line":56,"column":6},"end":{"line":56,"column":20}},"31":{"start":{"line":58,"column":4},"end":{"line":58,"column":36}},"32":{"start":{"line":59,"column":4},"end":{"line":59,"column":30}},"33":{"start":{"line":60,"column":4},"end":{"line":60,"column":29}},"34":{"start":{"line":61,"column":4},"end":{"line":61,"column":31}},"35":{"start":{"line":70,"column":2},"end":{"line":88,"column":6}},"36":{"start":{"line":73,"column":6},"end":{"line":73,"column":38}},"37":{"start":{"line":76,"column":6},"end":{"line":76,"column":39}},"38":{"start":{"line":77,"column":6},"end":{"line":77,"column":19}},"39":{"start":{"line":82,"column":6},"end":{"line":82,"column":40}},"40":{"start":{"line":85,"column":6},"end":{"line":85,"column":43}},"41":{"start":{"line":86,"column":6},"end":{"line":86,"column":21}},"42":{"start":{"line":89,"column":2},"end":{"line":89,"column":13}},"43":{"start":{"line":92,"column":15},"end":{"line":92,"column":18}},"44":{"start":{"line":93,"column":0},"end":{"line":93,"column":27}},"45":{"start":{"line":94,"column":0},"end":{"line":94,"column":33}}},"fnMap":{"0":{"name":"mapObjectToMethods","decl":{"start":{"line":22,"column":34},"end":{"line":22,"column":52}},"loc":{"start":{"line":22,"column":59},"end":{"line":29,"column":1}},"line":22},"1":{"name":"(anonymous_1)","decl":{"start":{"line":23,"column":29},"end":{"line":23,"column":30}},"loc":{"start":{"line":23,"column":45},"end":{"line":28,"column":3}},"line":23},"2":{"name":"mapPropertyToObjects","decl":{"start":{"line":31,"column":36},"end":{"line":31,"column":56}},"loc":{"start":{"line":31,"column":63},"end":{"line":38,"column":1}},"line":31},"3":{"name":"(anonymous_3)","decl":{"start":{"line":32,"column":31},"end":{"line":32,"column":32}},"loc":{"start":{"line":32,"column":47},"end":{"line":37,"column":3}},"line":32},"4":{"name":"(anonymous_4)","decl":{"start":{"line":42,"column":0},"end":{"line":42,"column":1}},"loc":{"start":{"line":42,"column":12},"end":{"line":90,"column":1}},"line":42},"5":{"name":"Zil","decl":{"start":{"line":43,"column":11},"end":{"line":43,"column":14}},"loc":{"start":{"line":43,"column":21},"end":{"line":62,"column":3}},"line":43},"6":{"name":"(anonymous_6)","decl":{"start":{"line":45,"column":58},"end":{"line":45,"column":59}},"loc":{"start":{"line":45,"column":80},"end":{"line":57,"column":5}},"line":45},"7":{"name":"get","decl":{"start":{"line":72,"column":18},"end":{"line":72,"column":21}},"loc":{"start":{"line":72,"column":24},"end":{"line":74,"column":5}},"line":72},"8":{"name":"set","decl":{"start":{"line":75,"column":18},"end":{"line":75,"column":21}},"loc":{"start":{"line":75,"column":29},"end":{"line":78,"column":5}},"line":75},"9":{"name":"get","decl":{"start":{"line":81,"column":18},"end":{"line":81,"column":21}},"loc":{"start":{"line":81,"column":24},"end":{"line":83,"column":5}},"line":81},"10":{"name":"set","decl":{"start":{"line":84,"column":18},"end":{"line":84,"column":21}},"loc":{"start":{"line":84,"column":31},"end":{"line":87,"column":5}},"line":84}},"branchMap":{"0":{"loc":{"start":{"line":46,"column":6},"end":{"line":46,"column":93}},"type":"if","locations":[{"start":{"line":46,"column":6},"end":{"line":46,"column":93}},{"start":{"line":46,"column":6},"end":{"line":46,"column":93}}],"line":46},"1":{"loc":{"start":{"line":48,"column":28},"end":{"line":48,"column":112}},"type":"cond-expr","locations":[{"start":{"line":48,"column":47},"end":{"line":48,"column":105}},{"start":{"line":48,"column":108},"end":{"line":48,"column":112}}],"line":48},"2":{"loc":{"start":{"line":49,"column":26},"end":{"line":49,"column":111}},"type":"cond-expr","locations":[{"start":{"line":49,"column":45},"end":{"line":49,"column":104}},{"start":{"line":49,"column":107},"end":{"line":49,"column":111}}],"line":49}},"s":{"0":0,"1":0,"2":0,"3":0,"4":0,"5":0,"6":0,"7":0,"8":0,"9":0,"10":0,"11":0,"12":0,"13":0,"14":0,"15":0,"16":0,"17":0,"18":0,"19":0,"20":0,"21":0,"22":0,"23":0,"24":0,"25":0,"26":0,"27":0,"28":0,"29":0,"30":0,"31":0,"32":0,"33":0,"34":0,"35":0,"36":0,"37":0,"38":0,"39":0,"40":0,"41":0,"42":0,"43":0,"44":0,"45":0},"f":{"0":0,"1":0,"2":0,"3":0,"4":0,"5":0,"6":0,"7":0,"8":0,"9":0,"10":0},"b":{"0":[0,0],"1":[0,0],"2":[0,0]}}
,"/Users/suwei/dev/laksa/packages/laksa-zil/src/methodObjects.js": {"path":"/Users/suwei/dev/laksa/packages/laksa-zil/src/methodObjects.js","statementMap":{"0":{"start":{"line":3,"column":0},"end":{"line":5,"column":3}},"1":{"start":{"line":6,"column":0},"end":{"line":6,"column":25}},"2":{"start":{"line":7,"column":15},"end":{"line":337,"column":2}},"3":{"start":{"line":338,"column":0},"end":{"line":338,"column":27}},"4":{"start":{"line":339,"column":0},"end":{"line":339,"column":33}}},"fnMap":{},"branchMap":{},"s":{"0":0,"1":0,"2":0,"3":0,"4":0},"f":{},"b":{}}
,"/Users/suwei/dev/laksa/packages/laksa-zil/src/propertyObjects.js": {"path":"/Users/suwei/dev/laksa/packages/laksa-zil/src/propertyObjects.js","statementMap":{"0":{"start":{"line":3,"column":0},"end":{"line":5,"column":3}},"1":{"start":{"line":6,"column":0},"end":{"line":6,"column":25}},"2":{"start":{"line":7,"column":15},"end":{"line":47,"column":2}},"3":{"start":{"line":48,"column":0},"end":{"line":48,"column":27}},"4":{"start":{"line":49,"column":0},"end":{"line":49,"column":33}}},"fnMap":{},"branchMap":{},"s":{"0":0,"1":0,"2":0,"3":0,"4":0},"f":{},"b":{}}
,"/Users/suwei/dev/laksa/packages/laksa/lib/index.js": {"path":"/Users/suwei/dev/laksa/packages/laksa/lib/index.js","statementMap":{"0":{"start":{"line":3,"column":12},"end":{"line":3,"column":33}},"1":{"start":{"line":5,"column":0},"end":{"line":7,"column":1}},"2":{"start":{"line":6,"column":2},"end":{"line":6,"column":23}},"3":{"start":{"line":9,"column":0},"end":{"line":9,"column":23}}},"fnMap":{},"branchMap":{"0":{"loc":{"start":{"line":5,"column":0},"end":{"line":7,"column":1}},"type":"if","locations":[{"start":{"line":5,"column":0},"end":{"line":7,"column":1}},{"start":{"line":5,"column":0},"end":{"line":7,"column":1}}],"line":5},"1":{"loc":{"start":{"line":5,"column":4},"end":{"line":5,"column":72}},"type":"binary-expr","locations":[{"start":{"line":5,"column":4},"end":{"line":5,"column":33}},{"start":{"line":5,"column":37},"end":{"line":5,"column":72}}],"line":5}},"s":{"0":0,"1":0,"2":0,"3":0},"f":{},"b":{"0":[0,0],"1":[0,0]}}
,"/Users/suwei/dev/laksa/packages/laksa/node/index.js": {"path":"/Users/suwei/dev/laksa/packages/laksa/node/index.js","statementMap":{"0":{"start":{"line":3,"column":29},"end":{"line":3,"column":84}},"1":{"start":{"line":5,"column":15},"end":{"line":5,"column":79}},"2":{"start":{"line":7,"column":0},"end":{"line":17,"column":3}},"3":{"start":{"line":8,"column":2},"end":{"line":8,"column":296}},"4":{"start":{"line":12,"column":2},"end":{"line":14,"column":3}},"5":{"start":{"line":13,"column":4},"end":{"line":13,"column":25}},"6":{"start":{"line":16,"column":2},"end":{"line":16,"column":15}}},"fnMap":{"0":{"name":"(anonymous_0)","decl":{"start":{"line":7,"column":1},"end":{"line":7,"column":2}},"loc":{"start":{"line":7,"column":28},"end":{"line":9,"column":1}},"line":7},"1":{"name":"(anonymous_1)","decl":{"start":{"line":9,"column":11},"end":{"line":9,"column":12}},"loc":{"start":{"line":9,"column":28},"end":{"line":17,"column":1}},"line":9}},"branchMap":{"0":{"loc":{"start":{"line":8,"column":2},"end":{"line":8,"column":295}},"type":"cond-expr","locations":[{"start":{"line":8,"column":130},"end":{"line":8,"column":177}},{"start":{"line":8,"column":180},"end":{"line":8,"column":295}}],"line":8},"1":{"loc":{"start":{"line":8,"column":2},"end":{"line":8,"column":127}},"type":"binary-expr","locations":[{"start":{"line":8,"column":2},"end":{"line":8,"column":94}},{"start":{"line":8,"column":98},"end":{"line":8,"column":127}}],"line":8},"2":{"loc":{"start":{"line":8,"column":3},"end":{"line":8,"column":80}},"type":"cond-expr","locations":[{"start":{"line":8,"column":36},"end":{"line":8,"column":47}},{"start":{"line":8,"column":50},"end":{"line":8,"column":80}}],"line":8},"3":{"loc":{"start":{"line":8,"column":180},"end":{"line":8,"column":295}},"type":"cond-expr","locations":[{"start":{"line":8,"column":225},"end":{"line":8,"column":256}},{"start":{"line":8,"column":259},"end":{"line":8,"column":295}}],"line":8},"4":{"loc":{"start":{"line":8,"column":180},"end":{"line":8,"column":222}},"type":"binary-expr","locations":[{"start":{"line":8,"column":180},"end":{"line":8,"column":208}},{"start":{"line":8,"column":212},"end":{"line":8,"column":222}}],"line":8},"5":{"loc":{"start":{"line":12,"column":2},"end":{"line":14,"column":3}},"type":"if","locations":[{"start":{"line":12,"column":2},"end":{"line":14,"column":3}},{"start":{"line":12,"column":2},"end":{"line":14,"column":3}}],"line":12},"6":{"loc":{"start":{"line":12,"column":6},"end":{"line":12,"column":74}},"type":"binary-expr","locations":[{"start":{"line":12,"column":6},"end":{"line":12,"column":35}},{"start":{"line":12,"column":39},"end":{"line":12,"column":74}}],"line":12}},"s":{"0":0,"1":0,"2":0,"3":0,"4":0,"5":0,"6":0},"f":{"0":0,"1":0},"b":{"0":[0,0],"1":[0,0],"2":[0,0],"3":[0,0],"4":[0,0],"5":[0,0],"6":[0,0]}}
,"/Users/suwei/dev/laksa/packages/laksa/src/index.js": {"path":"/Users/suwei/dev/laksa/packages/laksa/src/index.js","statementMap":{"0":{"start":{"line":3,"column":30},"end":{"line":3,"column":86}},"1":{"start":{"line":5,"column":0},"end":{"line":7,"column":3}},"2":{"start":{"line":8,"column":0},"end":{"line":8,"column":25}},"3":{"start":{"line":10,"column":12},"end":{"line":10,"column":58}},"4":{"start":{"line":13,"column":0},"end":{"line":15,"column":1}},"5":{"start":{"line":14,"column":2},"end":{"line":14,"column":23}},"6":{"start":{"line":17,"column":15},"end":{"line":17,"column":20}},"7":{"start":{"line":18,"column":0},"end":{"line":18,"column":27}},"8":{"start":{"line":19,"column":0},"end":{"line":19,"column":33}}},"fnMap":{},"branchMap":{"0":{"loc":{"start":{"line":13,"column":0},"end":{"line":15,"column":1}},"type":"if","locations":[{"start":{"line":13,"column":0},"end":{"line":15,"column":1}},{"start":{"line":13,"column":0},"end":{"line":15,"column":1}}],"line":13},"1":{"loc":{"start":{"line":13,"column":4},"end":{"line":13,"column":72}},"type":"binary-expr","locations":[{"start":{"line":13,"column":4},"end":{"line":13,"column":33}},{"start":{"line":13,"column":37},"end":{"line":13,"column":72}}],"line":13}},"s":{"0":0,"1":0,"2":0,"3":0,"4":0,"5":0,"6":0,"7":0,"8":0},"f":{},"b":{"0":[0,0],"1":[0,0]}}
}
