TN:
SF:/Users/suwei/dev/laksa/packages/laksa/index.js
FNF:0
FNH:0
DA:3,0
LF:1
LH:0
BRDA:3,0,0,0
BRDA:3,0,1,0
BRF:2
BRH:0
end_of_record
TN:
SF:/Users/suwei/dev/laksa/packages/laksa-core/index.js
FNF:0
FNH:0
DA:3,0
LF:1
LH:0
BRDA:3,0,0,0
BRDA:3,0,1,0
BRF:2
BRH:0
end_of_record
TN:
SF:/Users/suwei/dev/laksa/packages/laksa-core-crypto/index.js
FNF:0
FNH:0
DA:3,0
LF:1
LH:0
BRDA:3,0,0,0
BRDA:3,0,1,0
BRF:2
BRH:0
end_of_record
TN:
SF:/Users/suwei/dev/laksa/packages/laksa-core-crypto/lib/index.js
FN:11,_interopDefault
FN:47,Schnorr
FN:52,(anonymous_2)
FN:64,(anonymous_3)
FN:94,(anonymous_4)
FN:112,(anonymous_5)
FN:131,(anonymous_6)
FN:150,(anonymous_7)
FN:175,intToByteArray
FN:202,generatePrivateKey
FN:226,getAddressFromPrivateKey
FN:242,getPubKeyFromPrivateKey
FN:255,compressPublicKey
FN:268,getAddressFromPublicKey
FN:279,verifyPrivateKey
FN:295,encodeTransaction
FN:316,createTransactionJson
FNF:17
FNH:0
FNDA:0,_interopDefault
FNDA:0,Schnorr
FNDA:0,(anonymous_2)
FNDA:0,(anonymous_3)
FNDA:0,(anonymous_4)
FNDA:0,(anonymous_5)
FNDA:0,(anonymous_6)
FNDA:0,(anonymous_7)
FNDA:0,intToByteArray
FNDA:0,generatePrivateKey
FNDA:0,getAddressFromPrivateKey
FNDA:0,getPubKeyFromPrivateKey
FNDA:0,compressPublicKey
FNDA:0,getAddressFromPublicKey
FNDA:0,verifyPrivateKey
FNDA:0,encodeTransaction
FNDA:0,createTransactionJson
DA:3,0
DA:5,0
DA:7,0
DA:12,0
DA:15,0
DA:17,0
DA:19,0
DA:21,0
DA:23,0
DA:25,0
DA:27,0
DA:29,0
DA:31,0
DA:33,0
DA:35,0
DA:37,0
DA:38,0
DA:45,0
DA:47,0
DA:48,0
DA:50,0
DA:52,0
DA:53,0
DA:54,0
DA:56,0
DA:57,0
DA:58,0
DA:59,0
DA:60,0
DA:61,0
DA:64,0
DA:65,0
DA:66,0
DA:68,0
DA:70,0
DA:72,0
DA:74,0
DA:76,0
DA:78,0
DA:79,0
DA:80,0
DA:83,0
DA:85,0
DA:86,0
DA:87,0
DA:88,0
DA:94,0
DA:95,0
DA:97,0
DA:99,0
DA:101,0
DA:104,0
DA:105,0
DA:106,0
DA:109,0
DA:112,0
DA:113,0
DA:114,0
DA:115,0
DA:116,0
DA:117,0
DA:118,0
DA:119,0
DA:120,0
DA:122,0
DA:124,0
DA:125,0
DA:126,0
DA:129,0
DA:131,0
DA:132,0
DA:133,0
DA:135,0
DA:136,0
DA:137,0
DA:140,0
DA:142,0
DA:150,0
DA:151,0
DA:153,0
DA:154,0
DA:156,0
DA:157,0
DA:160,0
DA:164,0
DA:166,0
DA:167,0
DA:175,0
DA:176,0
DA:177,0
DA:178,0
DA:181,0
DA:182,0
DA:185,0
DA:186,0
DA:189,0
DA:190,0
DA:193,0
DA:202,0
DA:203,0
DA:204,0
DA:206,0
DA:208,0
DA:209,0
DA:210,0
DA:213,0
DA:226,0
DA:227,0
DA:228,0
DA:229,0
DA:242,0
DA:243,0
DA:244,0
DA:255,0
DA:256,0
DA:268,0
DA:269,0
DA:279,0
DA:280,0
DA:282,0
DA:283,0
DA:285,0
DA:295,0
DA:296,0
DA:297,0
DA:298,0
DA:303,0
DA:316,0
DA:317,0
DA:318,0
DA:329,0
DA:331,0
DA:332,0
DA:333,0
DA:335,0
DA:336,0
DA:339,0
DA:340,0
DA:343,0
DA:344,0
DA:347,0
DA:348,0
DA:349,0
DA:350,0
DA:351,0
DA:352,0
DA:353,0
DA:354,0
LF:148
LH:0
BRDA:12,0,0,0
BRDA:12,0,1,0
BRDA:12,1,0,0
BRDA:12,1,1,0
BRDA:12,1,2,0
BRDA:65,2,0,0
BRDA:65,2,1,0
BRDA:66,3,0,0
BRDA:66,3,1,0
BRDA:68,4,0,0
BRDA:68,4,1,0
BRDA:70,5,0,0
BRDA:70,5,1,0
BRDA:79,6,0,0
BRDA:79,6,1,0
BRDA:80,7,0,0
BRDA:80,7,1,0
BRDA:87,8,0,0
BRDA:87,8,1,0
BRDA:101,9,0,0
BRDA:101,9,1,0
BRDA:114,10,0,0
BRDA:114,10,1,0
BRDA:115,11,0,0
BRDA:115,11,1,0
BRDA:124,12,0,0
BRDA:124,12,1,0
BRDA:125,13,0,0
BRDA:125,13,1,0
BRDA:135,14,0,0
BRDA:135,14,1,0
BRDA:156,15,0,0
BRDA:156,15,1,0
BRDA:326,16,0,0
BRDA:326,16,1,0
BRDA:327,17,0,0
BRDA:327,17,1,0
BRF:37
BRH:0
end_of_record
TN:
SF:/Users/suwei/dev/laksa/packages/laksa-core-crypto/node/index.js
FN:9,(anonymous_0)
FN:11,(anonymous_1)
FN:22,_defineProperty
FN:47,Schnorr
FN:52,(anonymous_4)
FN:64,(anonymous_5)
FN:94,(anonymous_6)
FN:112,(anonymous_7)
FN:131,(anonymous_8)
FN:150,(anonymous_9)
FN:175,intToByteArray
FN:202,generatePrivateKey
FN:226,getAddressFromPrivateKey
FN:242,getPubKeyFromPrivateKey
FN:255,compressPublicKey
FN:268,getAddressFromPublicKey
FN:279,verifyPrivateKey
FN:295,encodeTransaction
FN:316,createTransactionJson
FNF:19
FNH:0
FNDA:0,(anonymous_0)
FNDA:0,(anonymous_1)
FNDA:0,_defineProperty
FNDA:0,Schnorr
FNDA:0,(anonymous_4)
FNDA:0,(anonymous_5)
FNDA:0,(anonymous_6)
FNDA:0,(anonymous_7)
FNDA:0,(anonymous_8)
FNDA:0,(anonymous_9)
FNDA:0,intToByteArray
FNDA:0,generatePrivateKey
FNDA:0,getAddressFromPrivateKey
FNDA:0,getPubKeyFromPrivateKey
FNDA:0,compressPublicKey
FNDA:0,getAddressFromPublicKey
FNDA:0,verifyPrivateKey
FNDA:0,encodeTransaction
FNDA:0,createTransactionJson
DA:3,0
DA:5,0
DA:7,0
DA:9,0
DA:10,0
DA:14,0
DA:15,0
DA:16,0
DA:17,0
DA:18,0
DA:19,0
DA:20,0
DA:23,0
DA:24,0
DA:31,0
DA:34,0
DA:37,0
DA:38,0
DA:45,0
DA:47,0
DA:48,0
DA:50,0
DA:52,0
DA:53,0
DA:54,0
DA:56,0
DA:57,0
DA:58,0
DA:59,0
DA:60,0
DA:61,0
DA:64,0
DA:65,0
DA:66,0
DA:68,0
DA:70,0
DA:72,0
DA:74,0
DA:76,0
DA:78,0
DA:79,0
DA:80,0
DA:83,0
DA:85,0
DA:86,0
DA:87,0
DA:88,0
DA:94,0
DA:95,0
DA:97,0
DA:99,0
DA:101,0
DA:104,0
DA:105,0
DA:106,0
DA:109,0
DA:112,0
DA:113,0
DA:114,0
DA:115,0
DA:116,0
DA:117,0
DA:118,0
DA:119,0
DA:120,0
DA:122,0
DA:124,0
DA:125,0
DA:126,0
DA:129,0
DA:131,0
DA:132,0
DA:133,0
DA:135,0
DA:136,0
DA:137,0
DA:140,0
DA:142,0
DA:150,0
DA:151,0
DA:153,0
DA:154,0
DA:156,0
DA:157,0
DA:160,0
DA:164,0
DA:166,0
DA:167,0
DA:175,0
DA:176,0
DA:177,0
DA:178,0
DA:181,0
DA:182,0
DA:185,0
DA:186,0
DA:189,0
DA:190,0
DA:193,0
DA:202,0
DA:203,0
DA:204,0
DA:206,0
DA:208,0
DA:209,0
DA:210,0
DA:213,0
DA:226,0
DA:227,0
DA:228,0
DA:229,0
DA:242,0
DA:243,0
DA:244,0
DA:255,0
DA:256,0
DA:268,0
DA:269,0
DA:279,0
DA:280,0
DA:282,0
DA:283,0
DA:285,0
DA:295,0
DA:296,0
DA:297,0
DA:298,0
DA:303,0
DA:316,0
DA:317,0
DA:318,0
DA:329,0
DA:331,0
DA:332,0
DA:333,0
DA:335,0
DA:336,0
DA:339,0
DA:340,0
DA:343,0
DA:344,0
DA:347,0
DA:348,0
DA:349,0
DA:350,0
DA:351,0
DA:352,0
DA:353,0
DA:354,0
DA:355,0
LF:150
LH:0
BRDA:10,0,0,0
BRDA:10,0,1,0
BRDA:10,1,0,0
BRDA:10,1,1,0
BRDA:10,2,0,0
BRDA:10,2,1,0
BRDA:10,3,0,0
BRDA:10,3,1,0
BRDA:10,4,0,0
BRDA:10,4,1,0
BRDA:14,5,0,0
BRDA:14,5,1,0
BRDA:14,6,0,0
BRDA:14,6,1,0
BRDA:15,7,0,0
BRDA:15,7,1,0
BRDA:15,8,0,0
BRDA:15,8,1,0
BRDA:16,9,0,0
BRDA:16,9,1,0
BRDA:16,10,0,0
BRDA:16,10,1,0
BRDA:17,11,0,0
BRDA:17,11,1,0
BRDA:17,12,0,0
BRDA:17,12,1,0
BRDA:18,13,0,0
BRDA:18,13,1,0
BRDA:18,14,0,0
BRDA:18,14,1,0
BRDA:19,15,0,0
BRDA:19,15,1,0
BRDA:19,16,0,0
BRDA:19,16,1,0
BRDA:20,17,0,0
BRDA:20,17,1,0
BRDA:20,18,0,0
BRDA:20,18,1,0
BRDA:23,19,0,0
BRDA:23,19,1,0
BRDA:65,20,0,0
BRDA:65,20,1,0
BRDA:66,21,0,0
BRDA:66,21,1,0
BRDA:68,22,0,0
BRDA:68,22,1,0
BRDA:70,23,0,0
BRDA:70,23,1,0
BRDA:79,24,0,0
BRDA:79,24,1,0
BRDA:80,25,0,0
BRDA:80,25,1,0
BRDA:87,26,0,0
BRDA:87,26,1,0
BRDA:101,27,0,0
BRDA:101,27,1,0
BRDA:114,28,0,0
BRDA:114,28,1,0
BRDA:115,29,0,0
BRDA:115,29,1,0
BRDA:124,30,0,0
BRDA:124,30,1,0
BRDA:125,31,0,0
BRDA:125,31,1,0
BRDA:135,32,0,0
BRDA:135,32,1,0
BRDA:156,33,0,0
BRDA:156,33,1,0
BRDA:326,34,0,0
BRDA:326,34,1,0
BRDA:327,35,0,0
BRDA:327,35,1,0
BRF:72
BRH:0
end_of_record
TN:
SF:/Users/suwei/dev/laksa/packages/laksa-core-crypto/src/index.js
FN:30,intToByteArray
FN:57,generatePrivateKey
FN:83,getAddressFromPrivateKey
FN:101,getPubKeyFromPrivateKey
FN:116,compressPublicKey
FN:131,getAddressFromPublicKey
FN:144,verifyPrivateKey
FN:162,encodeTransaction
FN:185,createTransactionJson
FNF:9
FNH:0
FNDA:0,intToByteArray
FNDA:0,generatePrivateKey
FNDA:0,getAddressFromPrivateKey
FNDA:0,getPubKeyFromPrivateKey
FNDA:0,compressPublicKey
FNDA:0,getAddressFromPublicKey
FNDA:0,verifyPrivateKey
FNDA:0,encodeTransaction
FNDA:0,createTransactionJson
DA:3,0
DA:5,0
DA:8,0
DA:10,0
DA:12,0
DA:14,0
DA:16,0
DA:18,0
DA:20,0
DA:22,0
DA:30,0
DA:31,0
DA:32,0
DA:33,0
DA:36,0
DA:37,0
DA:40,0
DA:41,0
DA:44,0
DA:45,0
DA:48,0
DA:57,0
DA:58,0
DA:59,0
DA:61,0
DA:63,0
DA:64,0
DA:65,0
DA:68,0
DA:81,0
DA:83,0
DA:84,0
DA:85,0
DA:86,0
DA:99,0
DA:101,0
DA:102,0
DA:103,0
DA:114,0
DA:116,0
DA:117,0
DA:129,0
DA:131,0
DA:132,0
DA:142,0
DA:144,0
DA:145,0
DA:147,0
DA:148,0
DA:150,0
DA:160,0
DA:162,0
DA:163,0
DA:164,0
DA:165,0
DA:170,0
DA:183,0
DA:185,0
DA:186,0
DA:187,0
DA:198,0
DA:200,0
DA:201,0
DA:202,0
DA:204,0
DA:205,0
DA:208,0
DA:209,0
DA:212,0
DA:213,0
DA:216,0
LF:71
LH:0
BRDA:195,0,0,0
BRDA:195,0,1,0
BRDA:196,1,0,0
BRDA:196,1,1,0
BRF:4
BRH:0
end_of_record
TN:
SF:/Users/suwei/dev/laksa/packages/laksa-core-crypto/src/schnorr.js
FN:36,Schnorr
FN:40,(anonymous_1)
FN:52,(anonymous_2)
FN:81,(anonymous_3)
FN:98,(anonymous_4)
FN:115,(anonymous_5)
FN:133,(anonymous_6)
FNF:7
FNH:0
FNDA:0,Schnorr
FNDA:0,(anonymous_1)
FNDA:0,(anonymous_2)
FNDA:0,(anonymous_3)
FNDA:0,(anonymous_4)
FNDA:0,(anonymous_5)
FNDA:0,(anonymous_6)
DA:3,0
DA:5,0
DA:8,0
DA:10,0
DA:12,0
DA:14,0
DA:16,0
DA:18,0
DA:20,0
DA:22,0
DA:24,0
DA:26,0
DA:27,0
DA:34,0
DA:36,0
DA:37,0
DA:39,0
DA:40,0
DA:41,0
DA:43,0
DA:45,0
DA:46,0
DA:47,0
DA:48,0
DA:49,0
DA:50,0
DA:52,0
DA:53,0
DA:54,0
DA:56,0
DA:58,0
DA:60,0
DA:62,0
DA:64,0
DA:66,0
DA:67,0
DA:68,0
DA:71,0
DA:73,0
DA:74,0
DA:75,0
DA:76,0
DA:81,0
DA:82,0
DA:84,0
DA:86,0
DA:88,0
DA:91,0
DA:92,0
DA:93,0
DA:96,0
DA:98,0
DA:99,0
DA:100,0
DA:101,0
DA:102,0
DA:103,0
DA:104,0
DA:105,0
DA:106,0
DA:108,0
DA:110,0
DA:111,0
DA:112,0
DA:114,0
DA:115,0
DA:116,0
DA:117,0
DA:119,0
DA:120,0
DA:121,0
DA:124,0
DA:126,0
DA:133,0
DA:134,0
DA:136,0
DA:137,0
DA:139,0
DA:140,0
DA:143,0
DA:147,0
DA:148,0
DA:149,0
LF:83
LH:0
BRDA:53,0,0,0
BRDA:53,0,1,0
BRDA:54,1,0,0
BRDA:54,1,1,0
BRDA:56,2,0,0
BRDA:56,2,1,0
BRDA:58,3,0,0
BRDA:58,3,1,0
BRDA:67,4,0,0
BRDA:67,4,1,0
BRDA:68,5,0,0
BRDA:68,5,1,0
BRDA:75,6,0,0
BRDA:75,6,1,0
BRDA:88,7,0,0
BRDA:88,7,1,0
BRDA:100,8,0,0
BRDA:100,8,1,0
BRDA:101,9,0,0
BRDA:101,9,1,0
BRDA:110,10,0,0
BRDA:110,10,1,0
BRDA:111,11,0,0
BRDA:111,11,1,0
BRDA:119,12,0,0
BRDA:119,12,1,0
BRDA:139,13,0,0
BRDA:139,13,1,0
BRF:28
BRH:0
end_of_record
TN:
SF:/Users/suwei/dev/laksa/packages/laksa-core/lib/index.js
FN:7,_interopDefault
FN:35,Laksa
FN:50,_callee
FN:52,_callee$
FN:77,(anonymous_4)
FN:81,(anonymous_5)
FN:85,(anonymous_6)
FN:89,(anonymous_7)
FN:93,(anonymous_8)
FN:97,(anonymous_9)
FNF:10
FNH:0
FNDA:0,_interopDefault
FNDA:0,Laksa
FNDA:0,_callee
FNDA:0,_callee$
FNDA:0,(anonymous_4)
FNDA:0,(anonymous_5)
FNDA:0,(anonymous_6)
FNDA:0,(anonymous_7)
FNDA:0,(anonymous_8)
FNDA:0,(anonymous_9)
DA:3,0
DA:5,0
DA:8,0
DA:11,0
DA:13,0
DA:15,0
DA:17,0
DA:19,0
DA:21,0
DA:23,0
DA:25,0
DA:27,0
DA:35,0
DA:36,0
DA:38,0
DA:40,0
DA:44,0
DA:46,0
DA:52,0
DA:53,0
DA:54,0
DA:56,0
DA:57,0
DA:60,0
DA:61,0
DA:62,0
DA:65,0
DA:66,0
DA:67,0
DA:71,0
DA:77,0
DA:78,0
DA:81,0
DA:82,0
DA:85,0
DA:86,0
DA:89,0
DA:90,0
DA:93,0
DA:94,0
DA:97,0
DA:98,0
DA:100,0
DA:104,0
DA:106,0
DA:108,0
DA:109,0
DA:111,0
DA:114,0
LF:49
LH:0
BRDA:8,0,0,0
BRDA:8,0,1,0
BRDA:8,1,0,0
BRDA:8,1,1,0
BRDA:8,1,2,0
BRDA:54,2,0,0
BRDA:54,2,1,0
BRDA:54,2,2,0
BRDA:54,2,3,0
BRDA:54,2,4,0
BRDA:104,3,0,0
BRDA:104,3,1,0
BRF:12
BRH:0
end_of_record
TN:
SF:/Users/suwei/dev/laksa/packages/laksa-core/node/index.js
FN:13,(anonymous_0)
FN:15,(anonymous_1)
FN:20,_defineProperty
FN:43,Laksa
FN:58,_callee
FN:60,_callee$
FN:85,(anonymous_6)
FN:89,(anonymous_7)
FN:93,(anonymous_8)
FN:97,(anonymous_9)
FN:101,(anonymous_10)
FN:105,(anonymous_11)
FNF:12
FNH:0
FNDA:0,(anonymous_0)
FNDA:0,(anonymous_1)
FNDA:0,_defineProperty
FNDA:0,Laksa
FNDA:0,_callee
FNDA:0,_callee$
FNDA:0,(anonymous_6)
FNDA:0,(anonymous_7)
FNDA:0,(anonymous_8)
FNDA:0,(anonymous_9)
FNDA:0,(anonymous_10)
FNDA:0,(anonymous_11)
DA:3,0
DA:5,0
DA:7,0
DA:9,0
DA:11,0
DA:13,0
DA:14,0
DA:18,0
DA:21,0
DA:22,0
DA:29,0
DA:32,0
DA:35,0
DA:43,0
DA:44,0
DA:46,0
DA:48,0
DA:52,0
DA:54,0
DA:60,0
DA:61,0
DA:62,0
DA:64,0
DA:65,0
DA:68,0
DA:69,0
DA:70,0
DA:73,0
DA:74,0
DA:75,0
DA:79,0
DA:85,0
DA:86,0
DA:89,0
DA:90,0
DA:93,0
DA:94,0
DA:97,0
DA:98,0
DA:101,0
DA:102,0
DA:105,0
DA:106,0
DA:108,0
DA:112,0
DA:114,0
DA:116,0
DA:117,0
DA:119,0
DA:122,0
LF:50
LH:0
BRDA:14,0,0,0
BRDA:14,0,1,0
BRDA:14,1,0,0
BRDA:14,1,1,0
BRDA:14,2,0,0
BRDA:14,2,1,0
BRDA:14,3,0,0
BRDA:14,3,1,0
BRDA:14,4,0,0
BRDA:14,4,1,0
BRDA:18,5,0,0
BRDA:18,5,1,0
BRDA:18,6,0,0
BRDA:18,6,1,0
BRDA:21,7,0,0
BRDA:21,7,1,0
BRDA:62,8,0,0
BRDA:62,8,1,0
BRDA:62,8,2,0
BRDA:62,8,3,0
BRDA:62,8,4,0
BRDA:112,9,0,0
BRDA:112,9,1,0
BRF:23
BRH:0
end_of_record
TN:
SF:/Users/suwei/dev/laksa/packages/laksa-core/src/config.js
FNF:0
FNH:0
DA:3,0
DA:6,0
DA:7,0
DA:14,0
DA:15,0
LF:5
LH:0
BRF:0
BRH:0
end_of_record
TN:
SF:/Users/suwei/dev/laksa/packages/laksa-core/src/index.js
FN:34,Laksa
FN:46,_callee
FN:48,_callee$
FN:72,(anonymous_3)
FN:75,(anonymous_4)
FN:78,(anonymous_5)
FN:81,(anonymous_6)
FN:84,(anonymous_7)
FN:87,(anonymous_8)
FNF:9
FNH:0
FNDA:0,Laksa
FNDA:0,_callee
FNDA:0,_callee$
FNDA:0,(anonymous_3)
FNDA:0,(anonymous_4)
FNDA:0,(anonymous_5)
FNDA:0,(anonymous_6)
FNDA:0,(anonymous_7)
FNDA:0,(anonymous_8)
DA:3,0
DA:5,0
DA:7,0
DA:10,0
DA:12,0
DA:14,0
DA:16,0
DA:18,0
DA:20,0
DA:22,0
DA:24,0
DA:26,0
DA:34,0
DA:35,0
DA:37,0
DA:38,0
DA:41,0
DA:42,0
DA:48,0
DA:49,0
DA:50,0
DA:52,0
DA:53,0
DA:56,0
DA:57,0
DA:58,0
DA:61,0
DA:62,0
DA:63,0
DA:67,0
DA:72,0
DA:73,0
DA:75,0
DA:76,0
DA:78,0
DA:79,0
DA:81,0
DA:82,0
DA:84,0
DA:85,0
DA:87,0
DA:88,0
DA:90,0
DA:93,0
DA:95,0
DA:97,0
DA:98,0
DA:100,0
DA:103,0
DA:104,0
DA:105,0
LF:51
LH:0
BRDA:50,0,0,0
BRDA:50,0,1,0
BRDA:50,0,2,0
BRDA:50,0,3,0
BRDA:50,0,4,0
BRDA:93,1,0,0
BRDA:93,1,1,0
BRF:7
BRH:0
end_of_record
TN:
SF:/Users/suwei/dev/laksa/packages/laksa-request/index.js
FNF:0
FNH:0
DA:3,0
LF:1
LH:0
BRDA:3,0,0,0
BRDA:3,0,1,0
BRF:2
BRH:0
end_of_record
TN:
SF:/Users/suwei/dev/laksa/packages/laksa-request/lib/index.js
FN:11,_interopDefault
FN:35,HttpProvider
FN:40,(anonymous_2)
FN:51,(anonymous_3)
FN:65,(anonymous_4)
FN:68,_callee
FN:70,_callee$
FN:75,(anonymous_7)
FN:82,(anonymous_8)
FN:98,(anonymous_9)
FN:105,(anonymous_10)
FN:108,_callee2
FN:110,_callee2$
FN:115,(anonymous_13)
FN:122,(anonymous_14)
FN:138,(anonymous_15)
FN:143,(anonymous_16)
FN:146,(anonymous_17)
FN:153,(anonymous_18)
FN:158,(anonymous_19)
FN:161,(anonymous_20)
FN:168,(anonymous_21)
FN:181,JsonRpc
FN:186,(anonymous_23)
FN:198,(anonymous_24)
FN:199,(anonymous_25)
FN:207,Messanger
FN:214,(anonymous_27)
FN:217,_callee
FN:219,_callee$
FN:248,(anonymous_30)
FN:253,(anonymous_31)
FN:261,(anonymous_32)
FN:270,(anonymous_33)
FN:278,(anonymous_34)
FN:289,(anonymous_35)
FN:292,_callee2
FN:294,_callee2$
FN:322,(anonymous_38)
FN:327,(anonymous_39)
FN:334,(anonymous_40)
FN:343,(anonymous_41)
FN:350,(anonymous_42)
FN:359,(anonymous_43)
FNF:44
FNH:0
FNDA:0,_interopDefault
FNDA:0,HttpProvider
FNDA:0,(anonymous_2)
FNDA:0,(anonymous_3)
FNDA:0,(anonymous_4)
FNDA:0,_callee
FNDA:0,_callee$
FNDA:0,(anonymous_7)
FNDA:0,(anonymous_8)
FNDA:0,(anonymous_9)
FNDA:0,(anonymous_10)
FNDA:0,_callee2
FNDA:0,_callee2$
FNDA:0,(anonymous_13)
FNDA:0,(anonymous_14)
FNDA:0,(anonymous_15)
FNDA:0,(anonymous_16)
FNDA:0,(anonymous_17)
FNDA:0,(anonymous_18)
FNDA:0,(anonymous_19)
FNDA:0,(anonymous_20)
FNDA:0,(anonymous_21)
FNDA:0,JsonRpc
FNDA:0,(anonymous_23)
FNDA:0,(anonymous_24)
FNDA:0,(anonymous_25)
FNDA:0,Messanger
FNDA:0,(anonymous_27)
FNDA:0,_callee
FNDA:0,_callee$
FNDA:0,(anonymous_30)
FNDA:0,(anonymous_31)
FNDA:0,(anonymous_32)
FNDA:0,(anonymous_33)
FNDA:0,(anonymous_34)
FNDA:0,(anonymous_35)
FNDA:0,_callee2
FNDA:0,_callee2$
FNDA:0,(anonymous_38)
FNDA:0,(anonymous_39)
FNDA:0,(anonymous_40)
FNDA:0,(anonymous_41)
FNDA:0,(anonymous_42)
FNDA:0,(anonymous_43)
DA:3,0
DA:5,0
DA:7,0
DA:12,0
DA:15,0
DA:17,0
DA:19,0
DA:21,0
DA:23,0
DA:25,0
DA:27,0
DA:29,0
DA:31,0
DA:33,0
DA:35,0
DA:36,0
DA:38,0
DA:40,0
DA:41,0
DA:43,0
DA:44,0
DA:45,0
DA:48,0
DA:50,0
DA:51,0
DA:52,0
DA:56,0
DA:57,0
DA:60,0
DA:63,0
DA:66,0
DA:70,0
DA:71,0
DA:72,0
DA:74,0
DA:75,0
DA:76,0
DA:77,0
DA:79,0
DA:80,0
DA:83,0
DA:87,0
DA:88,0
DA:92,0
DA:98,0
DA:99,0
DA:103,0
DA:106,0
DA:110,0
DA:111,0
DA:112,0
DA:114,0
DA:115,0
DA:116,0
DA:117,0
DA:119,0
DA:120,0
DA:123,0
DA:127,0
DA:128,0
DA:132,0
DA:138,0
DA:139,0
DA:143,0
DA:146,0
DA:147,0
DA:148,0
DA:150,0
DA:151,0
DA:154,0
DA:158,0
DA:161,0
DA:162,0
DA:163,0
DA:165,0
DA:166,0
DA:169,0
DA:173,0
DA:174,0
DA:175,0
DA:176,0
DA:177,0
DA:178,0
DA:181,0
DA:182,0
DA:184,0
DA:186,0
DA:187,0
DA:189,0
DA:190,0
DA:198,0
DA:199,0
DA:200,0
DA:204,0
DA:207,0
DA:208,0
DA:210,0
DA:212,0
DA:215,0
DA:219,0
DA:220,0
DA:221,0
DA:223,0
DA:224,0
DA:225,0
DA:228,0
DA:229,0
DA:232,0
DA:233,0
DA:234,0
DA:237,0
DA:238,0
DA:242,0
DA:248,0
DA:249,0
DA:253,0
DA:254,0
DA:255,0
DA:256,0
DA:259,0
DA:261,0
DA:262,0
DA:263,0
DA:266,0
DA:270,0
DA:271,0
DA:272,0
DA:273,0
DA:276,0
DA:278,0
DA:279,0
DA:280,0
DA:283,0
DA:287,0
DA:290,0
DA:294,0
DA:295,0
DA:296,0
DA:298,0
DA:299,0
DA:300,0
DA:303,0
DA:304,0
DA:307,0
DA:308,0
DA:311,0
DA:312,0
DA:316,0
DA:322,0
DA:323,0
DA:327,0
DA:328,0
DA:329,0
DA:330,0
DA:334,0
DA:335,0
DA:336,0
DA:339,0
DA:343,0
DA:344,0
DA:345,0
DA:346,0
DA:350,0
DA:351,0
DA:352,0
DA:355,0
DA:359,0
DA:360,0
DA:363,0
DA:364,0
DA:367,0
DA:368,0
DA:369,0
LF:173
LH:0
BRDA:12,0,0,0
BRDA:12,0,1,0
BRDA:12,1,0,0
BRDA:12,1,1,0
BRDA:12,1,2,0
BRDA:43,2,0,0
BRDA:43,2,1,0
BRDA:43,3,0,0
BRDA:43,3,1,0
BRDA:50,4,0,0
BRDA:50,4,1,0
BRDA:56,5,0,0
BRDA:56,5,1,0
BRDA:72,6,0,0
BRDA:72,6,1,0
BRDA:72,6,2,0
BRDA:72,6,3,0
BRDA:79,7,0,0
BRDA:79,7,1,0
BRDA:79,8,0,0
BRDA:79,8,1,0
BRDA:112,9,0,0
BRDA:112,9,1,0
BRDA:112,9,2,0
BRDA:112,9,3,0
BRDA:119,10,0,0
BRDA:119,10,1,0
BRDA:119,11,0,0
BRDA:119,11,1,0
BRDA:150,12,0,0
BRDA:150,12,1,0
BRDA:150,13,0,0
BRDA:150,13,1,0
BRDA:165,14,0,0
BRDA:165,14,1,0
BRDA:165,15,0,0
BRDA:165,15,1,0
BRDA:173,16,0,0
BRDA:173,16,1,0
BRDA:174,17,0,0
BRDA:174,17,1,0
BRDA:175,18,0,0
BRDA:175,18,1,0
BRDA:176,19,0,0
BRDA:176,19,1,0
BRDA:187,20,0,0
BRDA:187,20,1,0
BRDA:194,21,0,0
BRDA:194,21,1,0
BRDA:221,22,0,0
BRDA:221,22,1,0
BRDA:221,22,2,0
BRDA:221,22,3,0
BRDA:221,22,4,0
BRDA:223,23,0,0
BRDA:223,23,1,0
BRDA:254,24,0,0
BRDA:254,24,1,0
BRDA:262,25,0,0
BRDA:262,25,1,0
BRDA:271,26,0,0
BRDA:271,26,1,0
BRDA:279,27,0,0
BRDA:279,27,1,0
BRDA:296,28,0,0
BRDA:296,28,1,0
BRDA:296,28,2,0
BRDA:296,28,3,0
BRDA:296,28,4,0
BRDA:298,29,0,0
BRDA:298,29,1,0
BRDA:328,30,0,0
BRDA:328,30,1,0
BRDA:335,31,0,0
BRDA:335,31,1,0
BRDA:344,32,0,0
BRDA:344,32,1,0
BRDA:351,33,0,0
BRDA:351,33,1,0
BRF:79
BRH:0
end_of_record
TN:
SF:/Users/suwei/dev/laksa/packages/laksa-request/node/index.js
FN:13,(anonymous_0)
FN:15,(anonymous_1)
FN:20,_defineProperty
FN:35,HttpProvider
FN:40,(anonymous_4)
FN:51,(anonymous_5)
FN:65,(anonymous_6)
FN:68,_callee
FN:70,_callee$
FN:75,(anonymous_9)
FN:82,(anonymous_10)
FN:98,(anonymous_11)
FN:105,(anonymous_12)
FN:108,_callee2
FN:110,_callee2$
FN:115,(anonymous_15)
FN:122,(anonymous_16)
FN:138,(anonymous_17)
FN:143,(anonymous_18)
FN:146,(anonymous_19)
FN:153,(anonymous_20)
FN:158,(anonymous_21)
FN:161,(anonymous_22)
FN:168,(anonymous_23)
FN:181,JsonRpc
FN:186,(anonymous_25)
FN:198,(anonymous_26)
FN:199,(anonymous_27)
FN:207,Messanger
FN:214,(anonymous_29)
FN:217,_callee3
FN:219,_callee3$
FN:248,(anonymous_32)
FN:253,(anonymous_33)
FN:261,(anonymous_34)
FN:270,(anonymous_35)
FN:278,(anonymous_36)
FN:289,(anonymous_37)
FN:292,_callee4
FN:294,_callee4$
FN:322,(anonymous_40)
FN:327,(anonymous_41)
FN:334,(anonymous_42)
FN:343,(anonymous_43)
FN:350,(anonymous_44)
FN:359,(anonymous_45)
FNF:46
FNH:0
FNDA:0,(anonymous_0)
FNDA:0,(anonymous_1)
FNDA:0,_defineProperty
FNDA:0,HttpProvider
FNDA:0,(anonymous_4)
FNDA:0,(anonymous_5)
FNDA:0,(anonymous_6)
FNDA:0,_callee
FNDA:0,_callee$
FNDA:0,(anonymous_9)
FNDA:0,(anonymous_10)
FNDA:0,(anonymous_11)
FNDA:0,(anonymous_12)
FNDA:0,_callee2
FNDA:0,_callee2$
FNDA:0,(anonymous_15)
FNDA:0,(anonymous_16)
FNDA:0,(anonymous_17)
FNDA:0,(anonymous_18)
FNDA:0,(anonymous_19)
FNDA:0,(anonymous_20)
FNDA:0,(anonymous_21)
FNDA:0,(anonymous_22)
FNDA:0,(anonymous_23)
FNDA:0,JsonRpc
FNDA:0,(anonymous_25)
FNDA:0,(anonymous_26)
FNDA:0,(anonymous_27)
FNDA:0,Messanger
FNDA:0,(anonymous_29)
FNDA:0,_callee3
FNDA:0,_callee3$
FNDA:0,(anonymous_32)
FNDA:0,(anonymous_33)
FNDA:0,(anonymous_34)
FNDA:0,(anonymous_35)
FNDA:0,(anonymous_36)
FNDA:0,(anonymous_37)
FNDA:0,_callee4
FNDA:0,_callee4$
FNDA:0,(anonymous_40)
FNDA:0,(anonymous_41)
FNDA:0,(anonymous_42)
FNDA:0,(anonymous_43)
FNDA:0,(anonymous_44)
FNDA:0,(anonymous_45)
DA:3,0
DA:5,0
DA:7,0
DA:9,0
DA:11,0
DA:13,0
DA:14,0
DA:18,0
DA:21,0
DA:22,0
DA:29,0
DA:32,0
DA:35,0
DA:36,0
DA:38,0
DA:40,0
DA:41,0
DA:43,0
DA:44,0
DA:45,0
DA:48,0
DA:50,0
DA:51,0
DA:52,0
DA:56,0
DA:57,0
DA:60,0
DA:63,0
DA:66,0
DA:70,0
DA:71,0
DA:72,0
DA:74,0
DA:75,0
DA:76,0
DA:77,0
DA:79,0
DA:80,0
DA:83,0
DA:87,0
DA:88,0
DA:92,0
DA:98,0
DA:99,0
DA:103,0
DA:106,0
DA:110,0
DA:111,0
DA:112,0
DA:114,0
DA:115,0
DA:116,0
DA:117,0
DA:119,0
DA:120,0
DA:123,0
DA:127,0
DA:128,0
DA:132,0
DA:138,0
DA:139,0
DA:143,0
DA:146,0
DA:147,0
DA:148,0
DA:150,0
DA:151,0
DA:154,0
DA:158,0
DA:161,0
DA:162,0
DA:163,0
DA:165,0
DA:166,0
DA:169,0
DA:173,0
DA:174,0
DA:175,0
DA:176,0
DA:177,0
DA:178,0
DA:181,0
DA:182,0
DA:184,0
DA:186,0
DA:187,0
DA:189,0
DA:190,0
DA:198,0
DA:199,0
DA:200,0
DA:204,0
DA:207,0
DA:208,0
DA:210,0
DA:212,0
DA:215,0
DA:219,0
DA:220,0
DA:221,0
DA:223,0
DA:224,0
DA:225,0
DA:228,0
DA:229,0
DA:232,0
DA:233,0
DA:234,0
DA:237,0
DA:238,0
DA:242,0
DA:248,0
DA:249,0
DA:253,0
DA:254,0
DA:255,0
DA:256,0
DA:259,0
DA:261,0
DA:262,0
DA:263,0
DA:266,0
DA:270,0
DA:271,0
DA:272,0
DA:273,0
DA:276,0
DA:278,0
DA:279,0
DA:280,0
DA:283,0
DA:287,0
DA:290,0
DA:294,0
DA:295,0
DA:296,0
DA:298,0
DA:299,0
DA:300,0
DA:303,0
DA:304,0
DA:307,0
DA:308,0
DA:311,0
DA:312,0
DA:316,0
DA:322,0
DA:323,0
DA:327,0
DA:328,0
DA:329,0
DA:330,0
DA:334,0
DA:335,0
DA:336,0
DA:339,0
DA:343,0
DA:344,0
DA:345,0
DA:346,0
DA:350,0
DA:351,0
DA:352,0
DA:355,0
DA:359,0
DA:360,0
DA:363,0
DA:364,0
DA:367,0
DA:368,0
DA:369,0
DA:370,0
LF:172
LH:0
BRDA:14,0,0,0
BRDA:14,0,1,0
BRDA:14,1,0,0
BRDA:14,1,1,0
BRDA:14,2,0,0
BRDA:14,2,1,0
BRDA:14,3,0,0
BRDA:14,3,1,0
BRDA:14,4,0,0
BRDA:14,4,1,0
BRDA:18,5,0,0
BRDA:18,5,1,0
BRDA:18,6,0,0
BRDA:18,6,1,0
BRDA:21,7,0,0
BRDA:21,7,1,0
BRDA:43,8,0,0
BRDA:43,8,1,0
BRDA:43,9,0,0
BRDA:43,9,1,0
BRDA:50,10,0,0
BRDA:50,10,1,0
BRDA:56,11,0,0
BRDA:56,11,1,0
BRDA:72,12,0,0
BRDA:72,12,1,0
BRDA:72,12,2,0
BRDA:72,12,3,0
BRDA:79,13,0,0
BRDA:79,13,1,0
BRDA:79,14,0,0
BRDA:79,14,1,0
BRDA:112,15,0,0
BRDA:112,15,1,0
BRDA:112,15,2,0
BRDA:112,15,3,0
BRDA:119,16,0,0
BRDA:119,16,1,0
BRDA:119,17,0,0
BRDA:119,17,1,0
BRDA:150,18,0,0
BRDA:150,18,1,0
BRDA:150,19,0,0
BRDA:150,19,1,0
BRDA:165,20,0,0
BRDA:165,20,1,0
BRDA:165,21,0,0
BRDA:165,21,1,0
BRDA:173,22,0,0
BRDA:173,22,1,0
BRDA:174,23,0,0
BRDA:174,23,1,0
BRDA:175,24,0,0
BRDA:175,24,1,0
BRDA:176,25,0,0
BRDA:176,25,1,0
BRDA:187,26,0,0
BRDA:187,26,1,0
BRDA:194,27,0,0
BRDA:194,27,1,0
BRDA:221,28,0,0
BRDA:221,28,1,0
BRDA:221,28,2,0
BRDA:221,28,3,0
BRDA:221,28,4,0
BRDA:223,29,0,0
BRDA:223,29,1,0
BRDA:254,30,0,0
BRDA:254,30,1,0
BRDA:262,31,0,0
BRDA:262,31,1,0
BRDA:271,32,0,0
BRDA:271,32,1,0
BRDA:279,33,0,0
BRDA:279,33,1,0
BRDA:296,34,0,0
BRDA:296,34,1,0
BRDA:296,34,2,0
BRDA:296,34,3,0
BRDA:296,34,4,0
BRDA:298,35,0,0
BRDA:298,35,1,0
BRDA:328,36,0,0
BRDA:328,36,1,0
BRDA:335,37,0,0
BRDA:335,37,1,0
BRDA:344,38,0,0
BRDA:344,38,1,0
BRDA:351,39,0,0
BRDA:351,39,1,0
BRF:90
BRH:0
end_of_record
TN:
SF:/Users/suwei/dev/laksa/packages/laksa-request/src/httpProvider.js
FN:21,HttpProvider
FN:25,(anonymous_1)
FN:36,(anonymous_2)
FN:49,(anonymous_3)
FN:52,_callee
FN:54,_callee$
FN:59,(anonymous_6)
FN:66,(anonymous_7)
FN:82,(anonymous_8)
FN:88,(anonymous_9)
FN:91,_callee2
FN:93,_callee2$
FN:98,(anonymous_12)
FN:105,(anonymous_13)
FN:121,(anonymous_14)
FN:125,(anonymous_15)
FN:128,(anonymous_16)
FN:135,(anonymous_17)
FN:139,(anonymous_18)
FN:142,(anonymous_19)
FN:149,(anonymous_20)
FNF:21
FNH:0
FNDA:0,HttpProvider
FNDA:0,(anonymous_1)
FNDA:0,(anonymous_2)
FNDA:0,(anonymous_3)
FNDA:0,_callee
FNDA:0,_callee$
FNDA:0,(anonymous_6)
FNDA:0,(anonymous_7)
FNDA:0,(anonymous_8)
FNDA:0,(anonymous_9)
FNDA:0,_callee2
FNDA:0,_callee2$
FNDA:0,(anonymous_12)
FNDA:0,(anonymous_13)
FNDA:0,(anonymous_14)
FNDA:0,(anonymous_15)
FNDA:0,(anonymous_16)
FNDA:0,(anonymous_17)
FNDA:0,(anonymous_18)
FNDA:0,(anonymous_19)
FNDA:0,(anonymous_20)
DA:3,0
DA:5,0
DA:8,0
DA:10,0
DA:12,0
DA:14,0
DA:16,0
DA:18,0
DA:21,0
DA:22,0
DA:24,0
DA:25,0
DA:26,0
DA:28,0
DA:29,0
DA:30,0
DA:33,0
DA:35,0
DA:36,0
DA:37,0
DA:41,0
DA:42,0
DA:45,0
DA:47,0
DA:50,0
DA:54,0
DA:55,0
DA:56,0
DA:58,0
DA:59,0
DA:60,0
DA:61,0
DA:63,0
DA:64,0
DA:67,0
DA:71,0
DA:72,0
DA:76,0
DA:82,0
DA:83,0
DA:86,0
DA:89,0
DA:93,0
DA:94,0
DA:95,0
DA:97,0
DA:98,0
DA:99,0
DA:100,0
DA:102,0
DA:103,0
DA:106,0
DA:110,0
DA:111,0
DA:115,0
DA:121,0
DA:122,0
DA:125,0
DA:128,0
DA:129,0
DA:130,0
DA:132,0
DA:133,0
DA:136,0
DA:139,0
DA:142,0
DA:143,0
DA:144,0
DA:146,0
DA:147,0
DA:150,0
DA:153,0
DA:154,0
DA:155,0
DA:156,0
DA:157,0
DA:158,0
DA:161,0
DA:162,0
DA:163,0
LF:80
LH:0
BRDA:28,0,0,0
BRDA:28,0,1,0
BRDA:28,1,0,0
BRDA:28,1,1,0
BRDA:35,2,0,0
BRDA:35,2,1,0
BRDA:41,3,0,0
BRDA:41,3,1,0
BRDA:56,4,0,0
BRDA:56,4,1,0
BRDA:56,4,2,0
BRDA:56,4,3,0
BRDA:63,5,0,0
BRDA:63,5,1,0
BRDA:63,6,0,0
BRDA:63,6,1,0
BRDA:95,7,0,0
BRDA:95,7,1,0
BRDA:95,7,2,0
BRDA:95,7,3,0
BRDA:102,8,0,0
BRDA:102,8,1,0
BRDA:102,9,0,0
BRDA:102,9,1,0
BRDA:132,10,0,0
BRDA:132,10,1,0
BRDA:132,11,0,0
BRDA:132,11,1,0
BRDA:146,12,0,0
BRDA:146,12,1,0
BRDA:146,13,0,0
BRDA:146,13,1,0
BRDA:153,14,0,0
BRDA:153,14,1,0
BRDA:154,15,0,0
BRDA:154,15,1,0
BRDA:155,16,0,0
BRDA:155,16,1,0
BRDA:156,17,0,0
BRDA:156,17,1,0
BRF:40
BRH:0
end_of_record
TN:
SF:/Users/suwei/dev/laksa/packages/laksa-request/src/index.js
FN:10,get
FN:16,get
FN:22,get
FNF:3
FNH:0
FNDA:0,get
FNDA:0,get
FNDA:0,get
DA:3,0
DA:5,0
DA:8,0
DA:11,0
DA:14,0
DA:17,0
DA:20,0
DA:23,0
DA:27,0
DA:29,0
DA:31,0
LF:11
LH:0
BRF:0
BRH:0
end_of_record
TN:
SF:/Users/suwei/dev/laksa/packages/laksa-request/src/jsonRpc.js
FN:14,JsonRpc
FN:18,(anonymous_1)
FN:29,(anonymous_2)
FN:30,(anonymous_3)
FNF:4
FNH:0
FNDA:0,JsonRpc
FNDA:0,(anonymous_1)
FNDA:0,(anonymous_2)
FNDA:0,(anonymous_3)
DA:3,0
DA:5,0
DA:8,0
DA:10,0
DA:12,0
DA:14,0
DA:15,0
DA:17,0
DA:18,0
DA:19,0
DA:21,0
DA:22,0
DA:29,0
DA:30,0
DA:31,0
DA:34,0
DA:37,0
DA:38,0
DA:39,0
LF:19
LH:0
BRDA:19,0,0,0
BRDA:19,0,1,0
BRDA:26,1,0,0
BRDA:26,1,1,0
BRF:4
BRH:0
end_of_record
TN:
SF:/Users/suwei/dev/laksa/packages/laksa-request/src/messanger.js
FN:22,Messanger
FN:28,(anonymous_1)
FN:31,_callee
FN:33,_callee$
FN:62,(anonymous_4)
FN:66,(anonymous_5)
FN:74,(anonymous_6)
FN:82,(anonymous_7)
FN:90,(anonymous_8)
FN:100,(anonymous_9)
FN:103,_callee2
FN:105,_callee2$
FN:133,(anonymous_12)
FN:137,(anonymous_13)
FN:144,(anonymous_14)
FN:152,(anonymous_15)
FN:159,(anonymous_16)
FN:167,(anonymous_17)
FNF:18
FNH:0
FNDA:0,Messanger
FNDA:0,(anonymous_1)
FNDA:0,_callee
FNDA:0,_callee$
FNDA:0,(anonymous_4)
FNDA:0,(anonymous_5)
FNDA:0,(anonymous_6)
FNDA:0,(anonymous_7)
FNDA:0,(anonymous_8)
FNDA:0,(anonymous_9)
FNDA:0,_callee2
FNDA:0,_callee2$
FNDA:0,(anonymous_12)
FNDA:0,(anonymous_13)
FNDA:0,(anonymous_14)
FNDA:0,(anonymous_15)
FNDA:0,(anonymous_16)
FNDA:0,(anonymous_17)
DA:3,0
DA:5,0
DA:8,0
DA:10,0
DA:12,0
DA:14,0
DA:16,0
DA:18,0
DA:20,0
DA:22,0
DA:23,0
DA:25,0
DA:26,0
DA:29,0
DA:33,0
DA:34,0
DA:35,0
DA:37,0
DA:38,0
DA:39,0
DA:42,0
DA:43,0
DA:46,0
DA:47,0
DA:48,0
DA:51,0
DA:52,0
DA:56,0
DA:62,0
DA:63,0
DA:66,0
DA:67,0
DA:68,0
DA:69,0
DA:72,0
DA:74,0
DA:75,0
DA:76,0
DA:79,0
DA:82,0
DA:83,0
DA:84,0
DA:85,0
DA:88,0
DA:90,0
DA:91,0
DA:92,0
DA:95,0
DA:98,0
DA:101,0
DA:105,0
DA:106,0
DA:107,0
DA:109,0
DA:110,0
DA:111,0
DA:114,0
DA:115,0
DA:118,0
DA:119,0
DA:122,0
DA:123,0
DA:127,0
DA:133,0
DA:134,0
DA:137,0
DA:138,0
DA:139,0
DA:140,0
DA:144,0
DA:145,0
DA:146,0
DA:149,0
DA:152,0
DA:153,0
DA:154,0
DA:155,0
DA:159,0
DA:160,0
DA:161,0
DA:164,0
DA:167,0
DA:168,0
DA:170,0
DA:171,0
DA:174,0
DA:175,0
DA:176,0
LF:88
LH:0
BRDA:35,0,0,0
BRDA:35,0,1,0
BRDA:35,0,2,0
BRDA:35,0,3,0
BRDA:35,0,4,0
BRDA:37,1,0,0
BRDA:37,1,1,0
BRDA:67,2,0,0
BRDA:67,2,1,0
BRDA:75,3,0,0
BRDA:75,3,1,0
BRDA:83,4,0,0
BRDA:83,4,1,0
BRDA:91,5,0,0
BRDA:91,5,1,0
BRDA:107,6,0,0
BRDA:107,6,1,0
BRDA:107,6,2,0
BRDA:107,6,3,0
BRDA:107,6,4,0
BRDA:109,7,0,0
BRDA:109,7,1,0
BRDA:138,8,0,0
BRDA:138,8,1,0
BRDA:145,9,0,0
BRDA:145,9,1,0
BRDA:153,10,0,0
BRDA:153,10,1,0
BRDA:160,11,0,0
BRDA:160,11,1,0
BRF:30
BRH:0
end_of_record
TN:
SF:/Users/suwei/dev/laksa/packages/laksa-shared/index.js
FNF:0
FNH:0
DA:3,0
LF:1
LH:0
BRDA:3,0,0,0
BRDA:3,0,1,0
BRF:2
BRH:0
end_of_record
TN:
SF:/Users/suwei/dev/laksa/packages/laksa-shared/lib/index.js
FN:7,ConnectionTimeout
FN:11,InvalidNumberOfRPCParams
FN:15,InvalidConnection
FN:19,InvalidProvider
FN:23,InvalidResponse
FNF:5
FNH:0
FNDA:0,ConnectionTimeout
FNDA:0,InvalidNumberOfRPCParams
FNDA:0,InvalidConnection
FNDA:0,InvalidProvider
FNDA:0,InvalidResponse
DA:3,0
DA:7,0
DA:8,0
DA:11,0
DA:12,0
DA:15,0
DA:16,0
DA:19,0
DA:20,0
DA:23,0
DA:24,0
DA:25,0
DA:28,0
DA:29,0
DA:30,0
DA:31,0
DA:32,0
LF:17
LH:0
BRDA:24,0,0,0
BRDA:24,0,1,0
BRDA:24,1,0,0
BRDA:24,1,1,0
BRDA:24,1,2,0
BRF:5
BRH:0
end_of_record
TN:
SF:/Users/suwei/dev/laksa/packages/laksa-shared/node/index.js
FN:7,(anonymous_0)
FN:9,(anonymous_1)
FN:12,ConnectionTimeout
FN:16,InvalidNumberOfRPCParams
FN:20,InvalidConnection
FN:24,InvalidProvider
FN:28,InvalidResponse
FNF:7
FNH:0
FNDA:0,(anonymous_0)
FNDA:0,(anonymous_1)
FNDA:0,ConnectionTimeout
FNDA:0,InvalidNumberOfRPCParams
FNDA:0,InvalidConnection
FNDA:0,InvalidProvider
FNDA:0,InvalidResponse
DA:3,0
DA:5,0
DA:7,0
DA:8,0
DA:12,0
DA:13,0
DA:16,0
DA:17,0
DA:20,0
DA:21,0
DA:24,0
DA:25,0
DA:28,0
DA:29,0
DA:30,0
DA:33,0
DA:34,0
DA:35,0
DA:36,0
DA:37,0
DA:38,0
LF:21
LH:0
BRDA:8,0,0,0
BRDA:8,0,1,0
BRDA:8,1,0,0
BRDA:8,1,1,0
BRDA:8,2,0,0
BRDA:8,2,1,0
BRDA:8,3,0,0
BRDA:8,3,1,0
BRDA:8,4,0,0
BRDA:8,4,1,0
BRDA:29,5,0,0
BRDA:29,5,1,0
BRDA:29,6,0,0
BRDA:29,6,1,0
BRDA:29,6,2,0
BRF:15
BRH:0
end_of_record
TN:
SF:/Users/suwei/dev/laksa/packages/laksa-shared/src/errors.js
FN:8,ConnectionTimeout
FN:14,InvalidNumberOfRPCParams
FN:20,InvalidConnection
FN:26,InvalidProvider
FN:32,InvalidResponse
FNF:5
FNH:5
FNDA:1,ConnectionTimeout
FNDA:1,InvalidNumberOfRPCParams
FNDA:1,InvalidConnection
FNDA:1,InvalidProvider
FNDA:1,InvalidResponse
DA:3,1
DA:6,1
DA:8,1
DA:9,1
DA:12,1
DA:14,1
DA:15,1
DA:18,1
DA:20,1
DA:21,1
DA:24,1
DA:26,1
DA:27,1
DA:30,1
DA:32,1
DA:33,1
DA:34,1
DA:37,1
LF:18
LH:18
BRDA:33,0,0,0
BRDA:33,0,1,1
BRDA:33,1,0,1
BRDA:33,1,1,1
BRDA:33,1,2,1
BRF:5
BRH:4
end_of_record
TN:
SF:/Users/suwei/dev/laksa/packages/laksa-shared/src/index.js
FN:8,get
FN:14,get
FN:20,get
FN:26,get
FN:32,get
FNF:5
FNH:5
FNDA:1,get
FNDA:1,get
FNDA:1,get
FNDA:1,get
FNDA:1,get
DA:3,1
DA:6,1
DA:9,1
DA:12,1
DA:15,1
DA:18,1
DA:21,1
DA:24,1
DA:27,1
DA:30,1
DA:33,1
DA:37,1
LF:12
LH:12
BRF:0
BRH:0
end_of_record
TN:
SF:/Users/suwei/dev/laksa/packages/laksa-utils/index.js
FNF:0
FNH:0
DA:3,0
LF:1
LH:0
BRDA:3,0,0,0
BRDA:3,0,1,0
BRF:2
BRH:0
end_of_record
TN:
SF:/Users/suwei/dev/laksa/packages/laksa-utils/lib/index.js
FN:11,_interopDefault
FN:51,isNumber
FN:65,isString
FN:79,isBoolean
FN:93,isArray
FN:107,isJson
FN:125,isObject
FN:139,isFunction
FN:156,isAddress
FN:181,isPrivateKey
FN:202,isPubkey
FN:223,isUrl
FN:237,isHash
FN:265,validateArgs
FN:293,validateFunctionArgs
FN:314,intToByteArray
FN:335,toHex
FN:338,toUtf8
FN:341,toAscii
FN:344,fromUtf8
FN:347,fromAscii
FN:350,toBN
FN:359,toNumber
FN:372,padLeft
FN:386,padRight
FN:407,toNumber$$1
FN:410,toString
FN:415,Method
FN:420,(anonymous_28)
FN:424,(anonymous_29)
FN:449,(anonymous_30)
FN:460,(anonymous_31)
FN:477,(anonymous_32)
FN:485,(anonymous_33)
FN:491,(anonymous_34)
FN:493,(anonymous_35)
FN:517,(anonymous_36)
FN:548,Property
FN:553,(anonymous_38)
FN:557,(anonymous_39)
FN:560,asyncGetterName
FN:575,(anonymous_41)
FN:577,(anonymous_42)
FNF:43
FNH:0
FNDA:0,_interopDefault
FNDA:0,isNumber
FNDA:0,isString
FNDA:0,isBoolean
FNDA:0,isArray
FNDA:0,isJson
FNDA:0,isObject
FNDA:0,isFunction
FNDA:0,isAddress
FNDA:0,isPrivateKey
FNDA:0,isPubkey
FNDA:0,isUrl
FNDA:0,isHash
FNDA:0,validateArgs
FNDA:0,validateFunctionArgs
FNDA:0,intToByteArray
FNDA:0,toHex
FNDA:0,toUtf8
FNDA:0,toAscii
FNDA:0,fromUtf8
FNDA:0,fromAscii
FNDA:0,toBN
FNDA:0,toNumber
FNDA:0,padLeft
FNDA:0,padRight
FNDA:0,toNumber$$1
FNDA:0,toString
FNDA:0,Method
FNDA:0,(anonymous_28)
FNDA:0,(anonymous_29)
FNDA:0,(anonymous_30)
FNDA:0,(anonymous_31)
FNDA:0,(anonymous_32)
FNDA:0,(anonymous_33)
FNDA:0,(anonymous_34)
FNDA:0,(anonymous_35)
FNDA:0,(anonymous_36)
FNDA:0,Property
FNDA:0,(anonymous_38)
FNDA:0,(anonymous_39)
FNDA:0,asyncGetterName
FNDA:0,(anonymous_41)
FNDA:0,(anonymous_42)
DA:3,0
DA:5,0
DA:7,0
DA:12,0
DA:15,0
DA:17,0
DA:19,0
DA:21,0
DA:23,0
DA:25,0
DA:27,0
DA:29,0
DA:31,0
DA:33,0
DA:35,0
DA:37,0
DA:39,0
DA:41,0
DA:43,0
DA:51,0
DA:52,0
DA:56,0
DA:65,0
DA:66,0
DA:70,0
DA:79,0
DA:80,0
DA:84,0
DA:93,0
DA:94,0
DA:98,0
DA:107,0
DA:108,0
DA:109,0
DA:111,0
DA:116,0
DA:125,0
DA:126,0
DA:130,0
DA:139,0
DA:140,0
DA:144,0
DA:156,0
DA:157,0
DA:159,0
DA:160,0
DA:162,0
DA:172,0
DA:181,0
DA:182,0
DA:184,0
DA:185,0
DA:187,0
DA:193,0
DA:202,0
DA:203,0
DA:205,0
DA:206,0
DA:208,0
DA:214,0
DA:223,0
DA:224,0
DA:228,0
DA:237,0
DA:238,0
DA:240,0
DA:241,0
DA:243,0
DA:249,0
DA:254,0
DA:266,0
DA:267,0
DA:268,0
DA:269,0
DA:271,0
DA:272,0
DA:275,0
DA:278,0
DA:279,0
DA:280,0
DA:281,0
DA:283,0
DA:284,0
DA:290,0
DA:294,0
DA:295,0
DA:296,0
DA:298,0
DA:299,0
DA:300,0
DA:304,0
DA:314,0
DA:315,0
DA:316,0
DA:317,0
DA:320,0
DA:321,0
DA:324,0
DA:325,0
DA:328,0
DA:329,0
DA:332,0
DA:335,0
DA:338,0
DA:341,0
DA:344,0
DA:347,0
DA:350,0
DA:351,0
DA:352,0
DA:354,0
DA:359,0
DA:372,0
DA:373,0
DA:386,0
DA:387,0
DA:390,0
DA:405,0
DA:408,0
DA:411,0
DA:415,0
DA:416,0
DA:418,0
DA:420,0
DA:421,0
DA:424,0
DA:425,0
DA:426,0
DA:427,0
DA:429,0
DA:430,0
DA:431,0
DA:432,0
DA:433,0
DA:435,0
DA:436,0
DA:438,0
DA:443,0
DA:449,0
DA:450,0
DA:451,0
DA:453,0
DA:454,0
DA:457,0
DA:460,0
DA:461,0
DA:463,0
DA:464,0
DA:466,0
DA:467,0
DA:468,0
DA:469,0
DA:470,0
DA:471,0
DA:474,0
DA:477,0
DA:478,0
DA:480,0
DA:481,0
DA:482,0
DA:485,0
DA:486,0
DA:487,0
DA:488,0
DA:491,0
DA:492,0
DA:493,0
DA:494,0
DA:495,0
DA:496,0
DA:498,0
DA:500,0
DA:502,0
DA:503,0
DA:509,0
DA:516,0
DA:517,0
DA:518,0
DA:519,0
DA:520,0
DA:522,0
DA:524,0
DA:525,0
DA:528,0
DA:533,0
DA:534,0
DA:535,0
DA:536,0
DA:537,0
DA:538,0
DA:539,0
DA:540,0
DA:541,0
DA:542,0
DA:543,0
DA:544,0
DA:545,0
DA:548,0
DA:549,0
DA:551,0
DA:553,0
DA:554,0
DA:557,0
DA:558,0
DA:560,0
DA:561,0
DA:564,0
DA:568,0
DA:569,0
DA:570,0
DA:572,0
DA:575,0
DA:576,0
DA:577,0
DA:578,0
DA:579,0
DA:584,0
DA:591,0
DA:592,0
DA:593,0
DA:594,0
DA:595,0
DA:596,0
DA:597,0
DA:600,0
DA:601,0
DA:602,0
DA:603,0
DA:604,0
DA:605,0
DA:606,0
DA:607,0
DA:608,0
DA:609,0
DA:610,0
DA:611,0
DA:612,0
DA:613,0
DA:614,0
DA:615,0
DA:616,0
DA:617,0
DA:618,0
DA:619,0
DA:620,0
DA:621,0
DA:622,0
DA:623,0
DA:624,0
DA:625,0
DA:626,0
DA:627,0
DA:628,0
DA:629,0
DA:630,0
DA:631,0
DA:632,0
DA:633,0
DA:634,0
LF:259
LH:0
BRDA:12,0,0,0
BRDA:12,0,1,0
BRDA:12,1,0,0
BRDA:12,1,1,0
BRDA:12,1,2,0
BRDA:126,2,0,0
BRDA:126,2,1,0
BRDA:126,2,2,0
BRDA:157,3,0,0
BRDA:157,3,1,0
BRDA:160,4,0,0
BRDA:160,4,1,0
BRDA:160,5,0,0
BRDA:160,5,1,0
BRDA:182,6,0,0
BRDA:182,6,1,0
BRDA:185,7,0,0
BRDA:185,7,1,0
BRDA:185,8,0,0
BRDA:185,8,1,0
BRDA:203,9,0,0
BRDA:203,9,1,0
BRDA:206,10,0,0
BRDA:206,10,1,0
BRDA:206,11,0,0
BRDA:206,11,1,0
BRDA:238,12,0,0
BRDA:238,12,1,0
BRDA:241,13,0,0
BRDA:241,13,1,0
BRDA:241,14,0,0
BRDA:241,14,1,0
BRDA:267,15,0,0
BRDA:267,15,1,0
BRDA:269,16,0,0
BRDA:269,16,1,0
BRDA:271,17,0,0
BRDA:271,17,1,0
BRDA:279,18,0,0
BRDA:279,18,1,0
BRDA:281,19,0,0
BRDA:281,19,1,0
BRDA:283,20,0,0
BRDA:283,20,1,0
BRDA:296,21,0,0
BRDA:296,21,1,0
BRDA:299,22,0,0
BRDA:299,22,1,0
BRDA:373,23,0,0
BRDA:373,23,1,0
BRDA:387,24,0,0
BRDA:387,24,1,0
BRDA:430,25,0,0
BRDA:430,25,1,0
BRDA:435,26,0,0
BRDA:435,26,1,0
BRDA:450,27,0,0
BRDA:450,27,1,0
BRDA:451,28,0,0
BRDA:451,28,1,0
BRDA:453,29,0,0
BRDA:453,29,1,0
BRDA:453,30,0,0
BRDA:453,30,1,0
BRDA:461,31,0,0
BRDA:461,31,1,0
BRDA:464,32,0,0
BRDA:464,32,1,0
BRDA:466,33,0,0
BRDA:466,33,1,0
BRDA:466,34,0,0
BRDA:466,34,1,0
BRDA:469,35,0,0
BRDA:469,35,1,0
BRDA:469,36,0,0
BRDA:469,36,1,0
BRDA:480,37,0,0
BRDA:480,37,1,0
BRDA:492,38,0,0
BRDA:492,38,1,0
BRDA:492,39,0,0
BRDA:492,39,1,0
BRDA:502,40,0,0
BRDA:502,40,1,0
BRDA:516,41,0,0
BRDA:516,41,1,0
BRDA:516,42,0,0
BRDA:516,42,1,0
BRDA:524,43,0,0
BRDA:524,43,1,0
BRDA:543,44,0,0
BRDA:543,44,1,0
BRDA:544,45,0,0
BRDA:544,45,1,0
BRDA:545,46,0,0
BRDA:545,46,1,0
BRDA:576,47,0,0
BRDA:576,47,1,0
BRDA:578,48,0,0
BRDA:578,48,1,0
BRF:100
BRH:0
end_of_record
TN:
SF:/Users/suwei/dev/laksa/packages/laksa-utils/node/index.js
FN:9,(anonymous_0)
FN:11,(anonymous_1)
FN:16,_defineProperty
FN:37,isNumber
FN:51,isString
FN:65,isBoolean
FN:79,isArray
FN:93,isJson
FN:111,isObject
FN:125,isFunction
FN:142,isAddress
FN:167,isPrivateKey
FN:188,isPubkey
FN:209,isUrl
FN:223,isHash
FN:251,validateArgs
FN:279,validateFunctionArgs
FN:301,intToByteArray
FN:322,toHex
FN:325,toUtf8
FN:328,toAscii
FN:331,fromUtf8
FN:334,fromAscii
FN:337,toBN
FN:346,toNumber
FN:359,padLeft
FN:373,padRight
FN:394,toNumber
FN:397,toString
FN:402,Method
FN:407,(anonymous_30)
FN:411,(anonymous_31)
FN:436,(anonymous_32)
FN:447,(anonymous_33)
FN:464,(anonymous_34)
FN:472,(anonymous_35)
FN:478,(anonymous_36)
FN:480,(anonymous_37)
FN:504,(anonymous_38)
FN:535,Property
FN:540,(anonymous_40)
FN:544,(anonymous_41)
FN:547,asyncGetterName
FN:562,(anonymous_43)
FN:564,(anonymous_44)
FNF:45
FNH:0
FNDA:0,(anonymous_0)
FNDA:0,(anonymous_1)
FNDA:0,_defineProperty
FNDA:0,isNumber
FNDA:0,isString
FNDA:0,isBoolean
FNDA:0,isArray
FNDA:0,isJson
FNDA:0,isObject
FNDA:0,isFunction
FNDA:0,isAddress
FNDA:0,isPrivateKey
FNDA:0,isPubkey
FNDA:0,isUrl
FNDA:0,isHash
FNDA:0,validateArgs
FNDA:0,validateFunctionArgs
FNDA:0,intToByteArray
FNDA:0,toHex
FNDA:0,toUtf8
FNDA:0,toAscii
FNDA:0,fromUtf8
FNDA:0,fromAscii
FNDA:0,toBN
FNDA:0,toNumber
FNDA:0,padLeft
FNDA:0,padRight
FNDA:0,toNumber
FNDA:0,toString
FNDA:0,Method
FNDA:0,(anonymous_30)
FNDA:0,(anonymous_31)
FNDA:0,(anonymous_32)
FNDA:0,(anonymous_33)
FNDA:0,(anonymous_34)
FNDA:0,(anonymous_35)
FNDA:0,(anonymous_36)
FNDA:0,(anonymous_37)
FNDA:0,(anonymous_38)
FNDA:0,Property
FNDA:0,(anonymous_40)
FNDA:0,(anonymous_41)
FNDA:0,asyncGetterName
FNDA:0,(anonymous_43)
FNDA:0,(anonymous_44)
DA:3,0
DA:5,0
DA:7,0
DA:9,0
DA:10,0
DA:14,0
DA:17,0
DA:18,0
DA:25,0
DA:28,0
DA:37,0
DA:38,0
DA:42,0
DA:51,0
DA:52,0
DA:56,0
DA:65,0
DA:66,0
DA:70,0
DA:79,0
DA:80,0
DA:84,0
DA:93,0
DA:94,0
DA:95,0
DA:97,0
DA:102,0
DA:111,0
DA:112,0
DA:116,0
DA:125,0
DA:126,0
DA:130,0
DA:142,0
DA:143,0
DA:145,0
DA:146,0
DA:148,0
DA:158,0
DA:167,0
DA:168,0
DA:170,0
DA:171,0
DA:173,0
DA:179,0
DA:188,0
DA:189,0
DA:191,0
DA:192,0
DA:194,0
DA:200,0
DA:209,0
DA:210,0
DA:214,0
DA:223,0
DA:224,0
DA:226,0
DA:227,0
DA:229,0
DA:235,0
DA:240,0
DA:252,0
DA:253,0
DA:254,0
DA:255,0
DA:257,0
DA:258,0
DA:261,0
DA:264,0
DA:265,0
DA:266,0
DA:267,0
DA:269,0
DA:270,0
DA:276,0
DA:280,0
DA:281,0
DA:282,0
DA:284,0
DA:285,0
DA:286,0
DA:290,0
DA:301,0
DA:302,0
DA:303,0
DA:304,0
DA:307,0
DA:308,0
DA:311,0
DA:312,0
DA:315,0
DA:316,0
DA:319,0
DA:322,0
DA:325,0
DA:328,0
DA:331,0
DA:334,0
DA:337,0
DA:338,0
DA:339,0
DA:341,0
DA:346,0
DA:359,0
DA:360,0
DA:373,0
DA:374,0
DA:377,0
DA:392,0
DA:395,0
DA:398,0
DA:402,0
DA:403,0
DA:405,0
DA:407,0
DA:408,0
DA:411,0
DA:412,0
DA:413,0
DA:414,0
DA:416,0
DA:417,0
DA:418,0
DA:419,0
DA:420,0
DA:422,0
DA:423,0
DA:425,0
DA:430,0
DA:436,0
DA:437,0
DA:438,0
DA:440,0
DA:441,0
DA:444,0
DA:447,0
DA:448,0
DA:450,0
DA:451,0
DA:453,0
DA:454,0
DA:455,0
DA:456,0
DA:457,0
DA:458,0
DA:461,0
DA:464,0
DA:465,0
DA:467,0
DA:468,0
DA:469,0
DA:472,0
DA:473,0
DA:474,0
DA:475,0
DA:478,0
DA:479,0
DA:480,0
DA:481,0
DA:482,0
DA:483,0
DA:485,0
DA:487,0
DA:489,0
DA:490,0
DA:496,0
DA:503,0
DA:504,0
DA:505,0
DA:506,0
DA:507,0
DA:509,0
DA:511,0
DA:512,0
DA:515,0
DA:520,0
DA:521,0
DA:522,0
DA:523,0
DA:524,0
DA:525,0
DA:526,0
DA:527,0
DA:528,0
DA:529,0
DA:530,0
DA:531,0
DA:532,0
DA:535,0
DA:536,0
DA:538,0
DA:540,0
DA:541,0
DA:544,0
DA:545,0
DA:547,0
DA:548,0
DA:551,0
DA:555,0
DA:556,0
DA:557,0
DA:559,0
DA:562,0
DA:563,0
DA:564,0
DA:565,0
DA:566,0
DA:571,0
DA:578,0
DA:579,0
DA:580,0
DA:581,0
DA:582,0
DA:583,0
DA:584,0
DA:587,0
DA:588,0
DA:589,0
DA:590,0
DA:591,0
DA:592,0
DA:593,0
DA:594,0
DA:595,0
DA:596,0
DA:597,0
DA:598,0
DA:599,0
DA:600,0
DA:601,0
DA:602,0
DA:603,0
DA:604,0
DA:605,0
DA:606,0
DA:607,0
DA:608,0
DA:609,0
DA:610,0
DA:611,0
DA:612,0
DA:613,0
DA:614,0
DA:615,0
DA:616,0
DA:617,0
DA:618,0
DA:619,0
DA:620,0
DA:621,0
DA:622,0
LF:251
LH:0
BRDA:10,0,0,0
BRDA:10,0,1,0
BRDA:10,1,0,0
BRDA:10,1,1,0
BRDA:10,2,0,0
BRDA:10,2,1,0
BRDA:10,3,0,0
BRDA:10,3,1,0
BRDA:10,4,0,0
BRDA:10,4,1,0
BRDA:14,5,0,0
BRDA:14,5,1,0
BRDA:14,6,0,0
BRDA:14,6,1,0
BRDA:17,7,0,0
BRDA:17,7,1,0
BRDA:112,8,0,0
BRDA:112,8,1,0
BRDA:112,8,2,0
BRDA:143,9,0,0
BRDA:143,9,1,0
BRDA:146,10,0,0
BRDA:146,10,1,0
BRDA:146,11,0,0
BRDA:146,11,1,0
BRDA:168,12,0,0
BRDA:168,12,1,0
BRDA:171,13,0,0
BRDA:171,13,1,0
BRDA:171,14,0,0
BRDA:171,14,1,0
BRDA:189,15,0,0
BRDA:189,15,1,0
BRDA:192,16,0,0
BRDA:192,16,1,0
BRDA:192,17,0,0
BRDA:192,17,1,0
BRDA:224,18,0,0
BRDA:224,18,1,0
BRDA:227,19,0,0
BRDA:227,19,1,0
BRDA:227,20,0,0
BRDA:227,20,1,0
BRDA:253,21,0,0
BRDA:253,21,1,0
BRDA:255,22,0,0
BRDA:255,22,1,0
BRDA:257,23,0,0
BRDA:257,23,1,0
BRDA:265,24,0,0
BRDA:265,24,1,0
BRDA:267,25,0,0
BRDA:267,25,1,0
BRDA:269,26,0,0
BRDA:269,26,1,0
BRDA:282,27,0,0
BRDA:282,27,1,0
BRDA:285,28,0,0
BRDA:285,28,1,0
BRDA:360,29,0,0
BRDA:360,29,1,0
BRDA:374,30,0,0
BRDA:374,30,1,0
BRDA:417,31,0,0
BRDA:417,31,1,0
BRDA:422,32,0,0
BRDA:422,32,1,0
BRDA:437,33,0,0
BRDA:437,33,1,0
BRDA:438,34,0,0
BRDA:438,34,1,0
BRDA:440,35,0,0
BRDA:440,35,1,0
BRDA:440,36,0,0
BRDA:440,36,1,0
BRDA:448,37,0,0
BRDA:448,37,1,0
BRDA:451,38,0,0
BRDA:451,38,1,0
BRDA:453,39,0,0
BRDA:453,39,1,0
BRDA:453,40,0,0
BRDA:453,40,1,0
BRDA:456,41,0,0
BRDA:456,41,1,0
BRDA:456,42,0,0
BRDA:456,42,1,0
BRDA:467,43,0,0
BRDA:467,43,1,0
BRDA:479,44,0,0
BRDA:479,44,1,0
BRDA:479,45,0,0
BRDA:479,45,1,0
BRDA:489,46,0,0
BRDA:489,46,1,0
BRDA:503,47,0,0
BRDA:503,47,1,0
BRDA:503,48,0,0
BRDA:503,48,1,0
BRDA:511,49,0,0
BRDA:511,49,1,0
BRDA:530,50,0,0
BRDA:530,50,1,0
BRDA:531,51,0,0
BRDA:531,51,1,0
BRDA:532,52,0,0
BRDA:532,52,1,0
BRDA:563,53,0,0
BRDA:563,53,1,0
BRDA:565,54,0,0
BRDA:565,54,1,0
BRF:111
BRH:0
end_of_record
TN:
SF:/Users/suwei/dev/laksa/packages/laksa-utils/src/index.js
FN:10,get
FN:16,get
FN:22,get
FN:28,get
FN:34,get
FN:40,get
FN:46,get
FN:52,get
FN:58,get
FN:64,get
FN:70,get
FN:76,get
FN:82,get
FN:88,get
FN:94,get
FN:100,get
FN:106,get
FN:112,get
FN:118,get
FN:124,get
FN:130,get
FN:136,get
FN:142,get
FN:148,get
FN:154,get
FN:160,get
FN:166,get
FN:172,get
FN:178,get
FN:184,get
FN:190,get
FN:196,get
FN:202,get
FN:208,get
FN:214,get
FNF:35
FNH:0
FNDA:0,get
FNDA:0,get
FNDA:0,get
FNDA:0,get
FNDA:0,get
FNDA:0,get
FNDA:0,get
FNDA:0,get
FNDA:0,get
FNDA:0,get
FNDA:0,get
FNDA:0,get
FNDA:0,get
FNDA:0,get
FNDA:0,get
FNDA:0,get
FNDA:0,get
FNDA:0,get
FNDA:0,get
FNDA:0,get
FNDA:0,get
FNDA:0,get
FNDA:0,get
FNDA:0,get
FNDA:0,get
FNDA:0,get
FNDA:0,get
FNDA:0,get
FNDA:0,get
FNDA:0,get
FNDA:0,get
FNDA:0,get
FNDA:0,get
FNDA:0,get
FNDA:0,get
DA:3,0
DA:5,0
DA:8,0
DA:11,0
DA:14,0
DA:17,0
DA:20,0
DA:23,0
DA:26,0
DA:29,0
DA:32,0
DA:35,0
DA:38,0
DA:41,0
DA:44,0
DA:47,0
DA:50,0
DA:53,0
DA:56,0
DA:59,0
DA:62,0
DA:65,0
DA:68,0
DA:71,0
DA:74,0
DA:77,0
DA:80,0
DA:83,0
DA:86,0
DA:89,0
DA:92,0
DA:95,0
DA:98,0
DA:101,0
DA:104,0
DA:107,0
DA:110,0
DA:113,0
DA:116,0
DA:119,0
DA:122,0
DA:125,0
DA:128,0
DA:131,0
DA:134,0
DA:137,0
DA:140,0
DA:143,0
DA:146,0
DA:149,0
DA:152,0
DA:155,0
DA:158,0
DA:161,0
DA:164,0
DA:167,0
DA:170,0
DA:173,0
DA:176,0
DA:179,0
DA:182,0
DA:185,0
DA:188,0
DA:191,0
DA:194,0
DA:197,0
DA:200,0
DA:203,0
DA:206,0
DA:209,0
DA:212,0
DA:215,0
DA:219,0
DA:221,0
DA:223,0
DA:225,0
DA:227,0
LF:77
LH:0
BRF:0
BRH:0
end_of_record
TN:
SF:/Users/suwei/dev/laksa/packages/laksa-utils/src/method.js
FN:39,toNumber
FN:42,toString
FN:47,Method
FN:51,(anonymous_3)
FN:54,(anonymous_4)
FN:78,(anonymous_5)
FN:88,(anonymous_6)
FN:104,(anonymous_7)
FN:111,(anonymous_8)
FN:116,(anonymous_9)
FN:118,(anonymous_10)
FN:142,(anonymous_11)
FNF:12
FNH:0
FNDA:0,toNumber
FNDA:0,toString
FNDA:0,Method
FNDA:0,(anonymous_3)
FNDA:0,(anonymous_4)
FNDA:0,(anonymous_5)
FNDA:0,(anonymous_6)
FNDA:0,(anonymous_7)
FNDA:0,(anonymous_8)
FNDA:0,(anonymous_9)
FNDA:0,(anonymous_10)
FNDA:0,(anonymous_11)
DA:3,0
DA:5,0
DA:7,0
DA:10,0
DA:12,0
DA:14,0
DA:16,0
DA:18,0
DA:20,0
DA:22,0
DA:37,0
DA:40,0
DA:43,0
DA:47,0
DA:48,0
DA:50,0
DA:51,0
DA:52,0
DA:54,0
DA:55,0
DA:56,0
DA:57,0
DA:59,0
DA:60,0
DA:61,0
DA:62,0
DA:63,0
DA:65,0
DA:66,0
DA:68,0
DA:73,0
DA:78,0
DA:79,0
DA:80,0
DA:82,0
DA:83,0
DA:86,0
DA:88,0
DA:89,0
DA:91,0
DA:92,0
DA:94,0
DA:95,0
DA:96,0
DA:97,0
DA:98,0
DA:99,0
DA:102,0
DA:104,0
DA:105,0
DA:107,0
DA:108,0
DA:109,0
DA:111,0
DA:112,0
DA:113,0
DA:114,0
DA:116,0
DA:117,0
DA:118,0
DA:119,0
DA:120,0
DA:121,0
DA:123,0
DA:125,0
DA:127,0
DA:128,0
DA:134,0
DA:141,0
DA:142,0
DA:143,0
DA:144,0
DA:145,0
DA:147,0
DA:149,0
DA:150,0
DA:153,0
DA:157,0
DA:158,0
DA:159,0
DA:160,0
DA:161,0
DA:162,0
DA:163,0
DA:164,0
DA:165,0
DA:166,0
DA:167,0
DA:168,0
DA:169,0
DA:172,0
DA:173,0
DA:174,0
LF:93
LH:0
BRDA:60,0,0,0
BRDA:60,0,1,0
BRDA:65,1,0,0
BRDA:65,1,1,0
BRDA:79,2,0,0
BRDA:79,2,1,0
BRDA:80,3,0,0
BRDA:80,3,1,0
BRDA:82,4,0,0
BRDA:82,4,1,0
BRDA:82,5,0,0
BRDA:82,5,1,0
BRDA:89,6,0,0
BRDA:89,6,1,0
BRDA:92,7,0,0
BRDA:92,7,1,0
BRDA:94,8,0,0
BRDA:94,8,1,0
BRDA:94,9,0,0
BRDA:94,9,1,0
BRDA:97,10,0,0
BRDA:97,10,1,0
BRDA:97,11,0,0
BRDA:97,11,1,0
BRDA:107,12,0,0
BRDA:107,12,1,0
BRDA:117,13,0,0
BRDA:117,13,1,0
BRDA:117,14,0,0
BRDA:117,14,1,0
BRDA:127,15,0,0
BRDA:127,15,1,0
BRDA:141,16,0,0
BRDA:141,16,1,0
BRDA:141,17,0,0
BRDA:141,17,1,0
BRDA:149,18,0,0
BRDA:149,18,1,0
BRDA:167,19,0,0
BRDA:167,19,1,0
BRDA:168,20,0,0
BRDA:168,20,1,0
BRDA:169,21,0,0
BRDA:169,21,1,0
BRF:44
BRH:0
end_of_record
TN:
SF:/Users/suwei/dev/laksa/packages/laksa-utils/src/property.js
FN:14,Property
FN:18,(anonymous_1)
FN:21,(anonymous_2)
FN:24,asyncGetterName
FN:38,(anonymous_4)
FN:40,(anonymous_5)
FNF:6
FNH:0
FNDA:0,Property
FNDA:0,(anonymous_1)
FNDA:0,(anonymous_2)
FNDA:0,asyncGetterName
FNDA:0,(anonymous_4)
FNDA:0,(anonymous_5)
DA:3,0
DA:5,0
DA:8,0
DA:10,0
DA:12,0
DA:14,0
DA:15,0
DA:17,0
DA:18,0
DA:19,0
DA:21,0
DA:22,0
DA:24,0
DA:25,0
DA:28,0
DA:32,0
DA:33,0
DA:34,0
DA:36,0
DA:38,0
DA:39,0
DA:40,0
DA:41,0
DA:42,0
DA:47,0
DA:53,0
DA:54,0
DA:55,0
DA:56,0
DA:57,0
DA:58,0
DA:59,0
DA:62,0
DA:63,0
DA:64,0
LF:35
LH:0
BRDA:39,0,0,0
BRDA:39,0,1,0
BRDA:41,1,0,0
BRDA:41,1,1,0
BRF:4
BRH:0
end_of_record
TN:
SF:/Users/suwei/dev/laksa/packages/laksa-utils/src/transformer.js
FN:20,intToByteArray
FN:43,toHex
FN:48,toUtf8
FN:53,toAscii
FN:58,fromUtf8
FN:63,fromAscii
FN:68,toBN
FN:79,toNumber
FN:94,padLeft
FN:110,padRight
FNF:10
FNH:0
FNDA:0,intToByteArray
FNDA:0,toHex
FNDA:0,toUtf8
FNDA:0,toAscii
FNDA:0,fromUtf8
FNDA:0,fromAscii
FNDA:0,toBN
FNDA:0,toNumber
FNDA:0,padLeft
FNDA:0,padRight
DA:3,0
DA:5,0
DA:8,0
DA:10,0
DA:20,0
DA:21,0
DA:22,0
DA:23,0
DA:26,0
DA:27,0
DA:30,0
DA:31,0
DA:34,0
DA:35,0
DA:38,0
DA:41,0
DA:43,0
DA:46,0
DA:48,0
DA:51,0
DA:53,0
DA:56,0
DA:58,0
DA:61,0
DA:63,0
DA:66,0
DA:68,0
DA:69,0
DA:70,0
DA:72,0
DA:77,0
DA:79,0
DA:92,0
DA:94,0
DA:95,0
DA:108,0
DA:110,0
DA:111,0
DA:114,0
LF:39
LH:0
BRDA:95,0,0,0
BRDA:95,0,1,0
BRDA:111,1,0,0
BRDA:111,1,1,0
BRF:4
BRH:0
end_of_record
TN:
SF:/Users/suwei/dev/laksa/packages/laksa-utils/src/validator.js
FN:12,get
FN:29,isNumber
FN:44,isString
FN:59,isBoolean
FN:74,isArray
FN:89,isJson
FN:108,isObject
FN:123,isFunction
FN:141,isAddress
FN:167,isPrivateKey
FN:189,isPubkey
FN:211,isUrl
FN:226,isHash
FN:255,validateArgs
FN:283,validateFunctionArgs
FNF:15
FNH:0
FNDA:0,get
FNDA:0,isNumber
FNDA:0,isString
FNDA:0,isBoolean
FNDA:0,isArray
FNDA:0,isJson
FNDA:0,isObject
FNDA:0,isFunction
FNDA:0,isAddress
FNDA:0,isPrivateKey
FNDA:0,isPubkey
FNDA:0,isUrl
FNDA:0,isHash
FNDA:0,validateArgs
FNDA:0,validateFunctionArgs
DA:3,0
DA:5,0
DA:8,0
DA:9,0
DA:10,0
DA:13,0
DA:16,0
DA:18,0
DA:20,0
DA:22,0
DA:29,0
DA:30,0
DA:34,0
DA:35,0
DA:44,0
DA:45,0
DA:49,0
DA:50,0
DA:59,0
DA:60,0
DA:64,0
DA:65,0
DA:74,0
DA:75,0
DA:79,0
DA:80,0
DA:89,0
DA:90,0
DA:91,0
DA:93,0
DA:98,0
DA:99,0
DA:108,0
DA:109,0
DA:113,0
DA:114,0
DA:123,0
DA:124,0
DA:128,0
DA:129,0
DA:141,0
DA:142,0
DA:144,0
DA:145,0
DA:147,0
DA:157,0
DA:158,0
DA:167,0
DA:168,0
DA:170,0
DA:171,0
DA:173,0
DA:179,0
DA:180,0
DA:189,0
DA:190,0
DA:192,0
DA:193,0
DA:195,0
DA:201,0
DA:202,0
DA:211,0
DA:212,0
DA:216,0
DA:217,0
DA:226,0
DA:227,0
DA:229,0
DA:230,0
DA:232,0
DA:238,0
DA:239,0
DA:244,0
DA:256,0
DA:257,0
DA:258,0
DA:259,0
DA:261,0
DA:262,0
DA:265,0
DA:268,0
DA:269,0
DA:270,0
DA:271,0
DA:273,0
DA:274,0
DA:280,0
DA:284,0
DA:285,0
DA:286,0
DA:288,0
DA:289,0
DA:290,0
DA:294,0
LF:94
LH:0
BRDA:109,0,0,0
BRDA:109,0,1,0
BRDA:109,0,2,0
BRDA:142,1,0,0
BRDA:142,1,1,0
BRDA:145,2,0,0
BRDA:145,2,1,0
BRDA:145,3,0,0
BRDA:145,3,1,0
BRDA:168,4,0,0
BRDA:168,4,1,0
BRDA:171,5,0,0
BRDA:171,5,1,0
BRDA:171,6,0,0
BRDA:171,6,1,0
BRDA:190,7,0,0
BRDA:190,7,1,0
BRDA:193,8,0,0
BRDA:193,8,1,0
BRDA:193,9,0,0
BRDA:193,9,1,0
BRDA:227,10,0,0
BRDA:227,10,1,0
BRDA:230,11,0,0
BRDA:230,11,1,0
BRDA:230,12,0,0
BRDA:230,12,1,0
BRDA:257,13,0,0
BRDA:257,13,1,0
BRDA:259,14,0,0
BRDA:259,14,1,0
BRDA:261,15,0,0
BRDA:261,15,1,0
BRDA:269,16,0,0
BRDA:269,16,1,0
BRDA:271,17,0,0
BRDA:271,17,1,0
BRDA:273,18,0,0
BRDA:273,18,1,0
BRDA:286,19,0,0
BRDA:286,19,1,0
BRDA:289,20,0,0
BRDA:289,20,1,0
BRF:43
BRH:0
end_of_record
TN:
SF:/Users/suwei/dev/laksa/packages/laksa-zil/index.js
FNF:0
FNH:0
DA:3,0
LF:1
LH:0
BRDA:3,0,0,0
BRDA:3,0,1,0
BRF:2
BRH:0
end_of_record
TN:
SF:/Users/suwei/dev/laksa/packages/laksa-zil/lib/index.js
FN:7,_interopDefault
FN:392,mapObjectToMethods
FN:393,(anonymous_2)
FN:401,mapPropertyToObjects
FN:402,(anonymous_4)
FN:412,(anonymous_5)
FN:413,Zil
FN:416,(anonymous_7)
FN:444,get
FN:447,set
FN:453,get
FN:456,set
FNF:12
FNH:0
FNDA:0,_interopDefault
FNDA:0,mapObjectToMethods
FNDA:0,(anonymous_2)
FNDA:0,mapPropertyToObjects
FNDA:0,(anonymous_4)
FNDA:0,(anonymous_5)
FNDA:0,Zil
FNDA:0,(anonymous_7)
FNDA:0,get
FNDA:0,set
FNDA:0,get
FNDA:0,set
DA:3,0
DA:5,0
DA:8,0
DA:11,0
DA:13,0
DA:15,0
DA:17,0
DA:19,0
DA:350,0
DA:392,0
DA:393,0
DA:394,0
DA:395,0
DA:396,0
DA:397,0
DA:401,0
DA:402,0
DA:403,0
DA:404,0
DA:405,0
DA:406,0
DA:412,0
DA:414,0
DA:416,0
DA:417,0
DA:418,0
DA:419,0
DA:420,0
DA:421,0
DA:427,0
DA:430,0
DA:431,0
DA:432,0
DA:433,0
DA:442,0
DA:445,0
DA:448,0
DA:449,0
DA:454,0
DA:457,0
DA:458,0
DA:462,0
DA:465,0
LF:43
LH:0
BRDA:8,0,0,0
BRDA:8,0,1,0
BRDA:8,1,0,0
BRDA:8,1,1,0
BRDA:8,1,2,0
BRDA:417,2,0,0
BRDA:417,2,1,0
BRDA:419,3,0,0
BRDA:419,3,1,0
BRDA:420,4,0,0
BRDA:420,4,1,0
BRF:11
BRH:0
end_of_record
TN:
SF:/Users/suwei/dev/laksa/packages/laksa-zil/node/index.js
FN:11,(anonymous_0)
FN:13,(anonymous_1)
FN:16,_defineProperty
FN:404,mapObjectToMethods
FN:405,(anonymous_4)
FN:413,mapPropertyToObjects
FN:414,(anonymous_6)
FN:424,(anonymous_7)
FN:425,Zil
FN:428,(anonymous_9)
FN:456,get
FN:459,set
FN:465,get
FN:468,set
FNF:14
FNH:0
FNDA:0,(anonymous_0)
FNDA:0,(anonymous_1)
FNDA:0,_defineProperty
FNDA:0,mapObjectToMethods
FNDA:0,(anonymous_4)
FNDA:0,mapPropertyToObjects
FNDA:0,(anonymous_6)
FNDA:0,(anonymous_7)
FNDA:0,Zil
FNDA:0,(anonymous_9)
FNDA:0,get
FNDA:0,set
FNDA:0,get
FNDA:0,set
DA:3,0
DA:5,0
DA:7,0
DA:9,0
DA:11,0
DA:12,0
DA:17,0
DA:18,0
DA:25,0
DA:28,0
DA:31,0
DA:362,0
DA:404,0
DA:405,0
DA:406,0
DA:407,0
DA:408,0
DA:409,0
DA:413,0
DA:414,0
DA:415,0
DA:416,0
DA:417,0
DA:418,0
DA:424,0
DA:426,0
DA:428,0
DA:429,0
DA:430,0
DA:431,0
DA:432,0
DA:433,0
DA:439,0
DA:442,0
DA:443,0
DA:444,0
DA:445,0
DA:454,0
DA:457,0
DA:460,0
DA:461,0
DA:466,0
DA:469,0
DA:470,0
DA:473,0
DA:476,0
LF:46
LH:0
BRDA:12,0,0,0
BRDA:12,0,1,0
BRDA:12,1,0,0
BRDA:12,1,1,0
BRDA:12,2,0,0
BRDA:12,2,1,0
BRDA:12,3,0,0
BRDA:12,3,1,0
BRDA:12,4,0,0
BRDA:12,4,1,0
BRDA:17,5,0,0
BRDA:17,5,1,0
BRDA:429,6,0,0
BRDA:429,6,1,0
BRDA:431,7,0,0
BRDA:431,7,1,0
BRDA:432,8,0,0
BRDA:432,8,1,0
BRF:18
BRH:0
end_of_record
TN:
SF:/Users/suwei/dev/laksa/packages/laksa-zil/src/index.js
FN:22,mapObjectToMethods
FN:23,(anonymous_1)
FN:31,mapPropertyToObjects
FN:32,(anonymous_3)
FN:42,(anonymous_4)
FN:43,Zil
FN:45,(anonymous_6)
FN:72,get
FN:75,set
FN:81,get
FN:84,set
FNF:11
FNH:0
FNDA:0,mapObjectToMethods
FNDA:0,(anonymous_1)
FNDA:0,mapPropertyToObjects
FNDA:0,(anonymous_3)
FNDA:0,(anonymous_4)
FNDA:0,Zil
FNDA:0,(anonymous_6)
FNDA:0,get
FNDA:0,set
FNDA:0,get
FNDA:0,set
DA:3,0
DA:5,0
DA:8,0
DA:10,0
DA:12,0
DA:14,0
DA:16,0
DA:18,0
DA:20,0
DA:22,0
DA:23,0
DA:24,0
DA:25,0
DA:26,0
DA:27,0
DA:31,0
DA:32,0
DA:33,0
DA:34,0
DA:35,0
DA:36,0
DA:42,0
DA:44,0
DA:45,0
DA:46,0
DA:47,0
DA:48,0
DA:49,0
DA:50,0
DA:56,0
DA:58,0
DA:59,0
DA:60,0
DA:61,0
DA:70,0
DA:73,0
DA:76,0
DA:77,0
DA:82,0
DA:85,0
DA:86,0
DA:89,0
DA:92,0
DA:93,0
DA:94,0
LF:45
LH:0
BRDA:46,0,0,0
BRDA:46,0,1,0
BRDA:48,1,0,0
BRDA:48,1,1,0
BRDA:49,2,0,0
BRDA:49,2,1,0
BRF:6
BRH:0
end_of_record
TN:
SF:/Users/suwei/dev/laksa/packages/laksa-zil/src/methodObjects.js
FNF:0
FNH:0
DA:3,0
DA:6,0
DA:7,0
DA:338,0
DA:339,0
LF:5
LH:0
BRF:0
BRH:0
end_of_record
TN:
SF:/Users/suwei/dev/laksa/packages/laksa-zil/src/propertyObjects.js
FNF:0
FNH:0
DA:3,0
DA:6,0
DA:7,0
DA:48,0
DA:49,0
LF:5
LH:0
BRF:0
BRH:0
end_of_record
TN:
SF:/Users/suwei/dev/laksa/packages/laksa/lib/index.js
FNF:0
FNH:0
DA:3,0
DA:5,0
DA:6,0
DA:9,0
LF:4
LH:0
BRDA:5,0,0,0
BRDA:5,0,1,0
BRDA:5,1,0,0
BRDA:5,1,1,0
BRF:4
BRH:0
end_of_record
TN:
SF:/Users/suwei/dev/laksa/packages/laksa/node/index.js
FN:7,(anonymous_0)
FN:9,(anonymous_1)
FNF:2
FNH:0
FNDA:0,(anonymous_0)
FNDA:0,(anonymous_1)
DA:3,0
DA:5,0
DA:7,0
DA:8,0
DA:12,0
DA:13,0
DA:16,0
LF:7
LH:0
BRDA:8,0,0,0
BRDA:8,0,1,0
BRDA:8,1,0,0
BRDA:8,1,1,0
BRDA:8,2,0,0
BRDA:8,2,1,0
BRDA:8,3,0,0
BRDA:8,3,1,0
BRDA:8,4,0,0
BRDA:8,4,1,0
BRDA:12,5,0,0
BRDA:12,5,1,0
BRDA:12,6,0,0
BRDA:12,6,1,0
BRF:14
BRH:0
end_of_record
TN:
SF:/Users/suwei/dev/laksa/packages/laksa/src/index.js
FNF:0
FNH:0
DA:3,0
DA:5,0
DA:8,0
DA:10,0
DA:13,0
DA:14,0
DA:17,0
DA:18,0
DA:19,0
LF:9
LH:0
BRDA:13,0,0,0
BRDA:13,0,1,0
BRDA:13,1,0,0
BRDA:13,1,1,0
BRF:4
BRH:0
end_of_record
